cuda memory allocated: 695437312
n_trainable_params: 173430863, n_nontrainable_params: 0
training arguments:
>>> model_name: ce-qca
>>> dataset: twitter
>>> optimizer: <class 'torch.optim.adam.Adam'>
>>> initializer: <function xavier_uniform_ at 0x7ff8aa1b0af0>
>>> learning_rate: 5e-05
>>> num_epoch: 15
>>> batch_size: 16
>>> log_step: 5
>>> embed_dim: 300
>>> post_dim: 30
>>> pos_dim: 30
>>> deprel_dim: 30
>>> hidden_dim: 768
>>> num_layers: 7
>>> polarities_dim: 3
>>> input_dropout: 0.5
>>> lower: True
>>> directed: False
>>> add_self_loop: True
>>> use_rnn: False
>>> bidirect: True
>>> rnn_hidden: 60
>>> rnn_layers: 1
>>> rnn_dropout: 0.1
>>> max_length: 100
>>> device: cuda:0
>>> seed: 1000
>>> weight_decay: 0.0001
>>> vocab_dir: ./datasets/Tweets_corenlp
>>> pad_id: 0
>>> graph_conv_type: gin
>>> graph_conv_attention_heads: 4
>>> graph_conv_attn_dropout: 0.0
>>> attention_heads: 6
>>> attn_dropout: 0.1
>>> ffn_dropout: 0.5
>>> norm: ln
>>> max_position: 9
>>> scheduler: none
>>> warmup: 2
>>> balance_loss: True
>>> cuda: 0
>>> pretrained_bert_name: bert-base-uncased
>>> adam_epsilon: 1e-08
>>> bert_dim: 768
>>> bert_dropout: 0.5
>>> bert_lr: 2e-05
>>> finetune_weight_decay: 0.01
>>> model_class: <class 'models.ce_qca.CEQCA'>
>>> dataset_file: {'train': './datasets/Tweets_corenlp/train.json', 'test': './datasets/Tweets_corenlp/test.json'}
>>> inputs_cols: ['text_bert_indices', 'bert_segments_ids', 'attention_mask', 'asp_start', 'asp_end', 'adj_matrix', 'src_mask', 'aspect_mask']
>>> deprel_size: 42
layered learning rate on
>>>>>>>>>>>>>>>>>>>>>>>>>>>>>>>>>>>>>>>>>>>>>>>>>>>>>>>>>>>>
epoch: 0
>> saved: ./state_dict/ce-qca_twitter_acc_0.3826_f1_0.3013
loss: 2.0630, acc: 0.2500, test_acc: 0.3826, f1: 0.3013, test_loss: 1.3819
loss: 1.9713, acc: 0.2188, test_acc: 0.3781, f1: 0.2927, test_loss: 1.6790
loss: 2.0082, acc: 0.2292, test_acc: 0.3471, f1: 0.2641, test_loss: 1.7781
>> saved: ./state_dict/ce-qca_twitter_acc_0.4136_f1_0.3370
loss: 1.2405, acc: 0.2656, test_acc: 0.4136, f1: 0.3370, test_loss: 1.3404
>> saved: ./state_dict/ce-qca_twitter_acc_0.4372_f1_0.4034
loss: 1.3323, acc: 0.2750, test_acc: 0.4372, f1: 0.4034, test_loss: 1.1985
loss: 1.3609, acc: 0.3021, test_acc: 0.4313, f1: 0.4019, test_loss: 1.1834
loss: 1.4137, acc: 0.2946, test_acc: 0.4151, f1: 0.3867, test_loss: 1.1984
loss: 1.3682, acc: 0.3125, test_acc: 0.4047, f1: 0.3436, test_loss: 1.2903
>> saved: ./state_dict/ce-qca_twitter_acc_0.4682_f1_0.4257
loss: 1.3656, acc: 0.3194, test_acc: 0.4682, f1: 0.4257, test_loss: 1.1656
>> saved: ./state_dict/ce-qca_twitter_acc_0.5022_f1_0.3851
loss: 0.8504, acc: 0.3375, test_acc: 0.5022, f1: 0.3851, test_loss: 1.2344
>> saved: ./state_dict/ce-qca_twitter_acc_0.5037_f1_0.3833
loss: 1.4962, acc: 0.3466, test_acc: 0.5037, f1: 0.3833, test_loss: 1.2360
>> saved: ./state_dict/ce-qca_twitter_acc_0.5155_f1_0.4542
loss: 0.9372, acc: 0.3594, test_acc: 0.5155, f1: 0.4542, test_loss: 1.1173
loss: 0.9911, acc: 0.3702, test_acc: 0.4594, f1: 0.4147, test_loss: 1.1344
loss: 1.0846, acc: 0.3750, test_acc: 0.4845, f1: 0.4428, test_loss: 1.1091
>> saved: ./state_dict/ce-qca_twitter_acc_0.5303_f1_0.4811
loss: 0.7896, acc: 0.3875, test_acc: 0.5303, f1: 0.4811, test_loss: 1.0905
>> saved: ./state_dict/ce-qca_twitter_acc_0.5569_f1_0.4803
loss: 0.9188, acc: 0.3906, test_acc: 0.5569, f1: 0.4803, test_loss: 1.1160
loss: 1.1194, acc: 0.3897, test_acc: 0.5569, f1: 0.4979, test_loss: 1.0931
loss: 1.2145, acc: 0.3993, test_acc: 0.4993, f1: 0.4817, test_loss: 1.0308
loss: 1.1173, acc: 0.3980, test_acc: 0.4225, f1: 0.3971, test_loss: 1.1005
loss: 0.9973, acc: 0.3969, test_acc: 0.3663, f1: 0.3098, test_loss: 1.2470
loss: 0.9556, acc: 0.3988, test_acc: 0.4594, f1: 0.4110, test_loss: 1.0998
>> saved: ./state_dict/ce-qca_twitter_acc_0.5628_f1_0.5089
loss: 1.1174, acc: 0.4062, test_acc: 0.5628, f1: 0.5089, test_loss: 1.0293
loss: 0.7937, acc: 0.4185, test_acc: 0.5524, f1: 0.4361, test_loss: 1.0978
>> saved: ./state_dict/ce-qca_twitter_acc_0.5716_f1_0.4923
loss: 1.4572, acc: 0.4141, test_acc: 0.5716, f1: 0.4923, test_loss: 1.0263
loss: 1.1925, acc: 0.4075, test_acc: 0.5303, f1: 0.5053, test_loss: 0.9823
loss: 1.3217, acc: 0.4062, test_acc: 0.4727, f1: 0.4381, test_loss: 1.0296
loss: 0.8417, acc: 0.4097, test_acc: 0.5613, f1: 0.5291, test_loss: 0.9588
>> saved: ./state_dict/ce-qca_twitter_acc_0.5908_f1_0.5548
loss: 0.9144, acc: 0.4174, test_acc: 0.5908, f1: 0.5548, test_loss: 0.9528
loss: 0.8351, acc: 0.4224, test_acc: 0.5864, f1: 0.5562, test_loss: 0.9390
loss: 1.1323, acc: 0.4188, test_acc: 0.5702, f1: 0.5503, test_loss: 0.9471
loss: 0.9963, acc: 0.4234, test_acc: 0.5613, f1: 0.5553, test_loss: 0.9338
loss: 0.6532, acc: 0.4336, test_acc: 0.5185, f1: 0.4945, test_loss: 0.9710
>> saved: ./state_dict/ce-qca_twitter_acc_0.6086_f1_0.5471
loss: 0.5161, acc: 0.4470, test_acc: 0.6086, f1: 0.5471, test_loss: 0.9956
loss: 0.8410, acc: 0.4559, test_acc: 0.6056, f1: 0.5467, test_loss: 0.9782
>> saved: ./state_dict/ce-qca_twitter_acc_0.6322_f1_0.6027
loss: 0.8723, acc: 0.4607, test_acc: 0.6322, f1: 0.6027, test_loss: 0.9309
loss: 1.0846, acc: 0.4635, test_acc: 0.6263, f1: 0.6092, test_loss: 0.8982
loss: 0.9642, acc: 0.4645, test_acc: 0.6307, f1: 0.6143, test_loss: 0.8591
>> saved: ./state_dict/ce-qca_twitter_acc_0.6337_f1_0.5984
loss: 1.0374, acc: 0.4638, test_acc: 0.6337, f1: 0.5984, test_loss: 0.8618
loss: 0.6921, acc: 0.4728, test_acc: 0.6292, f1: 0.5707, test_loss: 0.8911
loss: 0.7465, acc: 0.4781, test_acc: 0.5997, f1: 0.5664, test_loss: 0.9039
loss: 0.8208, acc: 0.4802, test_acc: 0.4549, f1: 0.4523, test_loss: 1.0401
>> saved: ./state_dict/ce-qca_twitter_acc_0.6662_f1_0.6680
loss: 0.7995, acc: 0.4836, test_acc: 0.6662, f1: 0.6680, test_loss: 0.7391
>> saved: ./state_dict/ce-qca_twitter_acc_0.6809_f1_0.6625
loss: 0.9460, acc: 0.4855, test_acc: 0.6809, f1: 0.6625, test_loss: 0.7565
>> saved: ./state_dict/ce-qca_twitter_acc_0.6883_f1_0.6743
loss: 1.0707, acc: 0.4858, test_acc: 0.6883, f1: 0.6743, test_loss: 0.7344
loss: 0.8411, acc: 0.4833, test_acc: 0.6869, f1: 0.6771, test_loss: 0.7238
loss: 0.8332, acc: 0.4823, test_acc: 0.6854, f1: 0.6743, test_loss: 0.7318
loss: 0.5263, acc: 0.4880, test_acc: 0.6854, f1: 0.6523, test_loss: 0.7765
loss: 0.9769, acc: 0.4883, test_acc: 0.6854, f1: 0.6636, test_loss: 0.7735
loss: 0.7793, acc: 0.4898, test_acc: 0.6219, f1: 0.6231, test_loss: 0.7805
loss: 0.8936, acc: 0.4913, test_acc: 0.6573, f1: 0.6598, test_loss: 0.6990
>> saved: ./state_dict/ce-qca_twitter_acc_0.6898_f1_0.6762
loss: 0.6600, acc: 0.4951, test_acc: 0.6898, f1: 0.6762, test_loss: 0.7142
loss: 1.0390, acc: 0.4952, test_acc: 0.6750, f1: 0.6609, test_loss: 0.7596
loss: 0.7087, acc: 0.4988, test_acc: 0.6071, f1: 0.6099, test_loss: 0.7393
loss: 0.7738, acc: 0.4977, test_acc: 0.5716, f1: 0.5734, test_loss: 0.7698
loss: 0.7688, acc: 0.5000, test_acc: 0.6691, f1: 0.6637, test_loss: 0.7295
loss: 0.8456, acc: 0.4989, test_acc: 0.6780, f1: 0.6741, test_loss: 0.6854
loss: 1.0530, acc: 0.5000, test_acc: 0.6588, f1: 0.6568, test_loss: 0.7228
loss: 1.0294, acc: 0.5000, test_acc: 0.6337, f1: 0.6326, test_loss: 0.8055
loss: 0.8939, acc: 0.5021, test_acc: 0.6883, f1: 0.6839, test_loss: 0.6837
loss: 0.8817, acc: 0.5021, test_acc: 0.6721, f1: 0.6616, test_loss: 0.7159
>> saved: ./state_dict/ce-qca_twitter_acc_0.6987_f1_0.6882
loss: 1.1661, acc: 0.5041, test_acc: 0.6987, f1: 0.6882, test_loss: 0.6811
loss: 0.8614, acc: 0.5040, test_acc: 0.6632, f1: 0.6629, test_loss: 0.7196
loss: 0.9409, acc: 0.5030, test_acc: 0.6086, f1: 0.6099, test_loss: 0.7186
loss: 0.7338, acc: 0.5059, test_acc: 0.6913, f1: 0.6890, test_loss: 0.6706
loss: 0.8299, acc: 0.5087, test_acc: 0.6869, f1: 0.6487, test_loss: 0.7793
>> saved: ./state_dict/ce-qca_twitter_acc_0.7194_f1_0.7035
loss: 0.6483, acc: 0.5123, test_acc: 0.7194, f1: 0.7035, test_loss: 0.6817
loss: 0.6142, acc: 0.5168, test_acc: 0.6662, f1: 0.6658, test_loss: 0.6868
loss: 0.9845, acc: 0.5165, test_acc: 0.6750, f1: 0.6718, test_loss: 0.7357
loss: 0.7449, acc: 0.5181, test_acc: 0.7061, f1: 0.7015, test_loss: 0.6612
loss: 0.5096, acc: 0.5214, test_acc: 0.7061, f1: 0.7023, test_loss: 0.6593
loss: 0.7194, acc: 0.5238, test_acc: 0.7105, f1: 0.7044, test_loss: 0.6569
loss: 0.7609, acc: 0.5243, test_acc: 0.6839, f1: 0.6831, test_loss: 0.6844
loss: 0.9796, acc: 0.5231, test_acc: 0.6928, f1: 0.6905, test_loss: 0.6729
loss: 0.9267, acc: 0.5236, test_acc: 0.7149, f1: 0.7027, test_loss: 0.6661
loss: 0.8371, acc: 0.5275, test_acc: 0.7149, f1: 0.6984, test_loss: 0.6810
Epoch 0 average loss: 1.0406
>>>>>>>>>>>>>>>>>>>>>>>>>>>>>>>>>>>>>>>>>>>>>>>>>>>>>>>>>>>>
epoch: 1
loss: 0.9906, acc: 0.4375, test_acc: 0.7194, f1: 0.7086, test_loss: 0.6856
loss: 0.6464, acc: 0.5312, test_acc: 0.6263, f1: 0.6281, test_loss: 0.7391
loss: 0.8743, acc: 0.5625, test_acc: 0.6337, f1: 0.6369, test_loss: 0.6922
loss: 0.7833, acc: 0.5625, test_acc: 0.6957, f1: 0.6909, test_loss: 0.6827
>> saved: ./state_dict/ce-qca_twitter_acc_0.7253_f1_0.7184
loss: 0.7180, acc: 0.5625, test_acc: 0.7253, f1: 0.7184, test_loss: 0.6537
loss: 0.7557, acc: 0.5729, test_acc: 0.6677, f1: 0.6731, test_loss: 0.6689
loss: 0.8389, acc: 0.5893, test_acc: 0.6809, f1: 0.6822, test_loss: 0.6705
>> saved: ./state_dict/ce-qca_twitter_acc_0.7267_f1_0.7151
loss: 0.7200, acc: 0.6016, test_acc: 0.7267, f1: 0.7151, test_loss: 0.6853
>> saved: ./state_dict/ce-qca_twitter_acc_0.7297_f1_0.7177
loss: 0.6003, acc: 0.6181, test_acc: 0.7297, f1: 0.7177, test_loss: 0.6854
loss: 0.5422, acc: 0.6312, test_acc: 0.7016, f1: 0.6982, test_loss: 0.6822
loss: 1.0046, acc: 0.6250, test_acc: 0.7134, f1: 0.7041, test_loss: 0.7325
loss: 0.8506, acc: 0.6354, test_acc: 0.7208, f1: 0.7024, test_loss: 0.7799
loss: 0.7750, acc: 0.6298, test_acc: 0.7253, f1: 0.7037, test_loss: 0.7265
loss: 0.9304, acc: 0.6384, test_acc: 0.7120, f1: 0.7018, test_loss: 0.6685
loss: 0.4493, acc: 0.6500, test_acc: 0.7075, f1: 0.7092, test_loss: 0.6310
loss: 0.6423, acc: 0.6445, test_acc: 0.6957, f1: 0.6951, test_loss: 0.6450
>> saved: ./state_dict/ce-qca_twitter_acc_0.7386_f1_0.7339
loss: 0.6928, acc: 0.6471, test_acc: 0.7386, f1: 0.7339, test_loss: 0.6243
loss: 0.7661, acc: 0.6458, test_acc: 0.7090, f1: 0.7063, test_loss: 0.6311
loss: 0.7334, acc: 0.6447, test_acc: 0.7238, f1: 0.7189, test_loss: 0.6332
loss: 0.5063, acc: 0.6531, test_acc: 0.7282, f1: 0.7168, test_loss: 0.6964
loss: 1.2213, acc: 0.6399, test_acc: 0.7075, f1: 0.6992, test_loss: 0.7207
loss: 0.6879, acc: 0.6335, test_acc: 0.7090, f1: 0.7125, test_loss: 0.6357
loss: 0.3681, acc: 0.6386, test_acc: 0.7016, f1: 0.7005, test_loss: 0.6577
>> saved: ./state_dict/ce-qca_twitter_acc_0.7474_f1_0.7379
loss: 1.0151, acc: 0.6276, test_acc: 0.7474, f1: 0.7379, test_loss: 0.6382
loss: 0.6443, acc: 0.6300, test_acc: 0.7282, f1: 0.7084, test_loss: 0.7205
loss: 0.6980, acc: 0.6298, test_acc: 0.6987, f1: 0.6847, test_loss: 0.7552
loss: 0.5635, acc: 0.6343, test_acc: 0.6736, f1: 0.6730, test_loss: 0.7041
loss: 0.5981, acc: 0.6339, test_acc: 0.6987, f1: 0.7001, test_loss: 0.6437
loss: 1.1595, acc: 0.6293, test_acc: 0.7297, f1: 0.7259, test_loss: 0.6283
>> saved: ./state_dict/ce-qca_twitter_acc_0.7489_f1_0.7399
loss: 0.7566, acc: 0.6292, test_acc: 0.7489, f1: 0.7399, test_loss: 0.6420
>> saved: ./state_dict/ce-qca_twitter_acc_0.7504_f1_0.7421
loss: 0.6402, acc: 0.6331, test_acc: 0.7504, f1: 0.7421, test_loss: 0.6418
loss: 0.7640, acc: 0.6328, test_acc: 0.7208, f1: 0.7179, test_loss: 0.6290
loss: 0.4637, acc: 0.6383, test_acc: 0.7386, f1: 0.7367, test_loss: 0.6120
loss: 0.3376, acc: 0.6452, test_acc: 0.7297, f1: 0.7265, test_loss: 0.6226
loss: 0.6106, acc: 0.6464, test_acc: 0.7400, f1: 0.7286, test_loss: 0.6755
loss: 0.7021, acc: 0.6458, test_acc: 0.7326, f1: 0.7193, test_loss: 0.7117
loss: 0.5818, acc: 0.6486, test_acc: 0.7075, f1: 0.7050, test_loss: 0.6687
loss: 0.6088, acc: 0.6464, test_acc: 0.6617, f1: 0.6656, test_loss: 0.6875
loss: 0.3894, acc: 0.6490, test_acc: 0.6677, f1: 0.6698, test_loss: 0.6786
loss: 0.9401, acc: 0.6453, test_acc: 0.7312, f1: 0.7190, test_loss: 0.6757
loss: 0.6367, acc: 0.6433, test_acc: 0.7400, f1: 0.7179, test_loss: 0.7182
loss: 1.0116, acc: 0.6443, test_acc: 0.7400, f1: 0.7327, test_loss: 0.6564
loss: 0.7321, acc: 0.6439, test_acc: 0.6942, f1: 0.6961, test_loss: 0.6580
loss: 0.8443, acc: 0.6435, test_acc: 0.6706, f1: 0.6749, test_loss: 0.6803
loss: 0.5192, acc: 0.6444, test_acc: 0.6957, f1: 0.6985, test_loss: 0.6550
loss: 0.6650, acc: 0.6467, test_acc: 0.7297, f1: 0.7195, test_loss: 0.6504
loss: 0.5207, acc: 0.6516, test_acc: 0.7371, f1: 0.7153, test_loss: 0.7040
>> saved: ./state_dict/ce-qca_twitter_acc_0.7518_f1_0.7389
loss: 0.6886, acc: 0.6523, test_acc: 0.7518, f1: 0.7389, test_loss: 0.6561
loss: 0.7015, acc: 0.6518, test_acc: 0.6957, f1: 0.6948, test_loss: 0.6652
loss: 1.1025, acc: 0.6475, test_acc: 0.6824, f1: 0.6876, test_loss: 0.6524
loss: 0.3860, acc: 0.6495, test_acc: 0.7445, f1: 0.7439, test_loss: 0.6236
loss: 0.7272, acc: 0.6466, test_acc: 0.7326, f1: 0.7341, test_loss: 0.6238
loss: 0.8418, acc: 0.6486, test_acc: 0.7297, f1: 0.7305, test_loss: 0.6252
loss: 0.4128, acc: 0.6539, test_acc: 0.7297, f1: 0.7291, test_loss: 0.6240
loss: 0.8406, acc: 0.6557, test_acc: 0.7075, f1: 0.7068, test_loss: 0.6487
loss: 0.6527, acc: 0.6540, test_acc: 0.7105, f1: 0.7106, test_loss: 0.6423
loss: 0.8128, acc: 0.6557, test_acc: 0.7297, f1: 0.7271, test_loss: 0.6246
loss: 1.0819, acc: 0.6541, test_acc: 0.7179, f1: 0.7176, test_loss: 0.6490
loss: 0.5268, acc: 0.6547, test_acc: 0.7046, f1: 0.7023, test_loss: 0.6759
loss: 0.8495, acc: 0.6552, test_acc: 0.7474, f1: 0.7361, test_loss: 0.6361
loss: 0.6919, acc: 0.6578, test_acc: 0.7297, f1: 0.7285, test_loss: 0.6256
loss: 0.4902, acc: 0.6583, test_acc: 0.7134, f1: 0.7169, test_loss: 0.6223
loss: 0.3800, acc: 0.6587, test_acc: 0.7504, f1: 0.7443, test_loss: 0.6171
>> saved: ./state_dict/ce-qca_twitter_acc_0.7592_f1_0.7415
loss: 0.4585, acc: 0.6621, test_acc: 0.7592, f1: 0.7415, test_loss: 0.6548
>> saved: ./state_dict/ce-qca_twitter_acc_0.7637_f1_0.7548
loss: 1.1802, acc: 0.6615, test_acc: 0.7637, f1: 0.7548, test_loss: 0.6129
loss: 0.5287, acc: 0.6619, test_acc: 0.7356, f1: 0.7360, test_loss: 0.6129
loss: 0.7178, acc: 0.6604, test_acc: 0.7282, f1: 0.7283, test_loss: 0.6168
loss: 1.0412, acc: 0.6599, test_acc: 0.6942, f1: 0.6914, test_loss: 0.6844
loss: 0.6093, acc: 0.6603, test_acc: 0.7518, f1: 0.7348, test_loss: 0.6581
loss: 0.4169, acc: 0.6625, test_acc: 0.7518, f1: 0.7386, test_loss: 0.6664
loss: 1.2235, acc: 0.6611, test_acc: 0.7607, f1: 0.7508, test_loss: 0.6354
loss: 0.4960, acc: 0.6641, test_acc: 0.7607, f1: 0.7526, test_loss: 0.6271
loss: 0.5121, acc: 0.6661, test_acc: 0.7326, f1: 0.7301, test_loss: 0.6373
loss: 0.5762, acc: 0.6664, test_acc: 0.6839, f1: 0.6858, test_loss: 0.6629
loss: 0.7669, acc: 0.6667, test_acc: 0.7061, f1: 0.7058, test_loss: 0.6497
loss: 0.4046, acc: 0.6678, test_acc: 0.7356, f1: 0.7286, test_loss: 0.6459
Epoch 1 average loss: 0.6593
>>>>>>>>>>>>>>>>>>>>>>>>>>>>>>>>>>>>>>>>>>>>>>>>>>>>>>>>>>>>
epoch: 2
loss: 0.3922, acc: 0.8125, test_acc: 0.7415, f1: 0.7293, test_loss: 0.6675
loss: 0.3675, acc: 0.8125, test_acc: 0.7504, f1: 0.7391, test_loss: 0.6637
loss: 0.3283, acc: 0.8333, test_acc: 0.7563, f1: 0.7487, test_loss: 0.6370
loss: 0.2901, acc: 0.8438, test_acc: 0.7504, f1: 0.7453, test_loss: 0.6486
loss: 0.5949, acc: 0.8250, test_acc: 0.7090, f1: 0.7097, test_loss: 0.6759
loss: 0.4272, acc: 0.8333, test_acc: 0.7001, f1: 0.6964, test_loss: 0.7500
loss: 0.4889, acc: 0.8214, test_acc: 0.7474, f1: 0.7412, test_loss: 0.6663
loss: 0.8057, acc: 0.8047, test_acc: 0.7223, f1: 0.7255, test_loss: 0.6478
loss: 0.7839, acc: 0.7917, test_acc: 0.6898, f1: 0.6994, test_loss: 0.7012
loss: 0.2671, acc: 0.8000, test_acc: 0.7386, f1: 0.7376, test_loss: 0.6178
loss: 0.4541, acc: 0.8011, test_acc: 0.7459, f1: 0.7404, test_loss: 0.6221
loss: 0.5528, acc: 0.8021, test_acc: 0.7563, f1: 0.7469, test_loss: 0.6591
loss: 0.5352, acc: 0.8029, test_acc: 0.7578, f1: 0.7489, test_loss: 0.6421
loss: 0.5513, acc: 0.7991, test_acc: 0.7371, f1: 0.7349, test_loss: 0.6358
loss: 0.1533, acc: 0.8083, test_acc: 0.7371, f1: 0.7339, test_loss: 0.6450
loss: 0.3187, acc: 0.8086, test_acc: 0.7326, f1: 0.7270, test_loss: 0.7241
loss: 0.4658, acc: 0.8125, test_acc: 0.7341, f1: 0.7294, test_loss: 0.7206
loss: 0.3497, acc: 0.8125, test_acc: 0.7356, f1: 0.7334, test_loss: 0.6431
loss: 0.6197, acc: 0.8125, test_acc: 0.7430, f1: 0.7390, test_loss: 0.6363
loss: 0.5923, acc: 0.8094, test_acc: 0.7518, f1: 0.7408, test_loss: 0.6570
loss: 0.3505, acc: 0.8095, test_acc: 0.7489, f1: 0.7415, test_loss: 0.6661
loss: 0.5596, acc: 0.8097, test_acc: 0.7134, f1: 0.7079, test_loss: 0.7186
loss: 0.3609, acc: 0.8125, test_acc: 0.7533, f1: 0.7493, test_loss: 0.6371
loss: 0.4276, acc: 0.8099, test_acc: 0.7578, f1: 0.7543, test_loss: 0.6430
loss: 0.3758, acc: 0.8100, test_acc: 0.7474, f1: 0.7412, test_loss: 0.6649
loss: 0.7365, acc: 0.8053, test_acc: 0.7518, f1: 0.7476, test_loss: 0.6708
loss: 0.2541, acc: 0.8079, test_acc: 0.7578, f1: 0.7464, test_loss: 0.6728
loss: 0.4318, acc: 0.8058, test_acc: 0.7518, f1: 0.7373, test_loss: 0.6868
loss: 0.2976, acc: 0.8103, test_acc: 0.7504, f1: 0.7465, test_loss: 0.6418
loss: 0.5637, acc: 0.8063, test_acc: 0.7134, f1: 0.7143, test_loss: 0.6851
loss: 0.4389, acc: 0.8024, test_acc: 0.7371, f1: 0.7338, test_loss: 0.6889
loss: 0.4988, acc: 0.8008, test_acc: 0.7563, f1: 0.7466, test_loss: 0.6768
loss: 0.6013, acc: 0.8030, test_acc: 0.7504, f1: 0.7437, test_loss: 0.6506
loss: 0.3881, acc: 0.8051, test_acc: 0.7238, f1: 0.7250, test_loss: 0.6615
loss: 0.4196, acc: 0.8036, test_acc: 0.7267, f1: 0.7271, test_loss: 0.6546
loss: 0.2760, acc: 0.8073, test_acc: 0.7326, f1: 0.7289, test_loss: 0.6779
loss: 1.0258, acc: 0.7990, test_acc: 0.7105, f1: 0.7057, test_loss: 0.7437
loss: 0.3396, acc: 0.7993, test_acc: 0.7459, f1: 0.7395, test_loss: 0.6459
loss: 0.3361, acc: 0.8013, test_acc: 0.7208, f1: 0.7220, test_loss: 0.6464
loss: 1.2943, acc: 0.7953, test_acc: 0.7001, f1: 0.7065, test_loss: 0.6794
loss: 0.4849, acc: 0.7912, test_acc: 0.7061, f1: 0.7082, test_loss: 0.6770
loss: 0.4789, acc: 0.7902, test_acc: 0.7548, f1: 0.7445, test_loss: 0.6796
loss: 0.4269, acc: 0.7922, test_acc: 0.7400, f1: 0.7244, test_loss: 0.7125
loss: 0.4650, acc: 0.7912, test_acc: 0.7459, f1: 0.7439, test_loss: 0.6457
loss: 0.4577, acc: 0.7931, test_acc: 0.7371, f1: 0.7374, test_loss: 0.6605
loss: 0.2041, acc: 0.7962, test_acc: 0.7430, f1: 0.7394, test_loss: 0.6691
loss: 0.7357, acc: 0.7926, test_acc: 0.7238, f1: 0.7244, test_loss: 0.6985
loss: 0.5660, acc: 0.7904, test_acc: 0.7179, f1: 0.7206, test_loss: 0.6896
loss: 0.2507, acc: 0.7921, test_acc: 0.7415, f1: 0.7380, test_loss: 0.6871
loss: 1.0218, acc: 0.7887, test_acc: 0.7238, f1: 0.7144, test_loss: 0.7563
loss: 0.6420, acc: 0.7880, test_acc: 0.7001, f1: 0.6947, test_loss: 0.7910
loss: 0.2357, acc: 0.7885, test_acc: 0.7238, f1: 0.7142, test_loss: 0.7491
loss: 0.3992, acc: 0.7901, test_acc: 0.7548, f1: 0.7435, test_loss: 0.6990
loss: 0.3636, acc: 0.7905, test_acc: 0.7504, f1: 0.7416, test_loss: 0.6865
loss: 0.2858, acc: 0.7920, test_acc: 0.7504, f1: 0.7469, test_loss: 0.6736
loss: 0.6980, acc: 0.7857, test_acc: 0.7179, f1: 0.7191, test_loss: 0.6896
loss: 0.4907, acc: 0.7851, test_acc: 0.7326, f1: 0.7314, test_loss: 0.6845
>> saved: ./state_dict/ce-qca_twitter_acc_0.7666_f1_0.7514
loss: 0.6937, acc: 0.7856, test_acc: 0.7666, f1: 0.7514, test_loss: 0.7215
loss: 0.5459, acc: 0.7850, test_acc: 0.7666, f1: 0.7501, test_loss: 0.7317
loss: 0.6501, acc: 0.7854, test_acc: 0.7548, f1: 0.7453, test_loss: 0.7116
loss: 0.5138, acc: 0.7848, test_acc: 0.7194, f1: 0.7191, test_loss: 0.7226
loss: 0.6130, acc: 0.7823, test_acc: 0.7149, f1: 0.7160, test_loss: 0.7375
loss: 0.6345, acc: 0.7817, test_acc: 0.7267, f1: 0.7222, test_loss: 0.7486
loss: 0.6715, acc: 0.7822, test_acc: 0.7563, f1: 0.7444, test_loss: 0.7464
loss: 0.5035, acc: 0.7827, test_acc: 0.7149, f1: 0.7162, test_loss: 0.7097
loss: 0.4770, acc: 0.7812, test_acc: 0.6972, f1: 0.6998, test_loss: 0.7172
loss: 0.4116, acc: 0.7826, test_acc: 0.7238, f1: 0.7201, test_loss: 0.7009
loss: 0.4915, acc: 0.7831, test_acc: 0.7046, f1: 0.7030, test_loss: 0.7128
loss: 0.3348, acc: 0.7835, test_acc: 0.7179, f1: 0.7162, test_loss: 0.7167
loss: 0.4563, acc: 0.7848, test_acc: 0.6987, f1: 0.6983, test_loss: 0.7216
loss: 0.5736, acc: 0.7843, test_acc: 0.6942, f1: 0.6944, test_loss: 0.7355
loss: 0.5939, acc: 0.7839, test_acc: 0.6869, f1: 0.6872, test_loss: 0.7518
loss: 0.8190, acc: 0.7817, test_acc: 0.7312, f1: 0.7268, test_loss: 0.7068
loss: 0.3157, acc: 0.7821, test_acc: 0.7386, f1: 0.7354, test_loss: 0.6948
loss: 0.4531, acc: 0.7825, test_acc: 0.7445, f1: 0.7425, test_loss: 0.6936
loss: 0.9270, acc: 0.7821, test_acc: 0.7459, f1: 0.7369, test_loss: 0.6996
Epoch 2 average loss: 0.4719
>>>>>>>>>>>>>>>>>>>>>>>>>>>>>>>>>>>>>>>>>>>>>>>>>>>>>>>>>>>>
epoch: 3
loss: 0.4918, acc: 0.7500, test_acc: 0.6662, f1: 0.6636, test_loss: 0.8704
loss: 0.5036, acc: 0.7812, test_acc: 0.6972, f1: 0.6922, test_loss: 0.7781
loss: 0.4395, acc: 0.7917, test_acc: 0.7386, f1: 0.7298, test_loss: 0.6986
loss: 0.1500, acc: 0.8438, test_acc: 0.7459, f1: 0.7399, test_loss: 0.7012
loss: 0.1016, acc: 0.8625, test_acc: 0.7459, f1: 0.7430, test_loss: 0.7226
loss: 0.1171, acc: 0.8750, test_acc: 0.7356, f1: 0.7325, test_loss: 0.7506
loss: 0.2546, acc: 0.8661, test_acc: 0.7297, f1: 0.7265, test_loss: 0.7869
loss: 0.2257, acc: 0.8672, test_acc: 0.7459, f1: 0.7378, test_loss: 0.7753
loss: 0.4197, acc: 0.8611, test_acc: 0.7578, f1: 0.7496, test_loss: 0.7560
loss: 0.2568, acc: 0.8562, test_acc: 0.7445, f1: 0.7397, test_loss: 0.7680
loss: 0.4651, acc: 0.8523, test_acc: 0.7592, f1: 0.7469, test_loss: 0.7807
loss: 0.5504, acc: 0.8438, test_acc: 0.7592, f1: 0.7439, test_loss: 0.8135
loss: 0.4807, acc: 0.8317, test_acc: 0.7533, f1: 0.7436, test_loss: 0.7335
loss: 0.1158, acc: 0.8438, test_acc: 0.7356, f1: 0.7350, test_loss: 0.7196
loss: 0.1784, acc: 0.8500, test_acc: 0.7415, f1: 0.7399, test_loss: 0.7104
loss: 0.4395, acc: 0.8516, test_acc: 0.7489, f1: 0.7458, test_loss: 0.7126
loss: 0.0897, acc: 0.8566, test_acc: 0.7489, f1: 0.7445, test_loss: 0.7104
loss: 0.2315, acc: 0.8611, test_acc: 0.7637, f1: 0.7520, test_loss: 0.7335
loss: 0.7114, acc: 0.8553, test_acc: 0.7386, f1: 0.7331, test_loss: 0.7491
loss: 0.3796, acc: 0.8531, test_acc: 0.6928, f1: 0.6904, test_loss: 0.8553
loss: 0.1298, acc: 0.8571, test_acc: 0.7297, f1: 0.7248, test_loss: 0.7910
loss: 0.1408, acc: 0.8636, test_acc: 0.7371, f1: 0.7317, test_loss: 0.7953
loss: 0.3639, acc: 0.8641, test_acc: 0.7371, f1: 0.7311, test_loss: 0.8222
loss: 0.5544, acc: 0.8594, test_acc: 0.7445, f1: 0.7362, test_loss: 0.8252
loss: 0.3886, acc: 0.8625, test_acc: 0.7563, f1: 0.7465, test_loss: 0.8634
loss: 0.3356, acc: 0.8606, test_acc: 0.7445, f1: 0.7349, test_loss: 0.8320
loss: 0.6073, acc: 0.8542, test_acc: 0.7489, f1: 0.7412, test_loss: 0.8120
loss: 0.0944, acc: 0.8571, test_acc: 0.7459, f1: 0.7393, test_loss: 0.8081
loss: 0.0475, acc: 0.8621, test_acc: 0.7430, f1: 0.7401, test_loss: 0.8047
>> saved: ./state_dict/ce-qca_twitter_acc_0.7710_f1_0.7584
loss: 0.1165, acc: 0.8667, test_acc: 0.7710, f1: 0.7584, test_loss: 0.8582
loss: 0.4418, acc: 0.8629, test_acc: 0.7430, f1: 0.7322, test_loss: 0.9274
>> saved: ./state_dict/ce-qca_twitter_acc_0.7725_f1_0.7616
loss: 0.1967, acc: 0.8652, test_acc: 0.7725, f1: 0.7616, test_loss: 0.8081
loss: 0.4442, acc: 0.8636, test_acc: 0.7430, f1: 0.7376, test_loss: 0.8057
loss: 0.2646, acc: 0.8658, test_acc: 0.7164, f1: 0.7171, test_loss: 0.8070
loss: 0.2500, acc: 0.8661, test_acc: 0.7149, f1: 0.7140, test_loss: 0.8705
loss: 0.2417, acc: 0.8681, test_acc: 0.7400, f1: 0.7351, test_loss: 0.8648
loss: 0.2067, acc: 0.8682, test_acc: 0.7666, f1: 0.7536, test_loss: 0.8567
loss: 0.2892, acc: 0.8701, test_acc: 0.7578, f1: 0.7491, test_loss: 0.8050
loss: 0.3000, acc: 0.8702, test_acc: 0.7238, f1: 0.7241, test_loss: 0.7860
loss: 0.2815, acc: 0.8703, test_acc: 0.6957, f1: 0.6991, test_loss: 0.8186
loss: 0.2598, acc: 0.8704, test_acc: 0.7223, f1: 0.7219, test_loss: 0.7664
loss: 0.2470, acc: 0.8720, test_acc: 0.7681, f1: 0.7576, test_loss: 0.7658
loss: 0.4067, acc: 0.8735, test_acc: 0.7681, f1: 0.7568, test_loss: 0.7870
loss: 0.1457, acc: 0.8750, test_acc: 0.7666, f1: 0.7552, test_loss: 0.8334
loss: 0.2532, acc: 0.8750, test_acc: 0.7164, f1: 0.7171, test_loss: 0.8455
loss: 0.1050, acc: 0.8764, test_acc: 0.7075, f1: 0.7087, test_loss: 0.8542
loss: 0.1716, acc: 0.8763, test_acc: 0.7445, f1: 0.7373, test_loss: 0.8628
loss: 0.3208, acc: 0.8750, test_acc: 0.7400, f1: 0.7327, test_loss: 0.8861
loss: 0.2218, acc: 0.8750, test_acc: 0.7371, f1: 0.7325, test_loss: 0.8757
loss: 0.2243, acc: 0.8762, test_acc: 0.7548, f1: 0.7462, test_loss: 0.8542
loss: 0.4161, acc: 0.8738, test_acc: 0.7622, f1: 0.7527, test_loss: 0.8281
loss: 0.1419, acc: 0.8738, test_acc: 0.7504, f1: 0.7456, test_loss: 0.8111
loss: 0.1869, acc: 0.8738, test_acc: 0.7430, f1: 0.7383, test_loss: 0.8064
loss: 0.0974, acc: 0.8750, test_acc: 0.7489, f1: 0.7483, test_loss: 0.7617
loss: 0.2969, acc: 0.8750, test_acc: 0.7637, f1: 0.7562, test_loss: 0.7550
loss: 0.2429, acc: 0.8728, test_acc: 0.7637, f1: 0.7540, test_loss: 0.7716
loss: 0.3791, acc: 0.8728, test_acc: 0.7312, f1: 0.7306, test_loss: 0.7842
loss: 0.0900, acc: 0.8750, test_acc: 0.7164, f1: 0.7187, test_loss: 0.8068
loss: 0.3399, acc: 0.8750, test_acc: 0.7459, f1: 0.7417, test_loss: 0.7804
loss: 0.3728, acc: 0.8740, test_acc: 0.7666, f1: 0.7522, test_loss: 0.8498
loss: 0.3616, acc: 0.8750, test_acc: 0.7179, f1: 0.7141, test_loss: 0.9138
loss: 0.3747, acc: 0.8740, test_acc: 0.7134, f1: 0.7146, test_loss: 0.8206
loss: 0.9742, acc: 0.8720, test_acc: 0.7710, f1: 0.7608, test_loss: 0.7748
loss: 0.1151, acc: 0.8740, test_acc: 0.7710, f1: 0.7538, test_loss: 0.8303
>> saved: ./state_dict/ce-qca_twitter_acc_0.7740_f1_0.7590
loss: 0.4057, acc: 0.8740, test_acc: 0.7740, f1: 0.7590, test_loss: 0.7949
loss: 0.2611, acc: 0.8741, test_acc: 0.7459, f1: 0.7411, test_loss: 0.7461
loss: 0.2049, acc: 0.8750, test_acc: 0.7253, f1: 0.7272, test_loss: 0.7617
loss: 0.2897, acc: 0.8741, test_acc: 0.7504, f1: 0.7437, test_loss: 0.7544
loss: 0.5889, acc: 0.8723, test_acc: 0.7474, f1: 0.7403, test_loss: 0.7917
loss: 0.3075, acc: 0.8723, test_acc: 0.7548, f1: 0.7458, test_loss: 0.8256
loss: 0.2478, acc: 0.8715, test_acc: 0.7223, f1: 0.7235, test_loss: 0.8263
loss: 0.3985, acc: 0.8698, test_acc: 0.7326, f1: 0.7350, test_loss: 0.8367
loss: 0.0919, acc: 0.8716, test_acc: 0.7430, f1: 0.7387, test_loss: 0.8295
loss: 0.2564, acc: 0.8716, test_acc: 0.7518, f1: 0.7426, test_loss: 0.8386
loss: 0.6041, acc: 0.8708, test_acc: 0.7149, f1: 0.7140, test_loss: 0.8302
loss: 0.0936, acc: 0.8717, test_acc: 0.7090, f1: 0.7130, test_loss: 0.8128
Epoch 3 average loss: 0.3044
>>>>>>>>>>>>>>>>>>>>>>>>>>>>>>>>>>>>>>>>>>>>>>>>>>>>>>>>>>>>
epoch: 4
loss: 0.0414, acc: 1.0000, test_acc: 0.7563, f1: 0.7470, test_loss: 0.8198
loss: 0.2668, acc: 0.9375, test_acc: 0.7459, f1: 0.7317, test_loss: 0.8954
loss: 0.3383, acc: 0.9167, test_acc: 0.7592, f1: 0.7504, test_loss: 0.8463
loss: 0.1443, acc: 0.9375, test_acc: 0.7267, f1: 0.7274, test_loss: 0.8477
loss: 0.1974, acc: 0.9375, test_acc: 0.7149, f1: 0.7173, test_loss: 0.8716
loss: 0.1681, acc: 0.9375, test_acc: 0.7533, f1: 0.7498, test_loss: 0.8701
loss: 0.3029, acc: 0.9286, test_acc: 0.7651, f1: 0.7573, test_loss: 0.8829
loss: 0.1336, acc: 0.9297, test_acc: 0.7740, f1: 0.7646, test_loss: 0.8929
loss: 0.0712, acc: 0.9306, test_acc: 0.7563, f1: 0.7499, test_loss: 0.8692
loss: 0.0439, acc: 0.9375, test_acc: 0.7563, f1: 0.7512, test_loss: 0.8750
loss: 0.0335, acc: 0.9432, test_acc: 0.7518, f1: 0.7478, test_loss: 0.8877
loss: 0.2662, acc: 0.9375, test_acc: 0.7445, f1: 0.7404, test_loss: 0.9159
loss: 0.1719, acc: 0.9327, test_acc: 0.7400, f1: 0.7364, test_loss: 0.9547
loss: 0.3104, acc: 0.9286, test_acc: 0.7208, f1: 0.7227, test_loss: 0.9914
loss: 0.0776, acc: 0.9292, test_acc: 0.7489, f1: 0.7417, test_loss: 0.9518
loss: 0.2573, acc: 0.9297, test_acc: 0.7415, f1: 0.7376, test_loss: 0.9476
loss: 0.0485, acc: 0.9338, test_acc: 0.7297, f1: 0.7301, test_loss: 0.9849
loss: 0.1461, acc: 0.9340, test_acc: 0.7282, f1: 0.7262, test_loss: 1.0189
loss: 0.2091, acc: 0.9309, test_acc: 0.7223, f1: 0.7169, test_loss: 1.0828
loss: 0.0872, acc: 0.9313, test_acc: 0.7415, f1: 0.7385, test_loss: 1.0684
loss: 0.3928, acc: 0.9315, test_acc: 0.7489, f1: 0.7450, test_loss: 1.0873
loss: 0.6582, acc: 0.9261, test_acc: 0.7459, f1: 0.7404, test_loss: 1.0896
loss: 0.2675, acc: 0.9266, test_acc: 0.7445, f1: 0.7346, test_loss: 1.0626
loss: 0.1691, acc: 0.9245, test_acc: 0.7356, f1: 0.7296, test_loss: 0.9981
loss: 0.0294, acc: 0.9275, test_acc: 0.7326, f1: 0.7297, test_loss: 0.9832
loss: 0.3303, acc: 0.9255, test_acc: 0.7400, f1: 0.7354, test_loss: 0.9853
loss: 0.1085, acc: 0.9259, test_acc: 0.7607, f1: 0.7483, test_loss: 1.0480
loss: 0.0773, acc: 0.9286, test_acc: 0.7400, f1: 0.7309, test_loss: 1.0429
loss: 0.1801, acc: 0.9289, test_acc: 0.7238, f1: 0.7213, test_loss: 1.0152
loss: 0.1701, acc: 0.9271, test_acc: 0.7016, f1: 0.6983, test_loss: 1.1017
loss: 0.0871, acc: 0.9274, test_acc: 0.7326, f1: 0.7220, test_loss: 1.0683
loss: 0.2234, acc: 0.9277, test_acc: 0.7504, f1: 0.7343, test_loss: 1.1394
loss: 0.0253, acc: 0.9299, test_acc: 0.7415, f1: 0.7329, test_loss: 1.0446
loss: 0.0811, acc: 0.9301, test_acc: 0.7120, f1: 0.7127, test_loss: 1.0731
loss: 0.4244, acc: 0.9286, test_acc: 0.6972, f1: 0.6984, test_loss: 1.0731
loss: 0.3034, acc: 0.9236, test_acc: 0.7533, f1: 0.7443, test_loss: 0.9979
loss: 0.5053, acc: 0.9206, test_acc: 0.7607, f1: 0.7461, test_loss: 1.0299
loss: 0.0370, acc: 0.9227, test_acc: 0.7120, f1: 0.7124, test_loss: 1.0204
loss: 0.2202, acc: 0.9215, test_acc: 0.7046, f1: 0.7045, test_loss: 1.0787
loss: 0.0111, acc: 0.9234, test_acc: 0.7341, f1: 0.7250, test_loss: 1.0376
loss: 0.1159, acc: 0.9238, test_acc: 0.7533, f1: 0.7346, test_loss: 1.0626
loss: 0.4434, acc: 0.9226, test_acc: 0.7459, f1: 0.7359, test_loss: 0.9995
loss: 0.2699, acc: 0.9186, test_acc: 0.7223, f1: 0.7212, test_loss: 1.0498
loss: 0.0588, acc: 0.9190, test_acc: 0.7149, f1: 0.7151, test_loss: 1.0686
loss: 0.1344, acc: 0.9194, test_acc: 0.7474, f1: 0.7385, test_loss: 1.0151
loss: 0.1173, acc: 0.9198, test_acc: 0.7326, f1: 0.7203, test_loss: 1.0682
loss: 0.1493, acc: 0.9202, test_acc: 0.7326, f1: 0.7240, test_loss: 1.0354
loss: 0.0854, acc: 0.9219, test_acc: 0.7223, f1: 0.7212, test_loss: 1.0181
loss: 0.2173, acc: 0.9222, test_acc: 0.7253, f1: 0.7241, test_loss: 1.0446
loss: 0.1534, acc: 0.9225, test_acc: 0.7312, f1: 0.7222, test_loss: 1.0483
loss: 0.0436, acc: 0.9240, test_acc: 0.7282, f1: 0.7131, test_loss: 1.1260
loss: 0.3616, acc: 0.9243, test_acc: 0.7297, f1: 0.7181, test_loss: 1.0874
loss: 0.0140, acc: 0.9257, test_acc: 0.7164, f1: 0.7085, test_loss: 1.1143
loss: 0.1501, acc: 0.9248, test_acc: 0.7194, f1: 0.7120, test_loss: 1.1492
loss: 0.0746, acc: 0.9250, test_acc: 0.7282, f1: 0.7258, test_loss: 1.0991
loss: 0.2211, acc: 0.9241, test_acc: 0.7253, f1: 0.7187, test_loss: 1.1057
loss: 0.1204, acc: 0.9243, test_acc: 0.7371, f1: 0.7262, test_loss: 1.1019
loss: 0.6356, acc: 0.9224, test_acc: 0.7430, f1: 0.7346, test_loss: 1.0586
loss: 0.0318, acc: 0.9237, test_acc: 0.7415, f1: 0.7367, test_loss: 1.0513
loss: 0.0207, acc: 0.9250, test_acc: 0.7356, f1: 0.7322, test_loss: 1.0465
loss: 0.0478, acc: 0.9262, test_acc: 0.7504, f1: 0.7447, test_loss: 1.0286
loss: 0.2748, acc: 0.9254, test_acc: 0.7637, f1: 0.7515, test_loss: 1.0646
loss: 0.1052, acc: 0.9266, test_acc: 0.7297, f1: 0.7272, test_loss: 1.0429
loss: 0.2055, acc: 0.9258, test_acc: 0.7326, f1: 0.7328, test_loss: 1.0228
loss: 0.5243, acc: 0.9260, test_acc: 0.7489, f1: 0.7438, test_loss: 1.0022
loss: 0.1408, acc: 0.9261, test_acc: 0.7400, f1: 0.7347, test_loss: 1.0148
loss: 0.1312, acc: 0.9263, test_acc: 0.7459, f1: 0.7397, test_loss: 0.9226
loss: 0.0834, acc: 0.9274, test_acc: 0.7489, f1: 0.7450, test_loss: 0.9127
loss: 0.1948, acc: 0.9275, test_acc: 0.7504, f1: 0.7461, test_loss: 0.9016
loss: 0.5638, acc: 0.9250, test_acc: 0.7563, f1: 0.7463, test_loss: 0.9280
loss: 0.0604, acc: 0.9261, test_acc: 0.7518, f1: 0.7430, test_loss: 0.9394
loss: 0.2069, acc: 0.9262, test_acc: 0.7046, f1: 0.7058, test_loss: 0.9556
loss: 0.0779, acc: 0.9264, test_acc: 0.6854, f1: 0.6860, test_loss: 1.0223
loss: 0.2035, acc: 0.9248, test_acc: 0.6883, f1: 0.6882, test_loss: 1.0423
loss: 0.3850, acc: 0.9233, test_acc: 0.7386, f1: 0.7321, test_loss: 0.9602
loss: 0.0253, acc: 0.9235, test_acc: 0.7459, f1: 0.7343, test_loss: 1.0145
Epoch 4 average loss: 0.1835
>>>>>>>>>>>>>>>>>>>>>>>>>>>>>>>>>>>>>>>>>>>>>>>>>>>>>>>>>>>>
epoch: 5
loss: 0.2986, acc: 0.9375, test_acc: 0.7386, f1: 0.7288, test_loss: 0.9940
loss: 0.0216, acc: 0.9688, test_acc: 0.7341, f1: 0.7309, test_loss: 0.9487
loss: 0.0818, acc: 0.9792, test_acc: 0.6987, f1: 0.6996, test_loss: 0.9757
loss: 0.1343, acc: 0.9688, test_acc: 0.6839, f1: 0.6840, test_loss: 1.0299
loss: 0.0426, acc: 0.9750, test_acc: 0.7031, f1: 0.6999, test_loss: 1.0914
loss: 0.1005, acc: 0.9688, test_acc: 0.7267, f1: 0.7184, test_loss: 1.0775
loss: 0.0900, acc: 0.9732, test_acc: 0.7415, f1: 0.7293, test_loss: 1.0841
loss: 0.1301, acc: 0.9688, test_acc: 0.7459, f1: 0.7349, test_loss: 1.0816
loss: 0.0446, acc: 0.9722, test_acc: 0.7253, f1: 0.7219, test_loss: 1.0339
loss: 0.0111, acc: 0.9750, test_acc: 0.7208, f1: 0.7207, test_loss: 1.0296
loss: 0.0102, acc: 0.9773, test_acc: 0.7297, f1: 0.7244, test_loss: 1.0185
loss: 0.0092, acc: 0.9792, test_acc: 0.7445, f1: 0.7347, test_loss: 1.0482
loss: 0.0342, acc: 0.9808, test_acc: 0.7578, f1: 0.7468, test_loss: 1.0710
loss: 0.0089, acc: 0.9821, test_acc: 0.7518, f1: 0.7425, test_loss: 1.0427
loss: 0.0120, acc: 0.9833, test_acc: 0.7400, f1: 0.7346, test_loss: 1.0506
loss: 0.0231, acc: 0.9844, test_acc: 0.7356, f1: 0.7334, test_loss: 1.0482
loss: 0.0152, acc: 0.9853, test_acc: 0.7430, f1: 0.7372, test_loss: 1.0815
loss: 0.2360, acc: 0.9826, test_acc: 0.7518, f1: 0.7430, test_loss: 1.1001
loss: 0.0108, acc: 0.9836, test_acc: 0.7622, f1: 0.7504, test_loss: 1.1432
loss: 0.0444, acc: 0.9844, test_acc: 0.7518, f1: 0.7443, test_loss: 1.1192
loss: 0.0460, acc: 0.9821, test_acc: 0.7533, f1: 0.7443, test_loss: 1.1413
loss: 0.0204, acc: 0.9830, test_acc: 0.7386, f1: 0.7314, test_loss: 1.1179
loss: 0.0950, acc: 0.9810, test_acc: 0.7282, f1: 0.7275, test_loss: 1.1279
loss: 0.0088, acc: 0.9818, test_acc: 0.7282, f1: 0.7265, test_loss: 1.1364
loss: 0.0278, acc: 0.9825, test_acc: 0.7371, f1: 0.7322, test_loss: 1.1509
loss: 0.0157, acc: 0.9832, test_acc: 0.7326, f1: 0.7244, test_loss: 1.1894
loss: 0.1119, acc: 0.9815, test_acc: 0.7386, f1: 0.7313, test_loss: 1.1983
loss: 0.0177, acc: 0.9821, test_acc: 0.7430, f1: 0.7325, test_loss: 1.2683
loss: 0.1192, acc: 0.9806, test_acc: 0.7533, f1: 0.7405, test_loss: 1.3127
loss: 0.2772, acc: 0.9792, test_acc: 0.7356, f1: 0.7274, test_loss: 1.3320
loss: 0.0417, acc: 0.9798, test_acc: 0.7164, f1: 0.7171, test_loss: 1.2698
loss: 0.0358, acc: 0.9805, test_acc: 0.7386, f1: 0.7358, test_loss: 1.2182
loss: 0.1073, acc: 0.9792, test_acc: 0.7282, f1: 0.7144, test_loss: 1.3923
loss: 0.0577, acc: 0.9798, test_acc: 0.7504, f1: 0.7387, test_loss: 1.3144
loss: 0.0976, acc: 0.9786, test_acc: 0.6750, f1: 0.6752, test_loss: 1.6355
loss: 0.1477, acc: 0.9774, test_acc: 0.7134, f1: 0.7128, test_loss: 1.2450
loss: 0.0042, acc: 0.9780, test_acc: 0.7474, f1: 0.7409, test_loss: 1.1778
loss: 0.0532, acc: 0.9786, test_acc: 0.7297, f1: 0.7228, test_loss: 1.2129
loss: 0.0380, acc: 0.9792, test_acc: 0.7371, f1: 0.7292, test_loss: 1.1965
loss: 0.0117, acc: 0.9797, test_acc: 0.7430, f1: 0.7336, test_loss: 1.2351
loss: 0.0145, acc: 0.9802, test_acc: 0.7341, f1: 0.7258, test_loss: 1.2138
loss: 0.0238, acc: 0.9807, test_acc: 0.7223, f1: 0.7176, test_loss: 1.1838
loss: 0.0076, acc: 0.9811, test_acc: 0.7326, f1: 0.7258, test_loss: 1.1779
loss: 0.0637, acc: 0.9815, test_acc: 0.7504, f1: 0.7402, test_loss: 1.2322
loss: 0.0126, acc: 0.9819, test_acc: 0.7578, f1: 0.7485, test_loss: 1.1444
loss: 0.0173, acc: 0.9823, test_acc: 0.7400, f1: 0.7379, test_loss: 1.0875
loss: 0.0877, acc: 0.9827, test_acc: 0.7371, f1: 0.7363, test_loss: 1.0675
loss: 0.2468, acc: 0.9805, test_acc: 0.7386, f1: 0.7260, test_loss: 1.1619
loss: 0.0921, acc: 0.9796, test_acc: 0.7400, f1: 0.7299, test_loss: 1.1132
loss: 0.0625, acc: 0.9800, test_acc: 0.7371, f1: 0.7324, test_loss: 1.0353
loss: 0.2781, acc: 0.9767, test_acc: 0.7282, f1: 0.7285, test_loss: 1.0774
loss: 0.1493, acc: 0.9760, test_acc: 0.7371, f1: 0.7297, test_loss: 1.0483
loss: 0.0717, acc: 0.9764, test_acc: 0.7459, f1: 0.7308, test_loss: 1.1393
loss: 0.0219, acc: 0.9769, test_acc: 0.7474, f1: 0.7365, test_loss: 1.0677
loss: 0.1657, acc: 0.9761, test_acc: 0.7518, f1: 0.7450, test_loss: 1.0271
loss: 0.0530, acc: 0.9766, test_acc: 0.7400, f1: 0.7372, test_loss: 1.0455
loss: 0.0528, acc: 0.9770, test_acc: 0.7400, f1: 0.7373, test_loss: 1.0625
loss: 0.2087, acc: 0.9741, test_acc: 0.7400, f1: 0.7360, test_loss: 1.1016
loss: 0.0937, acc: 0.9746, test_acc: 0.7548, f1: 0.7400, test_loss: 1.2177
loss: 0.0693, acc: 0.9750, test_acc: 0.7430, f1: 0.7339, test_loss: 1.2025
loss: 0.0368, acc: 0.9754, test_acc: 0.7459, f1: 0.7408, test_loss: 1.1819
loss: 0.0734, acc: 0.9748, test_acc: 0.7267, f1: 0.7260, test_loss: 1.2127
loss: 0.2089, acc: 0.9732, test_acc: 0.7326, f1: 0.7304, test_loss: 1.2329
loss: 0.0219, acc: 0.9736, test_acc: 0.7578, f1: 0.7384, test_loss: 1.3751
loss: 0.0296, acc: 0.9740, test_acc: 0.7474, f1: 0.7241, test_loss: 1.4700
loss: 0.0107, acc: 0.9744, test_acc: 0.7474, f1: 0.7393, test_loss: 1.2236
loss: 0.1343, acc: 0.9739, test_acc: 0.7223, f1: 0.7240, test_loss: 1.2442
loss: 0.0098, acc: 0.9743, test_acc: 0.7415, f1: 0.7345, test_loss: 1.2048
loss: 0.0970, acc: 0.9737, test_acc: 0.7282, f1: 0.7162, test_loss: 1.3029
loss: 0.0737, acc: 0.9732, test_acc: 0.7356, f1: 0.7274, test_loss: 1.2513
loss: 0.0486, acc: 0.9736, test_acc: 0.7430, f1: 0.7383, test_loss: 1.2095
loss: 0.0066, acc: 0.9740, test_acc: 0.7386, f1: 0.7340, test_loss: 1.2016
loss: 0.0863, acc: 0.9735, test_acc: 0.7400, f1: 0.7323, test_loss: 1.2299
loss: 0.0122, acc: 0.9738, test_acc: 0.7415, f1: 0.7350, test_loss: 1.2390
loss: 0.1689, acc: 0.9733, test_acc: 0.7445, f1: 0.7393, test_loss: 1.2534
Epoch 5 average loss: 0.1048
>>>>>>>>>>>>>>>>>>>>>>>>>>>>>>>>>>>>>>>>>>>>>>>>>>>>>>>>>>>>
epoch: 6
loss: 0.0124, acc: 1.0000, test_acc: 0.7445, f1: 0.7394, test_loss: 1.2760
loss: 0.0055, acc: 1.0000, test_acc: 0.7445, f1: 0.7413, test_loss: 1.2997
loss: 0.0494, acc: 1.0000, test_acc: 0.7415, f1: 0.7361, test_loss: 1.3060
loss: 0.0416, acc: 0.9844, test_acc: 0.7489, f1: 0.7425, test_loss: 1.3129
loss: 0.0042, acc: 0.9875, test_acc: 0.7504, f1: 0.7439, test_loss: 1.3204
loss: 0.0053, acc: 0.9896, test_acc: 0.7489, f1: 0.7421, test_loss: 1.3386
loss: 0.0051, acc: 0.9911, test_acc: 0.7474, f1: 0.7433, test_loss: 1.3455
loss: 0.0481, acc: 0.9844, test_acc: 0.7400, f1: 0.7371, test_loss: 1.3578
loss: 0.3202, acc: 0.9722, test_acc: 0.7371, f1: 0.7339, test_loss: 1.3567
loss: 0.0121, acc: 0.9750, test_acc: 0.7489, f1: 0.7425, test_loss: 1.3218
loss: 0.0325, acc: 0.9773, test_acc: 0.7474, f1: 0.7365, test_loss: 1.3408
loss: 0.0156, acc: 0.9792, test_acc: 0.7533, f1: 0.7463, test_loss: 1.3189
loss: 0.0310, acc: 0.9808, test_acc: 0.7371, f1: 0.7340, test_loss: 1.3762
loss: 0.1952, acc: 0.9732, test_acc: 0.7238, f1: 0.7218, test_loss: 1.3886
loss: 0.0256, acc: 0.9750, test_acc: 0.7415, f1: 0.7361, test_loss: 1.3347
loss: 0.2072, acc: 0.9727, test_acc: 0.7459, f1: 0.7381, test_loss: 1.3468
loss: 0.1274, acc: 0.9706, test_acc: 0.7297, f1: 0.7267, test_loss: 1.3059
loss: 0.0187, acc: 0.9722, test_acc: 0.7223, f1: 0.7198, test_loss: 1.3109
loss: 0.0095, acc: 0.9737, test_acc: 0.7341, f1: 0.7280, test_loss: 1.3450
loss: 0.0205, acc: 0.9750, test_acc: 0.7430, f1: 0.7356, test_loss: 1.3501
loss: 0.0856, acc: 0.9732, test_acc: 0.7548, f1: 0.7486, test_loss: 1.2766
loss: 0.0496, acc: 0.9716, test_acc: 0.7504, f1: 0.7482, test_loss: 1.2896
loss: 0.0595, acc: 0.9701, test_acc: 0.7563, f1: 0.7517, test_loss: 1.3198
loss: 0.0279, acc: 0.9714, test_acc: 0.7578, f1: 0.7523, test_loss: 1.3443
loss: 0.1821, acc: 0.9700, test_acc: 0.7592, f1: 0.7528, test_loss: 1.3598
loss: 0.0104, acc: 0.9712, test_acc: 0.7681, f1: 0.7542, test_loss: 1.4381
loss: 0.0656, acc: 0.9722, test_acc: 0.7651, f1: 0.7465, test_loss: 1.5001
loss: 0.0240, acc: 0.9732, test_acc: 0.7563, f1: 0.7505, test_loss: 1.3048
loss: 0.0377, acc: 0.9741, test_acc: 0.7179, f1: 0.7207, test_loss: 1.3591
loss: 0.0177, acc: 0.9750, test_acc: 0.7504, f1: 0.7488, test_loss: 1.2810
loss: 0.0102, acc: 0.9758, test_acc: 0.7607, f1: 0.7498, test_loss: 1.3486
loss: 0.0157, acc: 0.9766, test_acc: 0.7445, f1: 0.7253, test_loss: 1.4978
loss: 0.0282, acc: 0.9773, test_acc: 0.7341, f1: 0.7147, test_loss: 1.5616
loss: 0.0293, acc: 0.9779, test_acc: 0.7400, f1: 0.7280, test_loss: 1.4428
loss: 0.0327, acc: 0.9786, test_acc: 0.7386, f1: 0.7359, test_loss: 1.3778
loss: 0.0115, acc: 0.9792, test_acc: 0.7371, f1: 0.7341, test_loss: 1.3888
loss: 0.0196, acc: 0.9797, test_acc: 0.7341, f1: 0.7252, test_loss: 1.4358
loss: 0.0048, acc: 0.9803, test_acc: 0.7356, f1: 0.7205, test_loss: 1.5049
loss: 0.0075, acc: 0.9808, test_acc: 0.7326, f1: 0.7261, test_loss: 1.4041
loss: 0.0313, acc: 0.9812, test_acc: 0.7312, f1: 0.7291, test_loss: 1.3897
loss: 0.0265, acc: 0.9817, test_acc: 0.7223, f1: 0.7225, test_loss: 1.4094
loss: 0.0073, acc: 0.9821, test_acc: 0.7341, f1: 0.7326, test_loss: 1.3868
loss: 0.0047, acc: 0.9826, test_acc: 0.7386, f1: 0.7362, test_loss: 1.3984
loss: 0.1827, acc: 0.9801, test_acc: 0.7297, f1: 0.7262, test_loss: 1.4158
loss: 0.0630, acc: 0.9792, test_acc: 0.7341, f1: 0.7263, test_loss: 1.4857
loss: 0.0027, acc: 0.9796, test_acc: 0.7326, f1: 0.7246, test_loss: 1.4849
loss: 0.0084, acc: 0.9801, test_acc: 0.7341, f1: 0.7324, test_loss: 1.4326
loss: 0.0026, acc: 0.9805, test_acc: 0.7386, f1: 0.7344, test_loss: 1.4377
loss: 0.0046, acc: 0.9809, test_acc: 0.7208, f1: 0.7143, test_loss: 1.4841
loss: 0.1361, acc: 0.9800, test_acc: 0.7312, f1: 0.7242, test_loss: 1.4523
loss: 0.0106, acc: 0.9804, test_acc: 0.7563, f1: 0.7468, test_loss: 1.4296
loss: 0.0140, acc: 0.9808, test_acc: 0.7518, f1: 0.7407, test_loss: 1.4632
loss: 0.0536, acc: 0.9811, test_acc: 0.7533, f1: 0.7426, test_loss: 1.4596
loss: 0.0721, acc: 0.9803, test_acc: 0.7504, f1: 0.7430, test_loss: 1.4236
loss: 0.0796, acc: 0.9807, test_acc: 0.7430, f1: 0.7413, test_loss: 1.4006
loss: 0.0112, acc: 0.9810, test_acc: 0.7356, f1: 0.7343, test_loss: 1.4019
loss: 0.0143, acc: 0.9814, test_acc: 0.7149, f1: 0.7104, test_loss: 1.4402
loss: 0.0024, acc: 0.9817, test_acc: 0.7312, f1: 0.7238, test_loss: 1.4221
loss: 0.0084, acc: 0.9820, test_acc: 0.7459, f1: 0.7388, test_loss: 1.4048
loss: 0.0053, acc: 0.9823, test_acc: 0.7386, f1: 0.7292, test_loss: 1.4669
loss: 0.1851, acc: 0.9805, test_acc: 0.7386, f1: 0.7298, test_loss: 1.4736
loss: 0.0350, acc: 0.9808, test_acc: 0.7400, f1: 0.7323, test_loss: 1.3960
loss: 0.0434, acc: 0.9812, test_acc: 0.7297, f1: 0.7216, test_loss: 1.3996
loss: 0.1455, acc: 0.9805, test_acc: 0.7341, f1: 0.7268, test_loss: 1.3987
loss: 0.0154, acc: 0.9808, test_acc: 0.7518, f1: 0.7418, test_loss: 1.4861
loss: 0.0998, acc: 0.9801, test_acc: 0.7563, f1: 0.7459, test_loss: 1.5235
loss: 0.0056, acc: 0.9804, test_acc: 0.7533, f1: 0.7441, test_loss: 1.5268
loss: 0.0068, acc: 0.9807, test_acc: 0.7533, f1: 0.7427, test_loss: 1.5601
loss: 0.0160, acc: 0.9810, test_acc: 0.7548, f1: 0.7422, test_loss: 1.5677
loss: 0.0151, acc: 0.9812, test_acc: 0.7356, f1: 0.7302, test_loss: 1.4905
loss: 0.0289, acc: 0.9815, test_acc: 0.7400, f1: 0.7338, test_loss: 1.4962
loss: 0.0436, acc: 0.9818, test_acc: 0.7459, f1: 0.7381, test_loss: 1.5153
loss: 0.0153, acc: 0.9820, test_acc: 0.7001, f1: 0.7011, test_loss: 1.5291
loss: 0.0698, acc: 0.9814, test_acc: 0.7164, f1: 0.7152, test_loss: 1.4225
loss: 0.0272, acc: 0.9817, test_acc: 0.7548, f1: 0.7444, test_loss: 1.4141
loss: 0.0077, acc: 0.9819, test_acc: 0.7282, f1: 0.7187, test_loss: 1.3847
Epoch 6 average loss: 0.0636
>>>>>>>>>>>>>>>>>>>>>>>>>>>>>>>>>>>>>>>>>>>>>>>>>>>>>>>>>>>>
epoch: 7
loss: 0.0088, acc: 1.0000, test_acc: 0.7386, f1: 0.7274, test_loss: 1.3948
loss: 0.0282, acc: 1.0000, test_acc: 0.7533, f1: 0.7409, test_loss: 1.4292
loss: 0.0096, acc: 1.0000, test_acc: 0.7312, f1: 0.7251, test_loss: 1.3929
loss: 0.2795, acc: 0.9844, test_acc: 0.7134, f1: 0.7126, test_loss: 1.4092
loss: 0.0075, acc: 0.9875, test_acc: 0.6972, f1: 0.7000, test_loss: 1.4301
loss: 0.0464, acc: 0.9792, test_acc: 0.7105, f1: 0.7095, test_loss: 1.4110
loss: 0.1013, acc: 0.9732, test_acc: 0.7386, f1: 0.7252, test_loss: 1.4504
loss: 0.0079, acc: 0.9766, test_acc: 0.7386, f1: 0.7221, test_loss: 1.5535
loss: 0.1688, acc: 0.9653, test_acc: 0.7371, f1: 0.7212, test_loss: 1.5390
loss: 0.1226, acc: 0.9563, test_acc: 0.7430, f1: 0.7270, test_loss: 1.5684
loss: 0.0053, acc: 0.9602, test_acc: 0.7459, f1: 0.7299, test_loss: 1.4903
loss: 0.0043, acc: 0.9635, test_acc: 0.7415, f1: 0.7373, test_loss: 1.3628
loss: 0.0569, acc: 0.9615, test_acc: 0.7267, f1: 0.7251, test_loss: 1.3498
loss: 0.3945, acc: 0.9554, test_acc: 0.7356, f1: 0.7283, test_loss: 1.3672
loss: 0.0130, acc: 0.9583, test_acc: 0.7371, f1: 0.7225, test_loss: 1.4510
loss: 0.0286, acc: 0.9609, test_acc: 0.7518, f1: 0.7398, test_loss: 1.4380
loss: 0.0136, acc: 0.9632, test_acc: 0.7489, f1: 0.7373, test_loss: 1.4430
loss: 0.0623, acc: 0.9653, test_acc: 0.7238, f1: 0.7178, test_loss: 1.4129
loss: 0.0410, acc: 0.9671, test_acc: 0.7356, f1: 0.7308, test_loss: 1.4055
loss: 0.0415, acc: 0.9688, test_acc: 0.7489, f1: 0.7373, test_loss: 1.4860
loss: 0.0280, acc: 0.9702, test_acc: 0.7430, f1: 0.7290, test_loss: 1.5135
loss: 0.0626, acc: 0.9688, test_acc: 0.7341, f1: 0.7273, test_loss: 1.4274
loss: 0.0829, acc: 0.9674, test_acc: 0.7253, f1: 0.7225, test_loss: 1.4446
loss: 0.0925, acc: 0.9661, test_acc: 0.7282, f1: 0.7237, test_loss: 1.4435
loss: 0.0139, acc: 0.9675, test_acc: 0.7238, f1: 0.7162, test_loss: 1.4961
loss: 0.0049, acc: 0.9688, test_acc: 0.7356, f1: 0.7267, test_loss: 1.4338
loss: 0.3213, acc: 0.9676, test_acc: 0.7371, f1: 0.7302, test_loss: 1.4474
loss: 0.0090, acc: 0.9688, test_acc: 0.7194, f1: 0.7123, test_loss: 1.6020
loss: 0.0397, acc: 0.9698, test_acc: 0.7238, f1: 0.7168, test_loss: 1.6323
loss: 0.0019, acc: 0.9708, test_acc: 0.7386, f1: 0.7303, test_loss: 1.5368
loss: 0.4082, acc: 0.9698, test_acc: 0.7297, f1: 0.7245, test_loss: 1.4846
loss: 0.0110, acc: 0.9707, test_acc: 0.6883, f1: 0.6919, test_loss: 1.6156
loss: 0.0430, acc: 0.9716, test_acc: 0.7267, f1: 0.7225, test_loss: 1.4646
loss: 0.0101, acc: 0.9724, test_acc: 0.7592, f1: 0.7472, test_loss: 1.4929
loss: 0.3544, acc: 0.9714, test_acc: 0.7533, f1: 0.7384, test_loss: 1.5441
loss: 0.0097, acc: 0.9722, test_acc: 0.7415, f1: 0.7342, test_loss: 1.4597
loss: 0.0321, acc: 0.9730, test_acc: 0.7312, f1: 0.7279, test_loss: 1.2976
loss: 0.1561, acc: 0.9704, test_acc: 0.7179, f1: 0.7112, test_loss: 1.3425
loss: 0.1564, acc: 0.9679, test_acc: 0.7415, f1: 0.7342, test_loss: 1.2899
loss: 0.0043, acc: 0.9688, test_acc: 0.7459, f1: 0.7377, test_loss: 1.2722
loss: 0.0184, acc: 0.9695, test_acc: 0.7430, f1: 0.7343, test_loss: 1.3024
loss: 0.0710, acc: 0.9702, test_acc: 0.7504, f1: 0.7426, test_loss: 1.3186
loss: 0.0035, acc: 0.9709, test_acc: 0.7430, f1: 0.7377, test_loss: 1.3506
loss: 0.0031, acc: 0.9716, test_acc: 0.7489, f1: 0.7402, test_loss: 1.4002
loss: 0.0099, acc: 0.9722, test_acc: 0.7459, f1: 0.7353, test_loss: 1.4145
loss: 0.0069, acc: 0.9728, test_acc: 0.7504, f1: 0.7385, test_loss: 1.4141
loss: 0.1208, acc: 0.9721, test_acc: 0.7415, f1: 0.7339, test_loss: 1.3710
loss: 0.0900, acc: 0.9714, test_acc: 0.7267, f1: 0.7251, test_loss: 1.3610
loss: 0.0376, acc: 0.9719, test_acc: 0.7297, f1: 0.7223, test_loss: 1.3688
loss: 0.0382, acc: 0.9725, test_acc: 0.7430, f1: 0.7306, test_loss: 1.4267
loss: 0.1674, acc: 0.9718, test_acc: 0.7326, f1: 0.7249, test_loss: 1.3711
loss: 0.2260, acc: 0.9712, test_acc: 0.7341, f1: 0.7264, test_loss: 1.3732
loss: 0.0028, acc: 0.9717, test_acc: 0.7386, f1: 0.7326, test_loss: 1.3546
loss: 0.0041, acc: 0.9722, test_acc: 0.7356, f1: 0.7311, test_loss: 1.3479
loss: 0.0091, acc: 0.9727, test_acc: 0.7297, f1: 0.7231, test_loss: 1.3653
loss: 0.0110, acc: 0.9732, test_acc: 0.7341, f1: 0.7269, test_loss: 1.3729
loss: 0.0036, acc: 0.9737, test_acc: 0.7371, f1: 0.7290, test_loss: 1.3647
loss: 0.0624, acc: 0.9731, test_acc: 0.7341, f1: 0.7266, test_loss: 1.3656
loss: 0.1505, acc: 0.9714, test_acc: 0.7371, f1: 0.7275, test_loss: 1.4189
loss: 0.0053, acc: 0.9719, test_acc: 0.7430, f1: 0.7313, test_loss: 1.4328
loss: 0.0008, acc: 0.9723, test_acc: 0.7371, f1: 0.7193, test_loss: 1.5176
loss: 0.0079, acc: 0.9728, test_acc: 0.7400, f1: 0.7264, test_loss: 1.4565
loss: 0.0038, acc: 0.9732, test_acc: 0.7445, f1: 0.7351, test_loss: 1.3973
loss: 0.0217, acc: 0.9736, test_acc: 0.7223, f1: 0.7203, test_loss: 1.3969
loss: 0.1121, acc: 0.9731, test_acc: 0.7164, f1: 0.7177, test_loss: 1.4303
loss: 0.0722, acc: 0.9735, test_acc: 0.7415, f1: 0.7342, test_loss: 1.3882
loss: 0.0137, acc: 0.9739, test_acc: 0.7282, f1: 0.7228, test_loss: 1.3698
loss: 0.1111, acc: 0.9733, test_acc: 0.7075, f1: 0.7026, test_loss: 1.4271
loss: 0.0188, acc: 0.9737, test_acc: 0.7208, f1: 0.7135, test_loss: 1.3712
loss: 0.0085, acc: 0.9741, test_acc: 0.7208, f1: 0.7129, test_loss: 1.4142
loss: 0.1783, acc: 0.9736, test_acc: 0.7238, f1: 0.7180, test_loss: 1.4155
loss: 0.0145, acc: 0.9740, test_acc: 0.7208, f1: 0.7177, test_loss: 1.4194
loss: 0.0482, acc: 0.9735, test_acc: 0.7208, f1: 0.7142, test_loss: 1.5337
loss: 0.0801, acc: 0.9721, test_acc: 0.7253, f1: 0.7162, test_loss: 1.5491
loss: 0.0468, acc: 0.9725, test_acc: 0.7326, f1: 0.7235, test_loss: 1.4440
loss: 0.0049, acc: 0.9729, test_acc: 0.7253, f1: 0.7162, test_loss: 1.4567
Epoch 7 average loss: 0.0652
>>>>>>>>>>>>>>>>>>>>>>>>>>>>>>>>>>>>>>>>>>>>>>>>>>>>>>>>>>>>
epoch: 8
loss: 0.0416, acc: 1.0000, test_acc: 0.7208, f1: 0.7109, test_loss: 1.5075
loss: 0.0037, acc: 1.0000, test_acc: 0.7208, f1: 0.7127, test_loss: 1.5209
loss: 0.0037, acc: 1.0000, test_acc: 0.7164, f1: 0.7102, test_loss: 1.4964
loss: 0.0408, acc: 1.0000, test_acc: 0.7297, f1: 0.7251, test_loss: 1.4462
loss: 0.0664, acc: 0.9875, test_acc: 0.7253, f1: 0.7214, test_loss: 1.4804
loss: 0.0538, acc: 0.9792, test_acc: 0.7297, f1: 0.7256, test_loss: 1.5129
loss: 0.0548, acc: 0.9732, test_acc: 0.7282, f1: 0.7220, test_loss: 1.5468
loss: 0.0048, acc: 0.9766, test_acc: 0.7430, f1: 0.7326, test_loss: 1.6236
loss: 0.0290, acc: 0.9792, test_acc: 0.7415, f1: 0.7275, test_loss: 1.7210
loss: 0.0047, acc: 0.9812, test_acc: 0.7430, f1: 0.7293, test_loss: 1.7605
loss: 0.2317, acc: 0.9773, test_acc: 0.7445, f1: 0.7303, test_loss: 1.7270
loss: 0.0039, acc: 0.9792, test_acc: 0.7179, f1: 0.7124, test_loss: 1.5863
loss: 0.0098, acc: 0.9808, test_acc: 0.6987, f1: 0.6978, test_loss: 1.6241
loss: 0.0014, acc: 0.9821, test_acc: 0.7134, f1: 0.7109, test_loss: 1.6544
loss: 0.0159, acc: 0.9833, test_acc: 0.7223, f1: 0.7135, test_loss: 1.7469
loss: 0.0887, acc: 0.9805, test_acc: 0.7282, f1: 0.7134, test_loss: 1.7453
loss: 0.0060, acc: 0.9816, test_acc: 0.7267, f1: 0.7099, test_loss: 1.7977
loss: 0.0030, acc: 0.9826, test_acc: 0.7223, f1: 0.7068, test_loss: 1.7239
loss: 0.0062, acc: 0.9836, test_acc: 0.7282, f1: 0.7176, test_loss: 1.6490
loss: 0.0169, acc: 0.9844, test_acc: 0.7356, f1: 0.7256, test_loss: 1.6248
loss: 0.0055, acc: 0.9851, test_acc: 0.7386, f1: 0.7293, test_loss: 1.5987
loss: 0.0013, acc: 0.9858, test_acc: 0.7386, f1: 0.7293, test_loss: 1.5880
loss: 0.0042, acc: 0.9864, test_acc: 0.7326, f1: 0.7241, test_loss: 1.5829
loss: 0.0673, acc: 0.9870, test_acc: 0.7415, f1: 0.7288, test_loss: 1.6111
loss: 0.0025, acc: 0.9875, test_acc: 0.7474, f1: 0.7346, test_loss: 1.6238
loss: 0.0216, acc: 0.9880, test_acc: 0.7445, f1: 0.7327, test_loss: 1.6293
loss: 0.0049, acc: 0.9884, test_acc: 0.7149, f1: 0.7139, test_loss: 1.5905
loss: 0.0029, acc: 0.9888, test_acc: 0.6854, f1: 0.6883, test_loss: 1.6545
loss: 0.0685, acc: 0.9871, test_acc: 0.7149, f1: 0.7103, test_loss: 1.5880
loss: 0.0021, acc: 0.9875, test_acc: 0.7474, f1: 0.7342, test_loss: 1.6345
loss: 0.2896, acc: 0.9859, test_acc: 0.7459, f1: 0.7314, test_loss: 1.6580
loss: 0.0062, acc: 0.9863, test_acc: 0.7282, f1: 0.7221, test_loss: 1.6254
loss: 0.0437, acc: 0.9848, test_acc: 0.6514, f1: 0.6560, test_loss: 1.9121
loss: 0.0175, acc: 0.9853, test_acc: 0.6795, f1: 0.6825, test_loss: 1.7372
loss: 0.0924, acc: 0.9839, test_acc: 0.7149, f1: 0.7109, test_loss: 1.6206
loss: 0.0161, acc: 0.9844, test_acc: 0.7326, f1: 0.7243, test_loss: 1.6488
loss: 0.1883, acc: 0.9831, test_acc: 0.7120, f1: 0.7092, test_loss: 1.5903
loss: 0.0010, acc: 0.9836, test_acc: 0.7164, f1: 0.7138, test_loss: 1.5934
loss: 0.0017, acc: 0.9840, test_acc: 0.7282, f1: 0.7230, test_loss: 1.5899
loss: 0.6595, acc: 0.9812, test_acc: 0.7297, f1: 0.7233, test_loss: 1.5933
loss: 0.0093, acc: 0.9817, test_acc: 0.7179, f1: 0.7124, test_loss: 1.7220
loss: 0.0086, acc: 0.9821, test_acc: 0.7090, f1: 0.7062, test_loss: 1.6294
loss: 0.0300, acc: 0.9826, test_acc: 0.7046, f1: 0.7057, test_loss: 1.5845
loss: 0.0106, acc: 0.9830, test_acc: 0.7075, f1: 0.7069, test_loss: 1.5934
loss: 0.0047, acc: 0.9833, test_acc: 0.7134, f1: 0.7108, test_loss: 1.5189
loss: 0.0164, acc: 0.9837, test_acc: 0.7194, f1: 0.7133, test_loss: 1.5853
loss: 0.0185, acc: 0.9840, test_acc: 0.7253, f1: 0.7173, test_loss: 1.6238
loss: 0.0049, acc: 0.9844, test_acc: 0.7179, f1: 0.7140, test_loss: 1.5408
loss: 0.1529, acc: 0.9834, test_acc: 0.7120, f1: 0.7094, test_loss: 1.5491
loss: 0.0007, acc: 0.9838, test_acc: 0.7238, f1: 0.7142, test_loss: 1.6284
loss: 0.0091, acc: 0.9841, test_acc: 0.7312, f1: 0.7230, test_loss: 1.6213
loss: 0.0185, acc: 0.9844, test_acc: 0.7356, f1: 0.7279, test_loss: 1.5997
loss: 0.0057, acc: 0.9847, test_acc: 0.7297, f1: 0.7214, test_loss: 1.6159
loss: 0.0040, acc: 0.9850, test_acc: 0.7312, f1: 0.7231, test_loss: 1.6333
loss: 0.0281, acc: 0.9852, test_acc: 0.7297, f1: 0.7213, test_loss: 1.6336
loss: 0.4451, acc: 0.9844, test_acc: 0.7238, f1: 0.7167, test_loss: 1.6128
loss: 0.0384, acc: 0.9846, test_acc: 0.7341, f1: 0.7256, test_loss: 1.5494
loss: 0.0251, acc: 0.9849, test_acc: 0.7356, f1: 0.7261, test_loss: 1.4152
loss: 0.0053, acc: 0.9852, test_acc: 0.7090, f1: 0.7051, test_loss: 1.3828
loss: 0.1393, acc: 0.9844, test_acc: 0.7090, f1: 0.7023, test_loss: 1.3727
loss: 0.0070, acc: 0.9846, test_acc: 0.7267, f1: 0.7210, test_loss: 1.3161
loss: 0.0244, acc: 0.9849, test_acc: 0.7267, f1: 0.7194, test_loss: 1.3515
loss: 0.0317, acc: 0.9851, test_acc: 0.7238, f1: 0.7135, test_loss: 1.3966
loss: 0.1837, acc: 0.9844, test_acc: 0.7312, f1: 0.7219, test_loss: 1.4179
loss: 0.0120, acc: 0.9846, test_acc: 0.7046, f1: 0.6993, test_loss: 1.4027
loss: 0.0047, acc: 0.9848, test_acc: 0.7046, f1: 0.6985, test_loss: 1.4805
loss: 0.0075, acc: 0.9851, test_acc: 0.7194, f1: 0.7081, test_loss: 1.5545
loss: 0.1150, acc: 0.9844, test_acc: 0.7164, f1: 0.7057, test_loss: 1.6004
loss: 0.0843, acc: 0.9837, test_acc: 0.7090, f1: 0.7006, test_loss: 1.6464
loss: 0.0266, acc: 0.9839, test_acc: 0.7120, f1: 0.7082, test_loss: 1.4992
loss: 0.0031, acc: 0.9842, test_acc: 0.7371, f1: 0.7288, test_loss: 1.4883
loss: 0.1461, acc: 0.9835, test_acc: 0.7194, f1: 0.7180, test_loss: 1.4267
loss: 0.0447, acc: 0.9837, test_acc: 0.7194, f1: 0.7186, test_loss: 1.3881
loss: 0.0790, acc: 0.9831, test_acc: 0.7312, f1: 0.7257, test_loss: 1.3729
loss: 0.0070, acc: 0.9833, test_acc: 0.7312, f1: 0.7222, test_loss: 1.3904
loss: 0.0579, acc: 0.9836, test_acc: 0.7253, f1: 0.7180, test_loss: 1.4039
Epoch 8 average loss: 0.0508
>>>>>>>>>>>>>>>>>>>>>>>>>>>>>>>>>>>>>>>>>>>>>>>>>>>>>>>>>>>>
epoch: 9
loss: 0.0382, acc: 1.0000, test_acc: 0.7194, f1: 0.7135, test_loss: 1.4147
loss: 0.0046, acc: 1.0000, test_acc: 0.7253, f1: 0.7185, test_loss: 1.4374
loss: 0.0016, acc: 1.0000, test_acc: 0.7341, f1: 0.7262, test_loss: 1.4785
loss: 0.3942, acc: 0.9688, test_acc: 0.7326, f1: 0.7235, test_loss: 1.5107
loss: 0.0054, acc: 0.9750, test_acc: 0.7253, f1: 0.7152, test_loss: 1.5359
loss: 0.0108, acc: 0.9792, test_acc: 0.7194, f1: 0.7073, test_loss: 1.5803
loss: 0.0027, acc: 0.9821, test_acc: 0.7223, f1: 0.7117, test_loss: 1.5499
loss: 0.0137, acc: 0.9844, test_acc: 0.7267, f1: 0.7192, test_loss: 1.5228
loss: 0.0058, acc: 0.9861, test_acc: 0.7312, f1: 0.7244, test_loss: 1.5514
loss: 0.0133, acc: 0.9875, test_acc: 0.7223, f1: 0.7192, test_loss: 1.5248
loss: 0.0063, acc: 0.9886, test_acc: 0.7179, f1: 0.7144, test_loss: 1.5213
loss: 0.0052, acc: 0.9896, test_acc: 0.7253, f1: 0.7139, test_loss: 1.6059
loss: 0.0153, acc: 0.9904, test_acc: 0.7341, f1: 0.7180, test_loss: 1.7083
loss: 0.0106, acc: 0.9911, test_acc: 0.7312, f1: 0.7154, test_loss: 1.7223
loss: 0.0917, acc: 0.9875, test_acc: 0.7282, f1: 0.7151, test_loss: 1.6785
loss: 0.0024, acc: 0.9883, test_acc: 0.7194, f1: 0.7114, test_loss: 1.5610
loss: 0.0034, acc: 0.9890, test_acc: 0.7282, f1: 0.7218, test_loss: 1.5220
loss: 0.0055, acc: 0.9896, test_acc: 0.7326, f1: 0.7266, test_loss: 1.5488
loss: 0.0018, acc: 0.9901, test_acc: 0.7371, f1: 0.7302, test_loss: 1.5897
loss: 0.0075, acc: 0.9906, test_acc: 0.7356, f1: 0.7283, test_loss: 1.6070
loss: 0.0012, acc: 0.9911, test_acc: 0.7386, f1: 0.7307, test_loss: 1.6221
loss: 0.0014, acc: 0.9915, test_acc: 0.7312, f1: 0.7279, test_loss: 1.5814
loss: 0.0030, acc: 0.9918, test_acc: 0.7297, f1: 0.7267, test_loss: 1.5946
loss: 0.0052, acc: 0.9922, test_acc: 0.7297, f1: 0.7270, test_loss: 1.6065
loss: 0.0057, acc: 0.9925, test_acc: 0.7253, f1: 0.7231, test_loss: 1.6140
loss: 0.0034, acc: 0.9928, test_acc: 0.7312, f1: 0.7244, test_loss: 1.6575
loss: 0.1133, acc: 0.9907, test_acc: 0.7312, f1: 0.7230, test_loss: 1.7051
loss: 0.0231, acc: 0.9911, test_acc: 0.7267, f1: 0.7188, test_loss: 1.7352
loss: 0.1102, acc: 0.9892, test_acc: 0.7326, f1: 0.7249, test_loss: 1.7140
loss: 0.0006, acc: 0.9896, test_acc: 0.7267, f1: 0.7226, test_loss: 1.6623
loss: 0.0641, acc: 0.9899, test_acc: 0.7238, f1: 0.7188, test_loss: 1.7221
loss: 0.0015, acc: 0.9902, test_acc: 0.7282, f1: 0.7200, test_loss: 1.7266
loss: 0.0155, acc: 0.9905, test_acc: 0.7238, f1: 0.7217, test_loss: 1.6399
loss: 0.0015, acc: 0.9908, test_acc: 0.7356, f1: 0.7326, test_loss: 1.6612
loss: 0.0025, acc: 0.9911, test_acc: 0.7312, f1: 0.7280, test_loss: 1.6602
loss: 0.0515, acc: 0.9896, test_acc: 0.7341, f1: 0.7297, test_loss: 1.6554
loss: 0.0354, acc: 0.9882, test_acc: 0.7504, f1: 0.7430, test_loss: 1.6817
loss: 0.0206, acc: 0.9885, test_acc: 0.7474, f1: 0.7374, test_loss: 1.7453
loss: 0.0037, acc: 0.9888, test_acc: 0.7489, f1: 0.7399, test_loss: 1.7249
loss: 0.0011, acc: 0.9891, test_acc: 0.7430, f1: 0.7330, test_loss: 1.8709
loss: 0.0014, acc: 0.9893, test_acc: 0.7415, f1: 0.7278, test_loss: 1.9331
loss: 0.0278, acc: 0.9896, test_acc: 0.7400, f1: 0.7321, test_loss: 1.7884
loss: 0.0047, acc: 0.9898, test_acc: 0.7341, f1: 0.7293, test_loss: 1.7497
loss: 0.0034, acc: 0.9901, test_acc: 0.7046, f1: 0.7055, test_loss: 1.8100
loss: 0.0151, acc: 0.9903, test_acc: 0.7001, f1: 0.7011, test_loss: 1.8373
loss: 0.0161, acc: 0.9905, test_acc: 0.6987, f1: 0.6960, test_loss: 1.9483
loss: 0.0020, acc: 0.9907, test_acc: 0.7223, f1: 0.7164, test_loss: 1.8801
loss: 0.0125, acc: 0.9909, test_acc: 0.7356, f1: 0.7277, test_loss: 1.7046
loss: 0.0575, acc: 0.9911, test_acc: 0.7312, f1: 0.7254, test_loss: 1.6248
loss: 0.0005, acc: 0.9912, test_acc: 0.7134, f1: 0.7101, test_loss: 1.6006
loss: 0.0119, acc: 0.9914, test_acc: 0.7415, f1: 0.7332, test_loss: 1.6406
loss: 0.0014, acc: 0.9916, test_acc: 0.7430, f1: 0.7311, test_loss: 1.7416
loss: 0.3205, acc: 0.9906, test_acc: 0.7459, f1: 0.7352, test_loss: 1.7504
loss: 0.0027, acc: 0.9907, test_acc: 0.7238, f1: 0.7186, test_loss: 1.6440
loss: 0.0780, acc: 0.9898, test_acc: 0.7164, f1: 0.7129, test_loss: 1.6401
loss: 0.0194, acc: 0.9900, test_acc: 0.7341, f1: 0.7259, test_loss: 1.6829
loss: 0.0043, acc: 0.9901, test_acc: 0.7371, f1: 0.7252, test_loss: 1.7866
loss: 0.2270, acc: 0.9892, test_acc: 0.7459, f1: 0.7350, test_loss: 1.8011
loss: 0.0076, acc: 0.9894, test_acc: 0.7445, f1: 0.7361, test_loss: 1.7696
loss: 0.0333, acc: 0.9885, test_acc: 0.7445, f1: 0.7379, test_loss: 1.7157
loss: 0.1662, acc: 0.9877, test_acc: 0.7504, f1: 0.7434, test_loss: 1.6600
loss: 0.0213, acc: 0.9879, test_acc: 0.7208, f1: 0.7182, test_loss: 1.6441
loss: 0.4927, acc: 0.9861, test_acc: 0.7179, f1: 0.7137, test_loss: 1.7174
loss: 0.0015, acc: 0.9863, test_acc: 0.7238, f1: 0.7161, test_loss: 1.6532
loss: 0.0050, acc: 0.9865, test_acc: 0.7504, f1: 0.7392, test_loss: 1.6252
loss: 0.0038, acc: 0.9867, test_acc: 0.7386, f1: 0.7319, test_loss: 1.5609
loss: 0.0201, acc: 0.9869, test_acc: 0.7179, f1: 0.7149, test_loss: 1.5736
loss: 0.0105, acc: 0.9871, test_acc: 0.7459, f1: 0.7398, test_loss: 1.4910
loss: 0.0388, acc: 0.9873, test_acc: 0.7533, f1: 0.7430, test_loss: 1.4899
loss: 0.0095, acc: 0.9875, test_acc: 0.7474, f1: 0.7391, test_loss: 1.4854
loss: 0.0355, acc: 0.9877, test_acc: 0.7400, f1: 0.7337, test_loss: 1.4859
loss: 0.0086, acc: 0.9878, test_acc: 0.7459, f1: 0.7390, test_loss: 1.4932
loss: 0.4977, acc: 0.9872, test_acc: 0.7341, f1: 0.7294, test_loss: 1.4786
loss: 0.2244, acc: 0.9865, test_acc: 0.7489, f1: 0.7404, test_loss: 1.4775
loss: 0.0137, acc: 0.9867, test_acc: 0.7518, f1: 0.7449, test_loss: 1.4688
loss: 0.0005, acc: 0.9867, test_acc: 0.7326, f1: 0.7262, test_loss: 1.5121
Epoch 9 average loss: 0.0386
>>>>>>>>>>>>>>>>>>>>>>>>>>>>>>>>>>>>>>>>>>>>>>>>>>>>>>>>>>>>
epoch: 10
loss: 0.0626, acc: 0.9375, test_acc: 0.7164, f1: 0.7131, test_loss: 1.6929
loss: 0.0895, acc: 0.9375, test_acc: 0.7194, f1: 0.7112, test_loss: 1.6984
loss: 0.0011, acc: 0.9583, test_acc: 0.7430, f1: 0.7317, test_loss: 1.6614
loss: 0.0089, acc: 0.9688, test_acc: 0.7208, f1: 0.7147, test_loss: 1.6349
loss: 0.0046, acc: 0.9750, test_acc: 0.7061, f1: 0.7033, test_loss: 1.6712
loss: 0.0087, acc: 0.9792, test_acc: 0.7120, f1: 0.7078, test_loss: 1.6682
loss: 0.0507, acc: 0.9732, test_acc: 0.7134, f1: 0.7073, test_loss: 1.6348
loss: 0.0090, acc: 0.9766, test_acc: 0.7179, f1: 0.7121, test_loss: 1.6267
loss: 0.0119, acc: 0.9792, test_acc: 0.7208, f1: 0.7161, test_loss: 1.6206
loss: 0.0047, acc: 0.9812, test_acc: 0.7386, f1: 0.7294, test_loss: 1.6523
loss: 0.0007, acc: 0.9830, test_acc: 0.7356, f1: 0.7247, test_loss: 1.7195
loss: 0.0052, acc: 0.9844, test_acc: 0.7371, f1: 0.7265, test_loss: 1.7459
loss: 0.0022, acc: 0.9856, test_acc: 0.7326, f1: 0.7238, test_loss: 1.6856
loss: 0.0004, acc: 0.9866, test_acc: 0.7238, f1: 0.7182, test_loss: 1.6705
loss: 0.0004, acc: 0.9875, test_acc: 0.7223, f1: 0.7206, test_loss: 1.7116
loss: 0.0009, acc: 0.9883, test_acc: 0.7371, f1: 0.7311, test_loss: 1.7137
loss: 0.0058, acc: 0.9890, test_acc: 0.7341, f1: 0.7269, test_loss: 1.7219
loss: 0.0297, acc: 0.9861, test_acc: 0.7312, f1: 0.7232, test_loss: 1.7459
loss: 0.0040, acc: 0.9868, test_acc: 0.7120, f1: 0.7117, test_loss: 1.7649
loss: 0.2152, acc: 0.9812, test_acc: 0.7061, f1: 0.7062, test_loss: 1.7529
loss: 0.0030, acc: 0.9821, test_acc: 0.7253, f1: 0.7205, test_loss: 1.6940
loss: 0.0004, acc: 0.9830, test_acc: 0.7297, f1: 0.7219, test_loss: 1.7447
loss: 0.0008, acc: 0.9837, test_acc: 0.7341, f1: 0.7252, test_loss: 1.7627
loss: 0.0041, acc: 0.9844, test_acc: 0.7223, f1: 0.7170, test_loss: 1.6582
loss: 0.0140, acc: 0.9850, test_acc: 0.7001, f1: 0.7018, test_loss: 1.5821
loss: 0.0162, acc: 0.9856, test_acc: 0.7031, f1: 0.7037, test_loss: 1.5704
loss: 0.0007, acc: 0.9861, test_acc: 0.7341, f1: 0.7247, test_loss: 1.5732
loss: 0.0521, acc: 0.9866, test_acc: 0.7474, f1: 0.7374, test_loss: 1.5834
loss: 0.0017, acc: 0.9871, test_acc: 0.7341, f1: 0.7271, test_loss: 1.5914
loss: 0.0015, acc: 0.9875, test_acc: 0.7267, f1: 0.7217, test_loss: 1.6274
loss: 0.5464, acc: 0.9859, test_acc: 0.7223, f1: 0.7181, test_loss: 1.5985
loss: 0.0222, acc: 0.9863, test_acc: 0.7016, f1: 0.7004, test_loss: 1.5702
loss: 0.0107, acc: 0.9867, test_acc: 0.7194, f1: 0.7161, test_loss: 1.5261
loss: 0.0046, acc: 0.9871, test_acc: 0.7312, f1: 0.7267, test_loss: 1.5299
loss: 0.0022, acc: 0.9875, test_acc: 0.7445, f1: 0.7373, test_loss: 1.5496
loss: 0.0022, acc: 0.9878, test_acc: 0.7459, f1: 0.7381, test_loss: 1.5813
loss: 0.0026, acc: 0.9882, test_acc: 0.7445, f1: 0.7375, test_loss: 1.6026
loss: 0.0077, acc: 0.9885, test_acc: 0.7386, f1: 0.7324, test_loss: 1.6339
loss: 0.0078, acc: 0.9888, test_acc: 0.7386, f1: 0.7323, test_loss: 1.6644
loss: 0.0964, acc: 0.9875, test_acc: 0.7400, f1: 0.7339, test_loss: 1.6675
loss: 0.0717, acc: 0.9878, test_acc: 0.7194, f1: 0.7164, test_loss: 1.6721
loss: 0.0197, acc: 0.9881, test_acc: 0.6928, f1: 0.6935, test_loss: 1.7173
loss: 0.0022, acc: 0.9884, test_acc: 0.6942, f1: 0.6945, test_loss: 1.6588
loss: 0.0163, acc: 0.9886, test_acc: 0.7149, f1: 0.7127, test_loss: 1.6443
loss: 0.0025, acc: 0.9889, test_acc: 0.7267, f1: 0.7221, test_loss: 1.6833
loss: 0.0025, acc: 0.9891, test_acc: 0.7297, f1: 0.7247, test_loss: 1.6750
loss: 0.0006, acc: 0.9894, test_acc: 0.7223, f1: 0.7192, test_loss: 1.6354
loss: 0.0046, acc: 0.9896, test_acc: 0.7179, f1: 0.7182, test_loss: 1.6011
loss: 0.1046, acc: 0.9885, test_acc: 0.7194, f1: 0.7185, test_loss: 1.5703
loss: 0.0162, acc: 0.9888, test_acc: 0.7297, f1: 0.7234, test_loss: 1.5883
loss: 0.0020, acc: 0.9890, test_acc: 0.7504, f1: 0.7382, test_loss: 1.7064
loss: 0.0003, acc: 0.9892, test_acc: 0.7548, f1: 0.7424, test_loss: 1.7222
loss: 0.0007, acc: 0.9894, test_acc: 0.7548, f1: 0.7463, test_loss: 1.6909
loss: 0.0057, acc: 0.9896, test_acc: 0.7356, f1: 0.7313, test_loss: 1.7021
loss: 0.0134, acc: 0.9898, test_acc: 0.7134, f1: 0.7117, test_loss: 1.7320
loss: 0.0051, acc: 0.9900, test_acc: 0.7223, f1: 0.7193, test_loss: 1.7173
loss: 0.0006, acc: 0.9901, test_acc: 0.7504, f1: 0.7423, test_loss: 1.7256
loss: 0.0025, acc: 0.9903, test_acc: 0.7578, f1: 0.7437, test_loss: 1.8381
loss: 0.0022, acc: 0.9905, test_acc: 0.7474, f1: 0.7385, test_loss: 1.7768
loss: 0.0099, acc: 0.9906, test_acc: 0.7075, f1: 0.7084, test_loss: 1.8305
loss: 0.0043, acc: 0.9908, test_acc: 0.7001, f1: 0.7028, test_loss: 1.8866
loss: 0.0017, acc: 0.9909, test_acc: 0.7238, f1: 0.7204, test_loss: 1.8174
loss: 0.0035, acc: 0.9911, test_acc: 0.7356, f1: 0.7290, test_loss: 1.8682
loss: 0.0004, acc: 0.9912, test_acc: 0.7400, f1: 0.7321, test_loss: 1.9334
loss: 0.0021, acc: 0.9913, test_acc: 0.7356, f1: 0.7268, test_loss: 1.9611
loss: 0.0042, acc: 0.9915, test_acc: 0.7120, f1: 0.7080, test_loss: 1.8921
loss: 0.0018, acc: 0.9916, test_acc: 0.7120, f1: 0.7116, test_loss: 1.8580
loss: 0.2442, acc: 0.9908, test_acc: 0.7001, f1: 0.7018, test_loss: 1.8531
loss: 0.0825, acc: 0.9900, test_acc: 0.7120, f1: 0.7118, test_loss: 1.7969
loss: 0.0020, acc: 0.9902, test_acc: 0.7489, f1: 0.7422, test_loss: 1.7770
loss: 0.0356, acc: 0.9903, test_acc: 0.7504, f1: 0.7432, test_loss: 1.8292
loss: 0.0061, acc: 0.9905, test_acc: 0.7297, f1: 0.7241, test_loss: 1.9296
loss: 0.0486, acc: 0.9897, test_acc: 0.7164, f1: 0.7071, test_loss: 2.0577
loss: 0.0267, acc: 0.9899, test_acc: 0.7356, f1: 0.7212, test_loss: 2.0161
loss: 0.0001, acc: 0.9900, test_acc: 0.7356, f1: 0.7221, test_loss: 1.9587
Epoch 10 average loss: 0.0337
>>>>>>>>>>>>>>>>>>>>>>>>>>>>>>>>>>>>>>>>>>>>>>>>>>>>>>>>>>>>
epoch: 11
loss: 0.0076, acc: 1.0000, test_acc: 0.7282, f1: 0.7214, test_loss: 1.8622
loss: 0.1448, acc: 0.9688, test_acc: 0.7031, f1: 0.7007, test_loss: 1.8331
loss: 0.2413, acc: 0.9583, test_acc: 0.6957, f1: 0.7001, test_loss: 1.9191
loss: 0.0007, acc: 0.9688, test_acc: 0.7164, f1: 0.7154, test_loss: 1.7854
loss: 0.0639, acc: 0.9750, test_acc: 0.7371, f1: 0.7297, test_loss: 1.8171
loss: 0.0010, acc: 0.9792, test_acc: 0.7445, f1: 0.7347, test_loss: 1.8315
loss: 0.0051, acc: 0.9821, test_acc: 0.7415, f1: 0.7278, test_loss: 1.9036
loss: 0.0147, acc: 0.9844, test_acc: 0.7415, f1: 0.7273, test_loss: 1.9209
loss: 0.0003, acc: 0.9861, test_acc: 0.7400, f1: 0.7296, test_loss: 1.7677
loss: 0.0001, acc: 0.9875, test_acc: 0.7371, f1: 0.7319, test_loss: 1.6821
loss: 0.0048, acc: 0.9886, test_acc: 0.7267, f1: 0.7243, test_loss: 1.6542
loss: 0.0125, acc: 0.9896, test_acc: 0.7253, f1: 0.7247, test_loss: 1.6578
loss: 0.0199, acc: 0.9904, test_acc: 0.7164, f1: 0.7178, test_loss: 1.6841
loss: 0.0008, acc: 0.9911, test_acc: 0.7312, f1: 0.7297, test_loss: 1.6837
loss: 0.0056, acc: 0.9917, test_acc: 0.7341, f1: 0.7284, test_loss: 1.7043
loss: 0.0014, acc: 0.9922, test_acc: 0.7326, f1: 0.7253, test_loss: 1.7344
loss: 0.0009, acc: 0.9926, test_acc: 0.7371, f1: 0.7298, test_loss: 1.7488
loss: 0.0021, acc: 0.9931, test_acc: 0.7371, f1: 0.7280, test_loss: 1.7760
loss: 0.0066, acc: 0.9934, test_acc: 0.7445, f1: 0.7360, test_loss: 1.7766
loss: 0.0004, acc: 0.9938, test_acc: 0.7474, f1: 0.7406, test_loss: 1.7594
loss: 0.0003, acc: 0.9940, test_acc: 0.7415, f1: 0.7371, test_loss: 1.7337
loss: 0.0385, acc: 0.9915, test_acc: 0.7282, f1: 0.7249, test_loss: 1.7762
loss: 0.0003, acc: 0.9918, test_acc: 0.7267, f1: 0.7233, test_loss: 1.8418
loss: 0.0018, acc: 0.9922, test_acc: 0.7312, f1: 0.7266, test_loss: 1.8617
loss: 0.0009, acc: 0.9925, test_acc: 0.7386, f1: 0.7334, test_loss: 1.8533
loss: 0.0062, acc: 0.9928, test_acc: 0.7430, f1: 0.7373, test_loss: 1.8241
loss: 0.0008, acc: 0.9931, test_acc: 0.7474, f1: 0.7417, test_loss: 1.8176
loss: 0.0006, acc: 0.9933, test_acc: 0.7474, f1: 0.7419, test_loss: 1.8176
loss: 0.0009, acc: 0.9935, test_acc: 0.7504, f1: 0.7413, test_loss: 1.8714
loss: 0.0088, acc: 0.9938, test_acc: 0.7504, f1: 0.7394, test_loss: 1.9761
loss: 0.0133, acc: 0.9940, test_acc: 0.7504, f1: 0.7385, test_loss: 2.0292
loss: 0.0044, acc: 0.9941, test_acc: 0.7563, f1: 0.7458, test_loss: 2.0256
loss: 0.0005, acc: 0.9943, test_acc: 0.7267, f1: 0.7206, test_loss: 2.0757
loss: 0.0050, acc: 0.9945, test_acc: 0.7223, f1: 0.7173, test_loss: 2.0851
loss: 0.0010, acc: 0.9946, test_acc: 0.7031, f1: 0.7009, test_loss: 1.9060
loss: 0.0011, acc: 0.9948, test_acc: 0.7031, f1: 0.7034, test_loss: 1.8515
loss: 0.0031, acc: 0.9949, test_acc: 0.7208, f1: 0.7197, test_loss: 1.7804
loss: 0.0010, acc: 0.9951, test_acc: 0.7253, f1: 0.7211, test_loss: 1.7928
loss: 0.0003, acc: 0.9952, test_acc: 0.7400, f1: 0.7337, test_loss: 1.7730
loss: 0.0022, acc: 0.9953, test_acc: 0.7518, f1: 0.7433, test_loss: 1.7864
loss: 0.0009, acc: 0.9954, test_acc: 0.7459, f1: 0.7403, test_loss: 1.7418
loss: 0.0096, acc: 0.9955, test_acc: 0.7297, f1: 0.7282, test_loss: 1.7340
loss: 0.0008, acc: 0.9956, test_acc: 0.7223, f1: 0.7222, test_loss: 1.7704
loss: 0.0002, acc: 0.9957, test_acc: 0.7297, f1: 0.7256, test_loss: 1.7554
loss: 0.0001, acc: 0.9958, test_acc: 0.7518, f1: 0.7418, test_loss: 1.8017
loss: 0.0005, acc: 0.9959, test_acc: 0.7578, f1: 0.7431, test_loss: 1.9270
loss: 0.0463, acc: 0.9960, test_acc: 0.7504, f1: 0.7330, test_loss: 1.9690
loss: 0.0004, acc: 0.9961, test_acc: 0.7518, f1: 0.7374, test_loss: 1.9034
loss: 0.0003, acc: 0.9962, test_acc: 0.7489, f1: 0.7407, test_loss: 1.8082
loss: 0.0174, acc: 0.9962, test_acc: 0.7326, f1: 0.7276, test_loss: 1.8465
loss: 0.0251, acc: 0.9963, test_acc: 0.7253, f1: 0.7213, test_loss: 1.9003
loss: 0.0647, acc: 0.9952, test_acc: 0.7341, f1: 0.7267, test_loss: 1.8108
loss: 0.0025, acc: 0.9953, test_acc: 0.7326, f1: 0.7256, test_loss: 1.7923
loss: 0.0018, acc: 0.9954, test_acc: 0.7312, f1: 0.7257, test_loss: 1.7510
loss: 0.0149, acc: 0.9955, test_acc: 0.7267, f1: 0.7201, test_loss: 1.7756
loss: 0.0073, acc: 0.9955, test_acc: 0.7267, f1: 0.7191, test_loss: 1.7729
loss: 0.0125, acc: 0.9956, test_acc: 0.7356, f1: 0.7286, test_loss: 1.7571
loss: 0.0130, acc: 0.9957, test_acc: 0.7297, f1: 0.7211, test_loss: 1.7839
loss: 0.0283, acc: 0.9958, test_acc: 0.7312, f1: 0.7201, test_loss: 1.8642
loss: 0.0085, acc: 0.9958, test_acc: 0.7312, f1: 0.7200, test_loss: 1.8893
loss: 0.0066, acc: 0.9959, test_acc: 0.7326, f1: 0.7211, test_loss: 1.8952
loss: 0.0011, acc: 0.9960, test_acc: 0.7341, f1: 0.7245, test_loss: 1.8637
loss: 0.0014, acc: 0.9960, test_acc: 0.7223, f1: 0.7174, test_loss: 1.8396
loss: 0.0082, acc: 0.9961, test_acc: 0.7134, f1: 0.7111, test_loss: 1.9282
loss: 0.0077, acc: 0.9962, test_acc: 0.7075, f1: 0.7062, test_loss: 1.9528
loss: 0.0050, acc: 0.9962, test_acc: 0.7282, f1: 0.7228, test_loss: 1.8604
loss: 0.0009, acc: 0.9963, test_acc: 0.7312, f1: 0.7211, test_loss: 1.9213
loss: 0.0021, acc: 0.9963, test_acc: 0.7267, f1: 0.7165, test_loss: 1.9633
loss: 0.0011, acc: 0.9964, test_acc: 0.7238, f1: 0.7152, test_loss: 1.8857
loss: 0.0425, acc: 0.9955, test_acc: 0.7208, f1: 0.7159, test_loss: 1.8609
loss: 0.0007, acc: 0.9956, test_acc: 0.7208, f1: 0.7157, test_loss: 1.8460
loss: 0.0057, acc: 0.9957, test_acc: 0.7149, f1: 0.7091, test_loss: 1.8674
loss: 0.0075, acc: 0.9957, test_acc: 0.7208, f1: 0.7139, test_loss: 1.8937
loss: 0.0060, acc: 0.9958, test_acc: 0.7164, f1: 0.7091, test_loss: 1.9065
loss: 0.0063, acc: 0.9958, test_acc: 0.7208, f1: 0.7120, test_loss: 1.9310
loss: 0.0025, acc: 0.9959, test_acc: 0.7149, f1: 0.7045, test_loss: 1.9600
Epoch 11 average loss: 0.0221
>>>>>>>>>>>>>>>>>>>>>>>>>>>>>>>>>>>>>>>>>>>>>>>>>>>>>>>>>>>>
epoch: 12
loss: 0.0101, acc: 1.0000, test_acc: 0.7341, f1: 0.7188, test_loss: 2.0434
loss: 0.0006, acc: 1.0000, test_acc: 0.7149, f1: 0.7051, test_loss: 1.9617
loss: 0.0009, acc: 1.0000, test_acc: 0.7179, f1: 0.7100, test_loss: 1.9350
loss: 0.0002, acc: 1.0000, test_acc: 0.7194, f1: 0.7126, test_loss: 1.9288
loss: 0.0002, acc: 1.0000, test_acc: 0.7149, f1: 0.7095, test_loss: 1.9270
loss: 0.0028, acc: 1.0000, test_acc: 0.7179, f1: 0.7095, test_loss: 1.9693
loss: 0.0011, acc: 1.0000, test_acc: 0.7208, f1: 0.7079, test_loss: 2.0491
loss: 0.0004, acc: 1.0000, test_acc: 0.7297, f1: 0.7191, test_loss: 2.0052
loss: 0.0015, acc: 1.0000, test_acc: 0.7282, f1: 0.7212, test_loss: 1.9565
loss: 0.0012, acc: 1.0000, test_acc: 0.7267, f1: 0.7220, test_loss: 1.9092
loss: 0.0073, acc: 1.0000, test_acc: 0.7208, f1: 0.7178, test_loss: 1.9111
loss: 0.0005, acc: 1.0000, test_acc: 0.7223, f1: 0.7191, test_loss: 1.9261
loss: 0.0095, acc: 1.0000, test_acc: 0.7312, f1: 0.7271, test_loss: 1.9148
loss: 0.0003, acc: 1.0000, test_acc: 0.7297, f1: 0.7248, test_loss: 1.9439
loss: 0.0038, acc: 1.0000, test_acc: 0.7312, f1: 0.7256, test_loss: 1.9781
loss: 0.0101, acc: 1.0000, test_acc: 0.7341, f1: 0.7277, test_loss: 1.9892
loss: 0.0019, acc: 1.0000, test_acc: 0.7282, f1: 0.7224, test_loss: 1.9756
loss: 0.0005, acc: 1.0000, test_acc: 0.7326, f1: 0.7264, test_loss: 1.9776
loss: 0.0028, acc: 1.0000, test_acc: 0.7371, f1: 0.7304, test_loss: 1.9829
loss: 0.0744, acc: 0.9969, test_acc: 0.7282, f1: 0.7223, test_loss: 1.9478
loss: 0.0003, acc: 0.9970, test_acc: 0.7267, f1: 0.7226, test_loss: 1.8851
loss: 0.0085, acc: 0.9972, test_acc: 0.7297, f1: 0.7264, test_loss: 1.8537
loss: 0.0009, acc: 0.9973, test_acc: 0.7297, f1: 0.7242, test_loss: 1.8708
loss: 0.1053, acc: 0.9922, test_acc: 0.7267, f1: 0.7195, test_loss: 1.8962
loss: 0.0026, acc: 0.9925, test_acc: 0.7326, f1: 0.7273, test_loss: 1.8641
loss: 0.0075, acc: 0.9928, test_acc: 0.7371, f1: 0.7318, test_loss: 1.8654
loss: 0.0003, acc: 0.9931, test_acc: 0.7356, f1: 0.7314, test_loss: 1.8765
loss: 0.0110, acc: 0.9933, test_acc: 0.7297, f1: 0.7170, test_loss: 2.0188
loss: 0.0313, acc: 0.9935, test_acc: 0.7326, f1: 0.7158, test_loss: 2.1287
loss: 0.0715, acc: 0.9917, test_acc: 0.7356, f1: 0.7185, test_loss: 2.1113
loss: 0.0302, acc: 0.9899, test_acc: 0.7223, f1: 0.7174, test_loss: 1.9658
loss: 0.0003, acc: 0.9902, test_acc: 0.7208, f1: 0.7206, test_loss: 1.9164
loss: 0.0007, acc: 0.9905, test_acc: 0.7208, f1: 0.7194, test_loss: 1.9352
loss: 0.0030, acc: 0.9908, test_acc: 0.7371, f1: 0.7295, test_loss: 1.9937
loss: 0.0547, acc: 0.9911, test_acc: 0.7445, f1: 0.7312, test_loss: 2.0921
loss: 0.0041, acc: 0.9913, test_acc: 0.7445, f1: 0.7290, test_loss: 2.1090
loss: 0.1672, acc: 0.9899, test_acc: 0.7356, f1: 0.7209, test_loss: 2.0811
loss: 0.0128, acc: 0.9901, test_acc: 0.7282, f1: 0.7221, test_loss: 1.9342
loss: 0.1437, acc: 0.9888, test_acc: 0.7075, f1: 0.7080, test_loss: 1.8996
loss: 0.0701, acc: 0.9875, test_acc: 0.6987, f1: 0.7017, test_loss: 1.9858
loss: 0.0193, acc: 0.9878, test_acc: 0.7282, f1: 0.7235, test_loss: 1.9315
loss: 0.0014, acc: 0.9881, test_acc: 0.7282, f1: 0.7149, test_loss: 2.0842
loss: 0.0032, acc: 0.9884, test_acc: 0.7356, f1: 0.7213, test_loss: 2.0225
loss: 0.2510, acc: 0.9872, test_acc: 0.7445, f1: 0.7381, test_loss: 1.8221
loss: 0.2042, acc: 0.9847, test_acc: 0.6942, f1: 0.7010, test_loss: 1.9199
loss: 0.0072, acc: 0.9851, test_acc: 0.7267, f1: 0.7209, test_loss: 1.7777
loss: 0.0972, acc: 0.9840, test_acc: 0.7297, f1: 0.7107, test_loss: 2.1174
loss: 0.3879, acc: 0.9831, test_acc: 0.7253, f1: 0.7061, test_loss: 2.1369
loss: 0.0010, acc: 0.9834, test_acc: 0.7415, f1: 0.7349, test_loss: 1.6927
loss: 0.0038, acc: 0.9838, test_acc: 0.6854, f1: 0.6899, test_loss: 1.8094
loss: 0.0080, acc: 0.9841, test_acc: 0.6544, f1: 0.6634, test_loss: 1.9988
loss: 0.0071, acc: 0.9844, test_acc: 0.7223, f1: 0.7200, test_loss: 1.7273
loss: 0.0396, acc: 0.9847, test_acc: 0.7075, f1: 0.7009, test_loss: 1.8583
loss: 0.0087, acc: 0.9850, test_acc: 0.6913, f1: 0.6837, test_loss: 2.1254
loss: 0.0543, acc: 0.9852, test_acc: 0.7105, f1: 0.7005, test_loss: 1.9345
loss: 0.0020, acc: 0.9855, test_acc: 0.7075, f1: 0.7071, test_loss: 1.7278
loss: 0.3338, acc: 0.9846, test_acc: 0.7046, f1: 0.7072, test_loss: 1.7906
loss: 0.0077, acc: 0.9849, test_acc: 0.7430, f1: 0.7323, test_loss: 1.6237
loss: 0.0773, acc: 0.9852, test_acc: 0.7400, f1: 0.7199, test_loss: 1.8380
loss: 0.0095, acc: 0.9854, test_acc: 0.7489, f1: 0.7326, test_loss: 1.7200
loss: 0.0092, acc: 0.9857, test_acc: 0.7489, f1: 0.7336, test_loss: 1.6563
loss: 0.0016, acc: 0.9859, test_acc: 0.7400, f1: 0.7265, test_loss: 1.6534
loss: 0.0008, acc: 0.9861, test_acc: 0.7253, f1: 0.7195, test_loss: 1.5380
loss: 0.1281, acc: 0.9854, test_acc: 0.7238, f1: 0.7208, test_loss: 1.5046
loss: 0.3332, acc: 0.9846, test_acc: 0.7267, f1: 0.7227, test_loss: 1.5778
loss: 0.6047, acc: 0.9830, test_acc: 0.7459, f1: 0.7325, test_loss: 1.5500
loss: 0.0098, acc: 0.9832, test_acc: 0.7341, f1: 0.7126, test_loss: 1.6240
loss: 0.1060, acc: 0.9825, test_acc: 0.7400, f1: 0.7197, test_loss: 1.6105
loss: 0.0107, acc: 0.9828, test_acc: 0.7400, f1: 0.7255, test_loss: 1.5259
loss: 0.0031, acc: 0.9830, test_acc: 0.7208, f1: 0.7113, test_loss: 1.5265
loss: 0.0006, acc: 0.9833, test_acc: 0.7194, f1: 0.7137, test_loss: 1.5924
loss: 0.1085, acc: 0.9826, test_acc: 0.7223, f1: 0.7167, test_loss: 1.5938
loss: 0.0010, acc: 0.9829, test_acc: 0.7061, f1: 0.7047, test_loss: 1.6051
loss: 0.0254, acc: 0.9831, test_acc: 0.7208, f1: 0.7201, test_loss: 1.6194
loss: 0.0902, acc: 0.9825, test_acc: 0.7297, f1: 0.7236, test_loss: 1.6539
loss: 0.1922, acc: 0.9819, test_acc: 0.7386, f1: 0.7267, test_loss: 1.7215
Epoch 12 average loss: 0.0445
>>>>>>>>>>>>>>>>>>>>>>>>>>>>>>>>>>>>>>>>>>>>>>>>>>>>>>>>>>>>
epoch: 13
loss: 1.1454, acc: 0.7500, test_acc: 0.6204, f1: 0.6359, test_loss: 2.2804
loss: 0.1216, acc: 0.8125, test_acc: 0.7046, f1: 0.7045, test_loss: 1.4345
loss: 0.1097, acc: 0.8750, test_acc: 0.7238, f1: 0.6945, test_loss: 1.8028
loss: 0.5322, acc: 0.8906, test_acc: 0.7016, f1: 0.6730, test_loss: 1.8957
loss: 0.1955, acc: 0.9000, test_acc: 0.6928, f1: 0.6827, test_loss: 1.7014
loss: 0.1313, acc: 0.9062, test_acc: 0.7031, f1: 0.7025, test_loss: 1.4923
loss: 0.0145, acc: 0.9196, test_acc: 0.7194, f1: 0.7200, test_loss: 1.4693
loss: 0.0965, acc: 0.9219, test_acc: 0.7179, f1: 0.7175, test_loss: 1.5148
loss: 0.0185, acc: 0.9306, test_acc: 0.7297, f1: 0.7288, test_loss: 1.4995
loss: 0.0011, acc: 0.9375, test_acc: 0.7400, f1: 0.7356, test_loss: 1.4972
loss: 0.0106, acc: 0.9432, test_acc: 0.7386, f1: 0.7360, test_loss: 1.4458
loss: 0.0081, acc: 0.9479, test_acc: 0.7430, f1: 0.7394, test_loss: 1.3864
loss: 0.0031, acc: 0.9519, test_acc: 0.7578, f1: 0.7514, test_loss: 1.3853
loss: 0.0030, acc: 0.9554, test_acc: 0.7430, f1: 0.7346, test_loss: 1.4394
loss: 0.0296, acc: 0.9583, test_acc: 0.7341, f1: 0.7257, test_loss: 1.4648
loss: 0.1976, acc: 0.9570, test_acc: 0.7504, f1: 0.7395, test_loss: 1.4763
loss: 0.0012, acc: 0.9596, test_acc: 0.7415, f1: 0.7283, test_loss: 1.5221
loss: 0.0191, acc: 0.9618, test_acc: 0.7386, f1: 0.7235, test_loss: 1.5773
loss: 0.0043, acc: 0.9638, test_acc: 0.7415, f1: 0.7278, test_loss: 1.5621
loss: 0.0019, acc: 0.9656, test_acc: 0.7326, f1: 0.7208, test_loss: 1.5803
loss: 0.0115, acc: 0.9673, test_acc: 0.7267, f1: 0.7183, test_loss: 1.5885
loss: 0.0656, acc: 0.9659, test_acc: 0.7326, f1: 0.7263, test_loss: 1.5702
loss: 0.0051, acc: 0.9674, test_acc: 0.7474, f1: 0.7379, test_loss: 1.5797
loss: 0.0095, acc: 0.9688, test_acc: 0.7430, f1: 0.7353, test_loss: 1.5678
loss: 0.0009, acc: 0.9700, test_acc: 0.7445, f1: 0.7376, test_loss: 1.5832
loss: 0.0009, acc: 0.9712, test_acc: 0.7518, f1: 0.7432, test_loss: 1.6126
loss: 0.2745, acc: 0.9699, test_acc: 0.7578, f1: 0.7458, test_loss: 1.6786
loss: 0.0895, acc: 0.9688, test_acc: 0.7371, f1: 0.7320, test_loss: 1.5699
loss: 0.0056, acc: 0.9698, test_acc: 0.7194, f1: 0.7192, test_loss: 1.5578
loss: 0.0094, acc: 0.9708, test_acc: 0.7238, f1: 0.7200, test_loss: 1.5816
loss: 0.0013, acc: 0.9718, test_acc: 0.7341, f1: 0.7252, test_loss: 1.6039
loss: 0.0137, acc: 0.9727, test_acc: 0.7356, f1: 0.7221, test_loss: 1.6583
loss: 0.0113, acc: 0.9735, test_acc: 0.7312, f1: 0.7221, test_loss: 1.5366
loss: 0.0021, acc: 0.9743, test_acc: 0.7282, f1: 0.7239, test_loss: 1.4944
loss: 0.0040, acc: 0.9750, test_acc: 0.7312, f1: 0.7275, test_loss: 1.4720
loss: 0.0275, acc: 0.9757, test_acc: 0.7400, f1: 0.7325, test_loss: 1.4762
loss: 0.0337, acc: 0.9764, test_acc: 0.7415, f1: 0.7307, test_loss: 1.5182
loss: 0.0558, acc: 0.9770, test_acc: 0.7341, f1: 0.7229, test_loss: 1.5514
loss: 0.0756, acc: 0.9776, test_acc: 0.7430, f1: 0.7330, test_loss: 1.5329
loss: 0.1314, acc: 0.9766, test_acc: 0.7341, f1: 0.7277, test_loss: 1.5638
loss: 0.3239, acc: 0.9756, test_acc: 0.7282, f1: 0.7218, test_loss: 1.6376
loss: 0.0210, acc: 0.9762, test_acc: 0.7253, f1: 0.7202, test_loss: 1.6221
loss: 0.0228, acc: 0.9767, test_acc: 0.7341, f1: 0.7281, test_loss: 1.5983
loss: 0.0024, acc: 0.9773, test_acc: 0.7415, f1: 0.7339, test_loss: 1.5936
loss: 0.0006, acc: 0.9778, test_acc: 0.7504, f1: 0.7399, test_loss: 1.6420
loss: 0.0235, acc: 0.9783, test_acc: 0.7548, f1: 0.7423, test_loss: 1.6800
loss: 0.0019, acc: 0.9787, test_acc: 0.7489, f1: 0.7371, test_loss: 1.6738
loss: 0.0017, acc: 0.9792, test_acc: 0.7474, f1: 0.7393, test_loss: 1.6666
loss: 0.0125, acc: 0.9796, test_acc: 0.7430, f1: 0.7353, test_loss: 1.6904
loss: 0.0079, acc: 0.9800, test_acc: 0.7445, f1: 0.7377, test_loss: 1.6646
loss: 0.0128, acc: 0.9804, test_acc: 0.7489, f1: 0.7427, test_loss: 1.6431
loss: 0.0003, acc: 0.9808, test_acc: 0.7430, f1: 0.7358, test_loss: 1.6647
loss: 0.0019, acc: 0.9811, test_acc: 0.7445, f1: 0.7368, test_loss: 1.6959
loss: 0.0006, acc: 0.9815, test_acc: 0.7548, f1: 0.7472, test_loss: 1.7313
loss: 0.0860, acc: 0.9818, test_acc: 0.7533, f1: 0.7460, test_loss: 1.7497
loss: 0.0061, acc: 0.9821, test_acc: 0.7400, f1: 0.7306, test_loss: 1.7866
loss: 0.1102, acc: 0.9814, test_acc: 0.7326, f1: 0.7198, test_loss: 1.8578
loss: 0.0164, acc: 0.9817, test_acc: 0.7371, f1: 0.7254, test_loss: 1.7990
loss: 0.0035, acc: 0.9820, test_acc: 0.7356, f1: 0.7223, test_loss: 1.8056
loss: 0.0003, acc: 0.9823, test_acc: 0.7371, f1: 0.7209, test_loss: 1.8517
loss: 0.0022, acc: 0.9826, test_acc: 0.7386, f1: 0.7228, test_loss: 1.8211
loss: 0.0079, acc: 0.9829, test_acc: 0.7386, f1: 0.7242, test_loss: 1.7808
loss: 0.0271, acc: 0.9831, test_acc: 0.7459, f1: 0.7329, test_loss: 1.7430
loss: 0.0042, acc: 0.9834, test_acc: 0.7533, f1: 0.7422, test_loss: 1.7234
loss: 0.0052, acc: 0.9837, test_acc: 0.7533, f1: 0.7443, test_loss: 1.7047
loss: 0.0007, acc: 0.9839, test_acc: 0.7518, f1: 0.7428, test_loss: 1.7038
loss: 0.0021, acc: 0.9841, test_acc: 0.7430, f1: 0.7314, test_loss: 1.7847
loss: 0.0035, acc: 0.9844, test_acc: 0.7459, f1: 0.7353, test_loss: 1.8237
loss: 0.1407, acc: 0.9837, test_acc: 0.7459, f1: 0.7350, test_loss: 1.8122
loss: 0.0079, acc: 0.9839, test_acc: 0.7430, f1: 0.7323, test_loss: 1.7513
loss: 0.0271, acc: 0.9842, test_acc: 0.7400, f1: 0.7291, test_loss: 1.7235
loss: 0.0083, acc: 0.9844, test_acc: 0.7415, f1: 0.7311, test_loss: 1.7110
loss: 0.0012, acc: 0.9846, test_acc: 0.7445, f1: 0.7333, test_loss: 1.7280
loss: 0.0017, acc: 0.9848, test_acc: 0.7415, f1: 0.7324, test_loss: 1.6954
loss: 0.0165, acc: 0.9850, test_acc: 0.7474, f1: 0.7407, test_loss: 1.6496
loss: 0.0033, acc: 0.9852, test_acc: 0.7459, f1: 0.7380, test_loss: 1.6741
Epoch 13 average loss: 0.0502
>>>>>>>>>>>>>>>>>>>>>>>>>>>>>>>>>>>>>>>>>>>>>>>>>>>>>>>>>>>>
epoch: 14
loss: 0.0013, acc: 1.0000, test_acc: 0.7459, f1: 0.7355, test_loss: 1.7139
loss: 0.0059, acc: 1.0000, test_acc: 0.7400, f1: 0.7272, test_loss: 1.7448
loss: 0.0192, acc: 1.0000, test_acc: 0.7474, f1: 0.7388, test_loss: 1.6934
loss: 0.0008, acc: 1.0000, test_acc: 0.7445, f1: 0.7375, test_loss: 1.6874
loss: 0.0100, acc: 1.0000, test_acc: 0.7341, f1: 0.7281, test_loss: 1.7012
loss: 0.0115, acc: 1.0000, test_acc: 0.7386, f1: 0.7307, test_loss: 1.7278
loss: 0.0038, acc: 1.0000, test_acc: 0.7489, f1: 0.7396, test_loss: 1.7838
loss: 0.0003, acc: 1.0000, test_acc: 0.7518, f1: 0.7409, test_loss: 1.8450
loss: 0.0391, acc: 1.0000, test_acc: 0.7474, f1: 0.7360, test_loss: 1.8384
loss: 0.0426, acc: 0.9938, test_acc: 0.7504, f1: 0.7431, test_loss: 1.7932
loss: 0.0003, acc: 0.9943, test_acc: 0.7533, f1: 0.7476, test_loss: 1.8560
loss: 0.0140, acc: 0.9948, test_acc: 0.7489, f1: 0.7429, test_loss: 1.8801
loss: 0.0013, acc: 0.9952, test_acc: 0.7518, f1: 0.7428, test_loss: 1.8948
loss: 0.0005, acc: 0.9955, test_acc: 0.7474, f1: 0.7338, test_loss: 1.9650
loss: 0.0036, acc: 0.9958, test_acc: 0.7459, f1: 0.7290, test_loss: 2.0317
loss: 0.0153, acc: 0.9961, test_acc: 0.7386, f1: 0.7247, test_loss: 1.9728
loss: 0.0914, acc: 0.9926, test_acc: 0.7489, f1: 0.7376, test_loss: 1.9132
loss: 0.0032, acc: 0.9931, test_acc: 0.7386, f1: 0.7284, test_loss: 1.8704
loss: 0.0581, acc: 0.9934, test_acc: 0.7297, f1: 0.7224, test_loss: 1.8389
loss: 0.0004, acc: 0.9938, test_acc: 0.7208, f1: 0.7188, test_loss: 1.8105
loss: 0.0056, acc: 0.9940, test_acc: 0.7297, f1: 0.7276, test_loss: 1.8355
loss: 0.0061, acc: 0.9943, test_acc: 0.7326, f1: 0.7303, test_loss: 1.8787
loss: 0.0106, acc: 0.9946, test_acc: 0.7430, f1: 0.7345, test_loss: 1.7944
loss: 0.0003, acc: 0.9948, test_acc: 0.7563, f1: 0.7410, test_loss: 1.8973
loss: 0.0007, acc: 0.9950, test_acc: 0.7548, f1: 0.7401, test_loss: 1.9248
loss: 0.0489, acc: 0.9928, test_acc: 0.7297, f1: 0.7182, test_loss: 1.9685
loss: 0.0151, acc: 0.9931, test_acc: 0.7326, f1: 0.7229, test_loss: 1.8710
loss: 0.0053, acc: 0.9933, test_acc: 0.7430, f1: 0.7371, test_loss: 1.6224
loss: 0.0499, acc: 0.9914, test_acc: 0.7386, f1: 0.7327, test_loss: 1.5468
loss: 0.0005, acc: 0.9917, test_acc: 0.7489, f1: 0.7372, test_loss: 1.5577
loss: 0.0133, acc: 0.9919, test_acc: 0.7533, f1: 0.7401, test_loss: 1.5831
loss: 0.0154, acc: 0.9922, test_acc: 0.7563, f1: 0.7427, test_loss: 1.6031
loss: 0.0048, acc: 0.9924, test_acc: 0.7445, f1: 0.7344, test_loss: 1.6074
loss: 0.0087, acc: 0.9926, test_acc: 0.7371, f1: 0.7293, test_loss: 1.6053
loss: 0.0150, acc: 0.9929, test_acc: 0.7489, f1: 0.7415, test_loss: 1.5568
loss: 0.0229, acc: 0.9931, test_acc: 0.7430, f1: 0.7380, test_loss: 1.5828
loss: 0.0005, acc: 0.9932, test_acc: 0.7459, f1: 0.7418, test_loss: 1.5822
loss: 0.0034, acc: 0.9934, test_acc: 0.7356, f1: 0.7306, test_loss: 1.5931
loss: 0.0065, acc: 0.9936, test_acc: 0.7459, f1: 0.7364, test_loss: 1.6234
loss: 0.0003, acc: 0.9938, test_acc: 0.7430, f1: 0.7283, test_loss: 1.7229
loss: 0.5156, acc: 0.9909, test_acc: 0.7371, f1: 0.7236, test_loss: 1.7007
loss: 0.0164, acc: 0.9911, test_acc: 0.7253, f1: 0.7236, test_loss: 1.6242
loss: 0.0284, acc: 0.9913, test_acc: 0.7031, f1: 0.7040, test_loss: 1.6569
loss: 0.0017, acc: 0.9915, test_acc: 0.7253, f1: 0.7207, test_loss: 1.6464
loss: 0.0029, acc: 0.9917, test_acc: 0.7341, f1: 0.7259, test_loss: 1.7391
loss: 0.0117, acc: 0.9918, test_acc: 0.7282, f1: 0.7188, test_loss: 1.8338
loss: 0.0164, acc: 0.9920, test_acc: 0.7267, f1: 0.7179, test_loss: 1.8914
loss: 0.0012, acc: 0.9922, test_acc: 0.7267, f1: 0.7193, test_loss: 1.9297
loss: 0.0086, acc: 0.9923, test_acc: 0.7326, f1: 0.7227, test_loss: 1.8646
loss: 0.0005, acc: 0.9925, test_acc: 0.7356, f1: 0.7231, test_loss: 1.9102
loss: 0.0274, acc: 0.9926, test_acc: 0.7371, f1: 0.7227, test_loss: 1.9593
loss: 0.0002, acc: 0.9928, test_acc: 0.7400, f1: 0.7334, test_loss: 1.8068
loss: 0.0012, acc: 0.9929, test_acc: 0.7267, f1: 0.7230, test_loss: 1.8657
loss: 0.0380, acc: 0.9931, test_acc: 0.7179, f1: 0.7115, test_loss: 1.8989
loss: 0.2437, acc: 0.9920, test_acc: 0.7326, f1: 0.7226, test_loss: 1.8444
loss: 0.0001, acc: 0.9922, test_acc: 0.7533, f1: 0.7416, test_loss: 1.8612
loss: 0.0050, acc: 0.9923, test_acc: 0.7386, f1: 0.7264, test_loss: 1.9605
loss: 0.0179, acc: 0.9925, test_acc: 0.7341, f1: 0.7283, test_loss: 1.7971
loss: 0.0004, acc: 0.9926, test_acc: 0.7208, f1: 0.7172, test_loss: 1.8376
loss: 0.0106, acc: 0.9927, test_acc: 0.7223, f1: 0.7194, test_loss: 1.8463
loss: 0.0001, acc: 0.9928, test_acc: 0.7326, f1: 0.7276, test_loss: 1.7914
loss: 0.0158, acc: 0.9929, test_acc: 0.7371, f1: 0.7311, test_loss: 1.8322
loss: 0.0036, acc: 0.9931, test_acc: 0.7400, f1: 0.7340, test_loss: 1.8338
loss: 0.0532, acc: 0.9932, test_acc: 0.7400, f1: 0.7345, test_loss: 1.8009
loss: 0.0586, acc: 0.9933, test_acc: 0.7489, f1: 0.7415, test_loss: 1.7868
loss: 0.0007, acc: 0.9934, test_acc: 0.7415, f1: 0.7349, test_loss: 1.8112
loss: 0.0029, acc: 0.9935, test_acc: 0.7386, f1: 0.7319, test_loss: 1.8216
loss: 0.0118, acc: 0.9936, test_acc: 0.7356, f1: 0.7286, test_loss: 1.8286
loss: 0.2238, acc: 0.9928, test_acc: 0.7400, f1: 0.7326, test_loss: 1.8279
loss: 0.1650, acc: 0.9920, test_acc: 0.7489, f1: 0.7381, test_loss: 1.8535
loss: 0.0117, acc: 0.9921, test_acc: 0.7445, f1: 0.7303, test_loss: 1.9443
loss: 0.0469, acc: 0.9922, test_acc: 0.7459, f1: 0.7321, test_loss: 1.8557
loss: 0.0002, acc: 0.9923, test_acc: 0.7504, f1: 0.7449, test_loss: 1.7337
loss: 0.0033, acc: 0.9924, test_acc: 0.7001, f1: 0.6995, test_loss: 1.9331
loss: 0.0462, acc: 0.9925, test_acc: 0.7238, f1: 0.7229, test_loss: 1.7921
loss: 0.0432, acc: 0.9925, test_acc: 0.7400, f1: 0.7379, test_loss: 1.6439
Epoch 14 average loss: 0.0333
Loss plot saved to ./loss_plots/ce-qca2t_loss_plot_20240727_2232.png
max_test_acc: 0.7740029542097489, max_f1: 0.764550328897386
>> saved: ./state_dict/ce-qca_twitter_acc_0.7740_f1_0.7590
############################################################
max_test_acc_overall:0.7740029542097489
max_f1_overall:0.764550328897386
Precision, Recall and F1-Score...
              precision    recall  f1-score   support

           0     0.7910    0.6163    0.6928       172
           1     0.7554    0.8225    0.7875       169
           2     0.7883    0.8423    0.8144       336

    accuracy                         0.7799       677
   macro avg     0.7783    0.7603    0.7649       677
weighted avg     0.7808    0.7799    0.7768       677

Confusion Matrix...
[[106  15  51]
 [  5 139  25]
 [ 23  30 283]]
