cuda memory allocated: 550128640
n_trainable_params: 137109411, n_nontrainable_params: 0
training arguments:
>>> model_name: ce-qca
>>> dataset: laptop
>>> optimizer: <class 'torch.optim.adam.Adam'>
>>> initializer: <function xavier_uniform_ at 0x7f389246eaf0>
>>> learning_rate: 0.001
>>> num_epoch: 15
>>> batch_size: 16
>>> log_step: 5
>>> embed_dim: 300
>>> post_dim: 30
>>> pos_dim: 30
>>> deprel_dim: 30
>>> hidden_dim: 768
>>> num_layers: 3
>>> polarities_dim: 3
>>> input_dropout: 0.5
>>> lower: True
>>> directed: False
>>> add_self_loop: True
>>> use_rnn: False
>>> bidirect: True
>>> rnn_hidden: 60
>>> rnn_layers: 1
>>> rnn_dropout: 0.1
>>> max_length: 100
>>> device: cuda:0
>>> seed: 1000
>>> weight_decay: 0.0001
>>> vocab_dir: ./datasets/Laptops_corenlp
>>> pad_id: 0
>>> graph_conv_type: gin
>>> graph_conv_attention_heads: 4
>>> graph_conv_attn_dropout: 0.0
>>> attention_heads: 6
>>> attn_dropout: 0.2
>>> ffn_dropout: 0.5
>>> norm: ln
>>> max_position: 9
>>> scheduler: none
>>> warmup: 2
>>> balance_loss: True
>>> cuda: 0
>>> pretrained_bert_name: bert-base-uncased
>>> adam_epsilon: 1e-08
>>> bert_dim: 768
>>> bert_dropout: 0.5
>>> bert_lr: 2e-05
>>> finetune_weight_decay: 0.01
>>> model_class: <class 'models.ce_qca.CEQCA'>
>>> dataset_file: {'train': './datasets/Laptops_corenlp/train.json', 'test': './datasets/Laptops_corenlp/test.json'}
>>> inputs_cols: ['text_bert_indices', 'bert_segments_ids', 'attention_mask', 'asp_start', 'asp_end', 'adj_matrix', 'src_mask', 'aspect_mask']
>>> deprel_size: 41
layered learning rate on
>>>>>>>>>>>>>>>>>>>>>>>>>>>>>>>>>>>>>>>>>>>>>>>>>>>>>>>>>>>>
epoch: 0
>> saved: ./state_dict/ce-qca_laptop_acc_0.2421_f1_0.2210
loss: 2.9781, acc: 0.3750, test_acc: 0.2421, f1: 0.2210, test_loss: 2.5300
>> saved: ./state_dict/ce-qca_laptop_acc_0.4826_f1_0.3572
loss: 2.0423, acc: 0.4062, test_acc: 0.4826, f1: 0.3572, test_loss: 1.3769
>> saved: ./state_dict/ce-qca_laptop_acc_0.4984_f1_0.4648
loss: 1.3374, acc: 0.4167, test_acc: 0.4984, f1: 0.4648, test_loss: 1.0549
loss: 0.8868, acc: 0.4688, test_acc: 0.3449, f1: 0.2932, test_loss: 1.4201
>> saved: ./state_dict/ce-qca_laptop_acc_0.5411_f1_0.3908
loss: 1.2371, acc: 0.4625, test_acc: 0.5411, f1: 0.3908, test_loss: 1.0671
loss: 1.0640, acc: 0.4479, test_acc: 0.4826, f1: 0.4201, test_loss: 1.0140
loss: 1.8349, acc: 0.4286, test_acc: 0.3877, f1: 0.3857, test_loss: 1.2551
>> saved: ./state_dict/ce-qca_laptop_acc_0.5443_f1_0.4971
loss: 1.5603, acc: 0.4141, test_acc: 0.5443, f1: 0.4971, test_loss: 0.9853
loss: 1.2842, acc: 0.4097, test_acc: 0.4130, f1: 0.3589, test_loss: 1.2331
loss: 1.1129, acc: 0.4188, test_acc: 0.4225, f1: 0.3253, test_loss: 1.5106
loss: 0.9002, acc: 0.4432, test_acc: 0.4826, f1: 0.3772, test_loss: 1.3289
loss: 1.1362, acc: 0.4531, test_acc: 0.4462, f1: 0.3922, test_loss: 1.0050
>> saved: ./state_dict/ce-qca_laptop_acc_0.5918_f1_0.5562
loss: 1.0090, acc: 0.4567, test_acc: 0.5918, f1: 0.5562, test_loss: 0.8997
>> saved: ./state_dict/ce-qca_laptop_acc_0.6234_f1_0.5231
loss: 1.9590, acc: 0.4464, test_acc: 0.6234, f1: 0.5231, test_loss: 0.9316
loss: 1.4006, acc: 0.4292, test_acc: 0.5047, f1: 0.4768, test_loss: 0.9460
loss: 0.8390, acc: 0.4375, test_acc: 0.6218, f1: 0.4811, test_loss: 0.9483
loss: 1.3298, acc: 0.4449, test_acc: 0.6218, f1: 0.5836, test_loss: 0.8636
loss: 0.8826, acc: 0.4514, test_acc: 0.6092, f1: 0.5887, test_loss: 0.8269
>> saved: ./state_dict/ce-qca_laptop_acc_0.6646_f1_0.5211
loss: 1.5774, acc: 0.4474, test_acc: 0.6646, f1: 0.5211, test_loss: 0.9245
loss: 1.0725, acc: 0.4469, test_acc: 0.6028, f1: 0.5863, test_loss: 0.8031
>> saved: ./state_dict/ce-qca_laptop_acc_0.7152_f1_0.6684
loss: 0.7290, acc: 0.4583, test_acc: 0.7152, f1: 0.6684, test_loss: 0.6914
loss: 1.0631, acc: 0.4688, test_acc: 0.6820, f1: 0.5312, test_loss: 0.9437
>> saved: ./state_dict/ce-qca_laptop_acc_0.7231_f1_0.6860
loss: 0.5960, acc: 0.4810, test_acc: 0.7231, f1: 0.6860, test_loss: 0.6706
>> saved: ./state_dict/ce-qca_laptop_acc_0.7326_f1_0.7021
loss: 0.5980, acc: 0.4896, test_acc: 0.7326, f1: 0.7021, test_loss: 0.6477
loss: 0.9006, acc: 0.4950, test_acc: 0.7231, f1: 0.6541, test_loss: 0.7032
loss: 0.6414, acc: 0.5072, test_acc: 0.7310, f1: 0.6970, test_loss: 0.6413
loss: 0.7917, acc: 0.5139, test_acc: 0.7199, f1: 0.6841, test_loss: 0.6241
>> saved: ./state_dict/ce-qca_laptop_acc_0.7373_f1_0.7047
loss: 0.9262, acc: 0.5134, test_acc: 0.7373, f1: 0.7047, test_loss: 0.6374
Epoch 0 average loss: 1.2440
>>>>>>>>>>>>>>>>>>>>>>>>>>>>>>>>>>>>>>>>>>>>>>>>>>>>>>>>>>>>
epoch: 1
>> saved: ./state_dict/ce-qca_laptop_acc_0.7563_f1_0.7165
loss: 0.7550, acc: 0.7500, test_acc: 0.7563, f1: 0.7165, test_loss: 0.6069
loss: 0.7345, acc: 0.7812, test_acc: 0.7500, f1: 0.7160, test_loss: 0.6136
loss: 0.4245, acc: 0.8125, test_acc: 0.7342, f1: 0.6949, test_loss: 0.6849
loss: 0.7608, acc: 0.7812, test_acc: 0.7342, f1: 0.6667, test_loss: 0.7416
>> saved: ./state_dict/ce-qca_laptop_acc_0.7642_f1_0.7287
loss: 1.0519, acc: 0.7500, test_acc: 0.7642, f1: 0.7287, test_loss: 0.5947
>> saved: ./state_dict/ce-qca_laptop_acc_0.7674_f1_0.7361
loss: 0.4690, acc: 0.7604, test_acc: 0.7674, f1: 0.7361, test_loss: 0.5977
loss: 0.8827, acc: 0.7679, test_acc: 0.7247, f1: 0.6562, test_loss: 0.7862
loss: 0.7748, acc: 0.7500, test_acc: 0.7627, f1: 0.7306, test_loss: 0.5749
loss: 0.5618, acc: 0.7569, test_acc: 0.7358, f1: 0.6905, test_loss: 0.6628
loss: 0.8397, acc: 0.7562, test_acc: 0.7278, f1: 0.6392, test_loss: 0.7540
loss: 0.8327, acc: 0.7330, test_acc: 0.7358, f1: 0.7111, test_loss: 0.5947
loss: 0.7183, acc: 0.7292, test_acc: 0.7421, f1: 0.7024, test_loss: 0.6912
loss: 0.7360, acc: 0.7260, test_acc: 0.7642, f1: 0.7322, test_loss: 0.5687
loss: 0.4284, acc: 0.7366, test_acc: 0.7547, f1: 0.6989, test_loss: 0.6740
loss: 0.6747, acc: 0.7292, test_acc: 0.7563, f1: 0.7226, test_loss: 0.6385
loss: 0.4686, acc: 0.7344, test_acc: 0.7563, f1: 0.7122, test_loss: 0.6644
>> saved: ./state_dict/ce-qca_laptop_acc_0.7706_f1_0.7323
loss: 0.7944, acc: 0.7243, test_acc: 0.7706, f1: 0.7323, test_loss: 0.5839
loss: 0.3214, acc: 0.7292, test_acc: 0.7706, f1: 0.7325, test_loss: 0.5865
loss: 0.7085, acc: 0.7303, test_acc: 0.7690, f1: 0.7255, test_loss: 0.6068
loss: 1.0378, acc: 0.7250, test_acc: 0.7342, f1: 0.6696, test_loss: 0.6781
loss: 0.3737, acc: 0.7351, test_acc: 0.7642, f1: 0.7289, test_loss: 0.5667
loss: 0.5251, acc: 0.7386, test_acc: 0.7342, f1: 0.6989, test_loss: 0.5735
loss: 0.5367, acc: 0.7391, test_acc: 0.7547, f1: 0.7057, test_loss: 0.6284
loss: 0.6398, acc: 0.7370, test_acc: 0.7468, f1: 0.6698, test_loss: 0.7832
loss: 0.3426, acc: 0.7425, test_acc: 0.7595, f1: 0.7271, test_loss: 0.5886
>> saved: ./state_dict/ce-qca_laptop_acc_0.7722_f1_0.7360
loss: 0.1091, acc: 0.7524, test_acc: 0.7722, f1: 0.7360, test_loss: 0.5896
loss: 0.8678, acc: 0.7454, test_acc: 0.7516, f1: 0.7219, test_loss: 0.6348
loss: 0.1136, acc: 0.7545, test_acc: 0.7690, f1: 0.7457, test_loss: 0.5915
loss: 0.7250, acc: 0.7565, test_acc: 0.7468, f1: 0.6859, test_loss: 0.6950
Epoch 1 average loss: 0.6622
>>>>>>>>>>>>>>>>>>>>>>>>>>>>>>>>>>>>>>>>>>>>>>>>>>>>>>>>>>>>
epoch: 2
>> saved: ./state_dict/ce-qca_laptop_acc_0.7801_f1_0.7498
loss: 0.5081, acc: 0.8125, test_acc: 0.7801, f1: 0.7498, test_loss: 0.5728
loss: 0.8263, acc: 0.7500, test_acc: 0.7579, f1: 0.6981, test_loss: 0.7021
loss: 0.2867, acc: 0.7917, test_acc: 0.7468, f1: 0.6994, test_loss: 0.6989
loss: 0.3790, acc: 0.7812, test_acc: 0.7737, f1: 0.7433, test_loss: 0.6119
>> saved: ./state_dict/ce-qca_laptop_acc_0.7848_f1_0.7575
loss: 1.0961, acc: 0.7375, test_acc: 0.7848, f1: 0.7575, test_loss: 0.5587
loss: 0.5795, acc: 0.7396, test_acc: 0.7658, f1: 0.7038, test_loss: 0.7482
loss: 0.3188, acc: 0.7768, test_acc: 0.7658, f1: 0.7279, test_loss: 0.6589
loss: 0.3099, acc: 0.7812, test_acc: 0.7373, f1: 0.6996, test_loss: 0.7427
loss: 0.5230, acc: 0.7847, test_acc: 0.7453, f1: 0.7062, test_loss: 0.7274
>> saved: ./state_dict/ce-qca_laptop_acc_0.7927_f1_0.7646
loss: 0.4835, acc: 0.7750, test_acc: 0.7927, f1: 0.7646, test_loss: 0.5498
loss: 0.5439, acc: 0.7784, test_acc: 0.7848, f1: 0.7619, test_loss: 0.5567
loss: 0.7932, acc: 0.7708, test_acc: 0.7642, f1: 0.7234, test_loss: 0.6462
loss: 0.8872, acc: 0.7596, test_acc: 0.7468, f1: 0.7128, test_loss: 0.7019
loss: 0.6084, acc: 0.7634, test_acc: 0.7722, f1: 0.7372, test_loss: 0.5865
loss: 0.6515, acc: 0.7625, test_acc: 0.7690, f1: 0.7317, test_loss: 0.5970
loss: 0.5411, acc: 0.7617, test_acc: 0.7595, f1: 0.7286, test_loss: 0.6525
loss: 0.3865, acc: 0.7647, test_acc: 0.7595, f1: 0.7230, test_loss: 0.6644
loss: 0.7795, acc: 0.7639, test_acc: 0.7627, f1: 0.7157, test_loss: 0.6713
loss: 0.3324, acc: 0.7632, test_acc: 0.7816, f1: 0.7572, test_loss: 0.5706
loss: 0.4012, acc: 0.7688, test_acc: 0.7753, f1: 0.7497, test_loss: 0.6110
loss: 0.2722, acc: 0.7708, test_acc: 0.7658, f1: 0.7209, test_loss: 0.6951
loss: 0.0577, acc: 0.7812, test_acc: 0.7864, f1: 0.7555, test_loss: 0.6135
loss: 0.4012, acc: 0.7853, test_acc: 0.7832, f1: 0.7550, test_loss: 0.5969
loss: 0.6339, acc: 0.7839, test_acc: 0.7294, f1: 0.6824, test_loss: 0.8744
loss: 0.5035, acc: 0.7850, test_acc: 0.7896, f1: 0.7623, test_loss: 0.5880
loss: 0.2315, acc: 0.7861, test_acc: 0.7848, f1: 0.7589, test_loss: 0.5943
loss: 0.5951, acc: 0.7894, test_acc: 0.7706, f1: 0.7348, test_loss: 0.6264
loss: 0.4313, acc: 0.7902, test_acc: 0.7516, f1: 0.6801, test_loss: 0.8002
Epoch 2 average loss: 0.4578
>>>>>>>>>>>>>>>>>>>>>>>>>>>>>>>>>>>>>>>>>>>>>>>>>>>>>>>>>>>>
epoch: 3
loss: 0.3608, acc: 0.8750, test_acc: 0.7769, f1: 0.7559, test_loss: 0.6131
loss: 0.6019, acc: 0.8125, test_acc: 0.7437, f1: 0.7026, test_loss: 0.6728
loss: 0.0885, acc: 0.8750, test_acc: 0.7611, f1: 0.7050, test_loss: 0.7379
loss: 0.1086, acc: 0.9062, test_acc: 0.7864, f1: 0.7508, test_loss: 0.6392
loss: 0.2614, acc: 0.9125, test_acc: 0.7722, f1: 0.7310, test_loss: 0.6974
loss: 0.1116, acc: 0.9271, test_acc: 0.7864, f1: 0.7572, test_loss: 0.6214
loss: 0.5584, acc: 0.9286, test_acc: 0.7690, f1: 0.7109, test_loss: 0.8714
loss: 0.2345, acc: 0.9219, test_acc: 0.7405, f1: 0.7093, test_loss: 0.7775
loss: 0.2856, acc: 0.9167, test_acc: 0.7753, f1: 0.7430, test_loss: 0.6521
loss: 0.1718, acc: 0.9187, test_acc: 0.7516, f1: 0.6726, test_loss: 0.9738
loss: 0.2787, acc: 0.9148, test_acc: 0.7310, f1: 0.6792, test_loss: 0.8599
loss: 0.6507, acc: 0.9062, test_acc: 0.7089, f1: 0.6754, test_loss: 1.0829
>> saved: ./state_dict/ce-qca_laptop_acc_0.7943_f1_0.7677
loss: 1.0452, acc: 0.8942, test_acc: 0.7943, f1: 0.7677, test_loss: 0.6041
loss: 0.7959, acc: 0.8839, test_acc: 0.7690, f1: 0.7077, test_loss: 0.9009
loss: 0.2206, acc: 0.8833, test_acc: 0.7627, f1: 0.7162, test_loss: 0.7577
loss: 0.3815, acc: 0.8867, test_acc: 0.7611, f1: 0.7350, test_loss: 0.7583
loss: 0.3034, acc: 0.8897, test_acc: 0.7563, f1: 0.7204, test_loss: 0.7389
loss: 0.2628, acc: 0.8889, test_acc: 0.7547, f1: 0.6942, test_loss: 0.9423
loss: 0.5696, acc: 0.8783, test_acc: 0.7642, f1: 0.7401, test_loss: 0.6751
loss: 0.4031, acc: 0.8781, test_acc: 0.7690, f1: 0.7354, test_loss: 0.6543
loss: 0.5587, acc: 0.8750, test_acc: 0.7579, f1: 0.7097, test_loss: 0.8159
loss: 0.4011, acc: 0.8778, test_acc: 0.7706, f1: 0.7382, test_loss: 0.6665
loss: 0.4562, acc: 0.8750, test_acc: 0.7801, f1: 0.7551, test_loss: 0.6046
loss: 0.1568, acc: 0.8776, test_acc: 0.7342, f1: 0.6758, test_loss: 0.9547
loss: 0.3855, acc: 0.8750, test_acc: 0.7342, f1: 0.6756, test_loss: 0.9943
loss: 0.1406, acc: 0.8750, test_acc: 0.7737, f1: 0.7346, test_loss: 0.7235
loss: 0.5195, acc: 0.8750, test_acc: 0.7816, f1: 0.7400, test_loss: 0.7390
loss: 0.7817, acc: 0.8705, test_acc: 0.7769, f1: 0.7493, test_loss: 0.7381
loss: 0.4665, acc: 0.8707, test_acc: 0.7373, f1: 0.7094, test_loss: 0.8796
Epoch 3 average loss: 0.3468
>>>>>>>>>>>>>>>>>>>>>>>>>>>>>>>>>>>>>>>>>>>>>>>>>>>>>>>>>>>>
epoch: 4
loss: 0.0627, acc: 1.0000, test_acc: 0.7611, f1: 0.7308, test_loss: 0.7238
loss: 0.0773, acc: 1.0000, test_acc: 0.7753, f1: 0.7306, test_loss: 0.8213
loss: 0.1369, acc: 0.9792, test_acc: 0.7674, f1: 0.7230, test_loss: 0.8132
loss: 0.1663, acc: 0.9688, test_acc: 0.7674, f1: 0.7395, test_loss: 0.7676
loss: 0.0197, acc: 0.9750, test_acc: 0.7294, f1: 0.6881, test_loss: 1.0777
loss: 0.1156, acc: 0.9688, test_acc: 0.7326, f1: 0.6662, test_loss: 1.1668
loss: 0.1824, acc: 0.9554, test_acc: 0.7911, f1: 0.7613, test_loss: 0.6891
loss: 0.2402, acc: 0.9375, test_acc: 0.7769, f1: 0.7439, test_loss: 0.6947
loss: 0.2686, acc: 0.9375, test_acc: 0.7405, f1: 0.6679, test_loss: 1.2726
loss: 0.6239, acc: 0.9125, test_acc: 0.7642, f1: 0.7309, test_loss: 0.7512
loss: 0.2726, acc: 0.9034, test_acc: 0.7816, f1: 0.7488, test_loss: 0.7264
loss: 0.2238, acc: 0.9062, test_acc: 0.7785, f1: 0.7363, test_loss: 0.8172
loss: 0.8528, acc: 0.8990, test_acc: 0.7516, f1: 0.6949, test_loss: 0.8886
>> saved: ./state_dict/ce-qca_laptop_acc_0.8038_f1_0.7703
loss: 0.0636, acc: 0.9062, test_acc: 0.8038, f1: 0.7703, test_loss: 0.7046
loss: 0.1035, acc: 0.9125, test_acc: 0.7896, f1: 0.7547, test_loss: 0.6976
loss: 0.0439, acc: 0.9180, test_acc: 0.7532, f1: 0.7030, test_loss: 0.8796
loss: 0.1150, acc: 0.9228, test_acc: 0.7579, f1: 0.7004, test_loss: 0.8828
loss: 0.0686, acc: 0.9271, test_acc: 0.7975, f1: 0.7637, test_loss: 0.6660
loss: 0.4201, acc: 0.9178, test_acc: 0.7832, f1: 0.7565, test_loss: 0.6546
loss: 0.3291, acc: 0.9156, test_acc: 0.7832, f1: 0.7430, test_loss: 0.7074
loss: 0.5538, acc: 0.9167, test_acc: 0.7310, f1: 0.6543, test_loss: 1.0773
loss: 0.1506, acc: 0.9148, test_acc: 0.7880, f1: 0.7559, test_loss: 0.6956
loss: 0.0585, acc: 0.9185, test_acc: 0.7611, f1: 0.7250, test_loss: 0.8448
loss: 0.3634, acc: 0.9167, test_acc: 0.7690, f1: 0.7254, test_loss: 0.8572
loss: 0.3152, acc: 0.9150, test_acc: 0.8022, f1: 0.7694, test_loss: 0.7658
loss: 0.3155, acc: 0.9159, test_acc: 0.7975, f1: 0.7632, test_loss: 0.7559
loss: 0.0349, acc: 0.9190, test_acc: 0.7674, f1: 0.7118, test_loss: 1.0984
loss: 0.3964, acc: 0.9152, test_acc: 0.7595, f1: 0.6868, test_loss: 1.2602
loss: 0.2032, acc: 0.9148, test_acc: 0.7832, f1: 0.7536, test_loss: 0.7261
Epoch 4 average loss: 0.2631
>>>>>>>>>>>>>>>>>>>>>>>>>>>>>>>>>>>>>>>>>>>>>>>>>>>>>>>>>>>>
epoch: 5
loss: 0.2589, acc: 0.8750, test_acc: 0.7816, f1: 0.7471, test_loss: 0.7190
loss: 0.0696, acc: 0.9375, test_acc: 0.7706, f1: 0.7140, test_loss: 1.0564
loss: 0.0888, acc: 0.9583, test_acc: 0.7769, f1: 0.7288, test_loss: 0.9691
loss: 0.2445, acc: 0.9375, test_acc: 0.7627, f1: 0.7233, test_loss: 0.8093
loss: 0.0419, acc: 0.9500, test_acc: 0.7611, f1: 0.7200, test_loss: 0.9267
loss: 0.1979, acc: 0.9375, test_acc: 0.7706, f1: 0.7138, test_loss: 1.0951
loss: 0.0626, acc: 0.9464, test_acc: 0.7642, f1: 0.7158, test_loss: 0.9627
loss: 0.0126, acc: 0.9531, test_acc: 0.7706, f1: 0.7272, test_loss: 0.8310
loss: 0.4293, acc: 0.9444, test_acc: 0.7737, f1: 0.7363, test_loss: 0.8029
loss: 0.3453, acc: 0.9437, test_acc: 0.7722, f1: 0.7348, test_loss: 0.8942
loss: 0.4157, acc: 0.9432, test_acc: 0.7690, f1: 0.7269, test_loss: 1.0852
loss: 0.1782, acc: 0.9427, test_acc: 0.7674, f1: 0.7243, test_loss: 1.1093
loss: 0.0600, acc: 0.9471, test_acc: 0.7943, f1: 0.7663, test_loss: 0.8249
loss: 0.2250, acc: 0.9420, test_acc: 0.7943, f1: 0.7642, test_loss: 0.8468
loss: 0.0333, acc: 0.9458, test_acc: 0.7563, f1: 0.7032, test_loss: 1.2310
loss: 0.2483, acc: 0.9414, test_acc: 0.7611, f1: 0.7061, test_loss: 1.1670
>> saved: ./state_dict/ce-qca_laptop_acc_0.8085_f1_0.7836
loss: 0.0210, acc: 0.9449, test_acc: 0.8085, f1: 0.7836, test_loss: 0.8109
loss: 0.0294, acc: 0.9479, test_acc: 0.8070, f1: 0.7818, test_loss: 0.8129
loss: 0.0730, acc: 0.9507, test_acc: 0.7627, f1: 0.7132, test_loss: 1.0663
loss: 0.1915, acc: 0.9469, test_acc: 0.8022, f1: 0.7698, test_loss: 0.8491
loss: 0.2555, acc: 0.9464, test_acc: 0.7690, f1: 0.7238, test_loss: 1.0208
loss: 0.0747, acc: 0.9460, test_acc: 0.7532, f1: 0.6905, test_loss: 1.3165
loss: 0.1182, acc: 0.9457, test_acc: 0.7927, f1: 0.7514, test_loss: 0.9193
loss: 0.0862, acc: 0.9453, test_acc: 0.7880, f1: 0.7436, test_loss: 0.8678
loss: 0.0842, acc: 0.9475, test_acc: 0.7769, f1: 0.7323, test_loss: 0.9331
loss: 0.2858, acc: 0.9471, test_acc: 0.7722, f1: 0.7347, test_loss: 0.8917
loss: 0.0921, acc: 0.9491, test_acc: 0.7864, f1: 0.7600, test_loss: 0.7230
loss: 0.0142, acc: 0.9509, test_acc: 0.7816, f1: 0.7370, test_loss: 0.9292
Epoch 5 average loss: 0.1861
>>>>>>>>>>>>>>>>>>>>>>>>>>>>>>>>>>>>>>>>>>>>>>>>>>>>>>>>>>>>
epoch: 6
loss: 0.0614, acc: 1.0000, test_acc: 0.7816, f1: 0.7353, test_loss: 0.9930
loss: 0.0165, acc: 1.0000, test_acc: 0.7706, f1: 0.7340, test_loss: 0.9784
loss: 0.3136, acc: 0.9583, test_acc: 0.7769, f1: 0.7427, test_loss: 0.9751
loss: 0.2253, acc: 0.9531, test_acc: 0.7642, f1: 0.7234, test_loss: 1.1081
loss: 0.0234, acc: 0.9625, test_acc: 0.7674, f1: 0.7262, test_loss: 1.0972
loss: 0.0445, acc: 0.9688, test_acc: 0.7658, f1: 0.7219, test_loss: 1.1524
loss: 0.0065, acc: 0.9732, test_acc: 0.7658, f1: 0.7197, test_loss: 1.1179
loss: 0.0078, acc: 0.9766, test_acc: 0.7595, f1: 0.7162, test_loss: 1.1535
loss: 0.1479, acc: 0.9722, test_acc: 0.7658, f1: 0.7364, test_loss: 0.9780
loss: 0.1126, acc: 0.9688, test_acc: 0.7769, f1: 0.7383, test_loss: 1.0016
loss: 0.0647, acc: 0.9659, test_acc: 0.7642, f1: 0.7055, test_loss: 1.1572
loss: 0.0177, acc: 0.9688, test_acc: 0.7658, f1: 0.7210, test_loss: 0.9806
loss: 0.0348, acc: 0.9712, test_acc: 0.7722, f1: 0.7422, test_loss: 0.9641
loss: 0.1529, acc: 0.9688, test_acc: 0.7500, f1: 0.7042, test_loss: 1.2480
loss: 0.0359, acc: 0.9708, test_acc: 0.7722, f1: 0.7311, test_loss: 1.0002
loss: 0.1252, acc: 0.9688, test_acc: 0.7642, f1: 0.7112, test_loss: 1.1857
loss: 0.0251, acc: 0.9706, test_acc: 0.7595, f1: 0.7059, test_loss: 1.2140
loss: 0.0415, acc: 0.9722, test_acc: 0.7753, f1: 0.7356, test_loss: 1.0334
loss: 0.0551, acc: 0.9704, test_acc: 0.7753, f1: 0.7400, test_loss: 0.9702
loss: 0.0151, acc: 0.9719, test_acc: 0.7753, f1: 0.7376, test_loss: 0.9878
loss: 0.0087, acc: 0.9732, test_acc: 0.7737, f1: 0.7362, test_loss: 0.9901
loss: 0.0498, acc: 0.9744, test_acc: 0.7801, f1: 0.7462, test_loss: 0.9281
loss: 0.0050, acc: 0.9755, test_acc: 0.7864, f1: 0.7608, test_loss: 0.9089
loss: 0.0034, acc: 0.9766, test_acc: 0.7769, f1: 0.7484, test_loss: 0.9657
loss: 0.3256, acc: 0.9725, test_acc: 0.7785, f1: 0.7385, test_loss: 1.1192
loss: 0.0345, acc: 0.9736, test_acc: 0.7674, f1: 0.7223, test_loss: 1.2182
loss: 0.0168, acc: 0.9745, test_acc: 0.7532, f1: 0.7016, test_loss: 1.2655
loss: 0.0329, acc: 0.9754, test_acc: 0.7848, f1: 0.7467, test_loss: 1.0249
loss: 0.1400, acc: 0.9720, test_acc: 0.7943, f1: 0.7604, test_loss: 0.9558
Epoch 6 average loss: 0.1022
>>>>>>>>>>>>>>>>>>>>>>>>>>>>>>>>>>>>>>>>>>>>>>>>>>>>>>>>>>>>
epoch: 7
loss: 0.0661, acc: 1.0000, test_acc: 0.7801, f1: 0.7367, test_loss: 1.1302
loss: 0.0062, acc: 1.0000, test_acc: 0.7785, f1: 0.7340, test_loss: 1.1985
loss: 0.0026, acc: 1.0000, test_acc: 0.7737, f1: 0.7318, test_loss: 1.1296
loss: 0.0415, acc: 1.0000, test_acc: 0.7753, f1: 0.7360, test_loss: 1.1425
loss: 0.4445, acc: 0.9875, test_acc: 0.7706, f1: 0.7289, test_loss: 1.1867
loss: 0.0148, acc: 0.9896, test_acc: 0.7611, f1: 0.7155, test_loss: 1.3065
loss: 0.0099, acc: 0.9911, test_acc: 0.7658, f1: 0.7195, test_loss: 1.3870
loss: 0.0013, acc: 0.9922, test_acc: 0.7658, f1: 0.7230, test_loss: 1.3306
loss: 0.0313, acc: 0.9931, test_acc: 0.7627, f1: 0.7190, test_loss: 1.3004
loss: 0.1038, acc: 0.9875, test_acc: 0.7722, f1: 0.7251, test_loss: 1.3510
loss: 0.0010, acc: 0.9886, test_acc: 0.7722, f1: 0.7205, test_loss: 1.4093
loss: 0.0009, acc: 0.9896, test_acc: 0.7690, f1: 0.7213, test_loss: 1.2701
loss: 0.0099, acc: 0.9904, test_acc: 0.7753, f1: 0.7349, test_loss: 1.2066
loss: 0.1184, acc: 0.9866, test_acc: 0.7769, f1: 0.7400, test_loss: 1.1804
loss: 0.0059, acc: 0.9875, test_acc: 0.7880, f1: 0.7551, test_loss: 1.0369
loss: 0.1231, acc: 0.9844, test_acc: 0.7880, f1: 0.7553, test_loss: 1.0283
loss: 0.0336, acc: 0.9853, test_acc: 0.7832, f1: 0.7527, test_loss: 1.0500
loss: 0.0091, acc: 0.9861, test_acc: 0.7769, f1: 0.7431, test_loss: 1.2059
loss: 0.0115, acc: 0.9868, test_acc: 0.7611, f1: 0.7199, test_loss: 1.4145
loss: 0.3025, acc: 0.9844, test_acc: 0.7532, f1: 0.7037, test_loss: 1.5367
loss: 0.0054, acc: 0.9851, test_acc: 0.7785, f1: 0.7412, test_loss: 1.2441
loss: 0.8785, acc: 0.9830, test_acc: 0.7769, f1: 0.7406, test_loss: 1.1396
loss: 0.0043, acc: 0.9837, test_acc: 0.7484, f1: 0.6930, test_loss: 1.2895
loss: 0.0509, acc: 0.9818, test_acc: 0.7611, f1: 0.7154, test_loss: 1.3203
loss: 0.0096, acc: 0.9825, test_acc: 0.7627, f1: 0.7231, test_loss: 1.2354
loss: 0.0127, acc: 0.9832, test_acc: 0.7674, f1: 0.7293, test_loss: 1.1179
loss: 0.3271, acc: 0.9815, test_acc: 0.7563, f1: 0.7154, test_loss: 1.1437
loss: 0.1621, acc: 0.9777, test_acc: 0.7500, f1: 0.7080, test_loss: 1.1917
Epoch 7 average loss: 0.0636
>>>>>>>>>>>>>>>>>>>>>>>>>>>>>>>>>>>>>>>>>>>>>>>>>>>>>>>>>>>>
epoch: 8
loss: 0.0196, acc: 1.0000, test_acc: 0.7516, f1: 0.7035, test_loss: 1.3800
loss: 0.0493, acc: 1.0000, test_acc: 0.7532, f1: 0.7058, test_loss: 1.3532
loss: 0.0091, acc: 1.0000, test_acc: 0.7706, f1: 0.7284, test_loss: 1.1846
loss: 0.0119, acc: 1.0000, test_acc: 0.7785, f1: 0.7390, test_loss: 1.1119
loss: 0.2447, acc: 0.9750, test_acc: 0.7769, f1: 0.7362, test_loss: 1.1896
loss: 0.3851, acc: 0.9688, test_acc: 0.7737, f1: 0.7381, test_loss: 1.0820
loss: 0.0412, acc: 0.9732, test_acc: 0.7848, f1: 0.7520, test_loss: 1.0125
loss: 0.0447, acc: 0.9766, test_acc: 0.7753, f1: 0.7342, test_loss: 1.1415
loss: 0.0233, acc: 0.9792, test_acc: 0.7405, f1: 0.6858, test_loss: 1.5232
loss: 0.0032, acc: 0.9812, test_acc: 0.7516, f1: 0.7002, test_loss: 1.5528
loss: 0.0505, acc: 0.9773, test_acc: 0.7706, f1: 0.7358, test_loss: 1.1724
loss: 0.0025, acc: 0.9792, test_acc: 0.7832, f1: 0.7477, test_loss: 1.1232
loss: 0.0004, acc: 0.9808, test_acc: 0.7785, f1: 0.7381, test_loss: 1.2907
loss: 0.0030, acc: 0.9821, test_acc: 0.7595, f1: 0.7086, test_loss: 1.5844
loss: 0.0131, acc: 0.9833, test_acc: 0.7468, f1: 0.6888, test_loss: 1.7950
loss: 0.0020, acc: 0.9844, test_acc: 0.7563, f1: 0.6979, test_loss: 1.7062
loss: 0.0220, acc: 0.9853, test_acc: 0.7658, f1: 0.7090, test_loss: 1.5990
loss: 0.0201, acc: 0.9861, test_acc: 0.7864, f1: 0.7502, test_loss: 1.2542
loss: 0.1511, acc: 0.9836, test_acc: 0.7816, f1: 0.7499, test_loss: 1.2531
loss: 0.0016, acc: 0.9844, test_acc: 0.7975, f1: 0.7610, test_loss: 1.1599
loss: 0.1137, acc: 0.9821, test_acc: 0.7658, f1: 0.7155, test_loss: 1.4153
loss: 0.0063, acc: 0.9830, test_acc: 0.7785, f1: 0.7307, test_loss: 1.2850
loss: 0.0129, acc: 0.9837, test_acc: 0.7611, f1: 0.7130, test_loss: 1.4705
loss: 0.0428, acc: 0.9844, test_acc: 0.7896, f1: 0.7523, test_loss: 0.9307
loss: 0.0272, acc: 0.9850, test_acc: 0.7880, f1: 0.7381, test_loss: 1.3248
loss: 0.4773, acc: 0.9832, test_acc: 0.7532, f1: 0.6750, test_loss: 1.9820
loss: 0.1131, acc: 0.9815, test_acc: 0.7927, f1: 0.7497, test_loss: 1.3302
loss: 0.0030, acc: 0.9821, test_acc: 0.7722, f1: 0.7088, test_loss: 1.5562
loss: 0.0121, acc: 0.9828, test_acc: 0.7468, f1: 0.6662, test_loss: 2.2536
Epoch 8 average loss: 0.0808
>>>>>>>>>>>>>>>>>>>>>>>>>>>>>>>>>>>>>>>>>>>>>>>>>>>>>>>>>>>>
epoch: 9
loss: 0.0112, acc: 1.0000, test_acc: 0.7706, f1: 0.7197, test_loss: 1.4829
loss: 0.0160, acc: 1.0000, test_acc: 0.7737, f1: 0.7331, test_loss: 1.1197
loss: 0.0325, acc: 1.0000, test_acc: 0.7848, f1: 0.7473, test_loss: 1.1190
loss: 0.1226, acc: 0.9688, test_acc: 0.7943, f1: 0.7551, test_loss: 1.2554
loss: 0.0025, acc: 0.9750, test_acc: 0.7642, f1: 0.7152, test_loss: 1.5211
loss: 0.0068, acc: 0.9792, test_acc: 0.7484, f1: 0.6893, test_loss: 1.7565
loss: 0.0170, acc: 0.9821, test_acc: 0.7468, f1: 0.6846, test_loss: 1.8850
loss: 0.1881, acc: 0.9766, test_acc: 0.7801, f1: 0.7425, test_loss: 1.4715
loss: 0.1063, acc: 0.9722, test_acc: 0.7816, f1: 0.7501, test_loss: 1.2086
loss: 0.0003, acc: 0.9750, test_acc: 0.7706, f1: 0.7227, test_loss: 1.5775
loss: 0.0865, acc: 0.9716, test_acc: 0.7674, f1: 0.7106, test_loss: 1.8132
loss: 0.1788, acc: 0.9688, test_acc: 0.7816, f1: 0.7442, test_loss: 1.4176
loss: 0.0782, acc: 0.9663, test_acc: 0.7627, f1: 0.7157, test_loss: 1.6963
loss: 0.3022, acc: 0.9643, test_acc: 0.7484, f1: 0.7022, test_loss: 1.7302
loss: 0.0040, acc: 0.9667, test_acc: 0.7959, f1: 0.7663, test_loss: 1.0236
loss: 0.1596, acc: 0.9648, test_acc: 0.7959, f1: 0.7609, test_loss: 1.1406
loss: 0.2265, acc: 0.9632, test_acc: 0.7753, f1: 0.7238, test_loss: 1.6908
loss: 0.0302, acc: 0.9653, test_acc: 0.7943, f1: 0.7605, test_loss: 1.2128
loss: 0.0563, acc: 0.9638, test_acc: 0.7975, f1: 0.7681, test_loss: 1.0910
loss: 0.0592, acc: 0.9656, test_acc: 0.7880, f1: 0.7555, test_loss: 1.1586
loss: 0.0176, acc: 0.9673, test_acc: 0.7579, f1: 0.6903, test_loss: 1.7363
loss: 0.0933, acc: 0.9688, test_acc: 0.7816, f1: 0.7353, test_loss: 1.4786
loss: 0.0011, acc: 0.9701, test_acc: 0.8022, f1: 0.7725, test_loss: 1.1397
loss: 0.0372, acc: 0.9714, test_acc: 0.7864, f1: 0.7472, test_loss: 1.3508
loss: 0.2653, acc: 0.9700, test_acc: 0.7769, f1: 0.7208, test_loss: 1.6496
loss: 0.2091, acc: 0.9688, test_acc: 0.7832, f1: 0.7382, test_loss: 1.4347
loss: 0.0759, acc: 0.9699, test_acc: 0.7801, f1: 0.7432, test_loss: 1.4058
loss: 0.0189, acc: 0.9710, test_acc: 0.7563, f1: 0.7071, test_loss: 1.7252
loss: 0.0032, acc: 0.9716, test_acc: 0.7579, f1: 0.6967, test_loss: 1.8549
Epoch 9 average loss: 0.0898
>>>>>>>>>>>>>>>>>>>>>>>>>>>>>>>>>>>>>>>>>>>>>>>>>>>>>>>>>>>>
epoch: 10
loss: 0.0029, acc: 1.0000, test_acc: 0.7722, f1: 0.7221, test_loss: 1.6618
loss: 0.0072, acc: 1.0000, test_acc: 0.7832, f1: 0.7439, test_loss: 1.4431
loss: 0.0202, acc: 1.0000, test_acc: 0.7959, f1: 0.7592, test_loss: 1.3916
loss: 0.0029, acc: 1.0000, test_acc: 0.7880, f1: 0.7457, test_loss: 1.5068
loss: 0.2600, acc: 0.9750, test_acc: 0.7785, f1: 0.7290, test_loss: 1.6260
loss: 0.0009, acc: 0.9792, test_acc: 0.7864, f1: 0.7432, test_loss: 1.5546
loss: 0.3447, acc: 0.9643, test_acc: 0.7911, f1: 0.7546, test_loss: 1.3552
loss: 0.0017, acc: 0.9688, test_acc: 0.7801, f1: 0.7330, test_loss: 1.6017
loss: 0.0173, acc: 0.9722, test_acc: 0.7500, f1: 0.6776, test_loss: 1.8995
loss: 0.0046, acc: 0.9750, test_acc: 0.7563, f1: 0.6905, test_loss: 1.8731
loss: 0.0325, acc: 0.9773, test_acc: 0.7927, f1: 0.7655, test_loss: 1.1866
loss: 0.0012, acc: 0.9792, test_acc: 0.7896, f1: 0.7510, test_loss: 1.3434
loss: 0.0095, acc: 0.9808, test_acc: 0.7943, f1: 0.7584, test_loss: 1.2924
loss: 0.0122, acc: 0.9821, test_acc: 0.7896, f1: 0.7508, test_loss: 1.3349
loss: 0.0233, acc: 0.9833, test_acc: 0.7769, f1: 0.7315, test_loss: 1.4634
loss: 0.0009, acc: 0.9844, test_acc: 0.7880, f1: 0.7518, test_loss: 1.3653
loss: 0.0722, acc: 0.9816, test_acc: 0.7864, f1: 0.7518, test_loss: 1.3919
loss: 0.1278, acc: 0.9792, test_acc: 0.7737, f1: 0.7335, test_loss: 1.6099
loss: 0.0534, acc: 0.9803, test_acc: 0.7674, f1: 0.7102, test_loss: 1.8926
loss: 0.0028, acc: 0.9812, test_acc: 0.7737, f1: 0.7254, test_loss: 1.6359
loss: 0.1138, acc: 0.9792, test_acc: 0.7816, f1: 0.7383, test_loss: 1.5567
loss: 0.0078, acc: 0.9801, test_acc: 0.7722, f1: 0.7236, test_loss: 1.7229
loss: 0.0033, acc: 0.9810, test_acc: 0.7627, f1: 0.7072, test_loss: 1.8725
loss: 0.3822, acc: 0.9792, test_acc: 0.7690, f1: 0.7187, test_loss: 1.7778
loss: 0.0013, acc: 0.9800, test_acc: 0.7911, f1: 0.7555, test_loss: 1.3081
loss: 0.0208, acc: 0.9808, test_acc: 0.7864, f1: 0.7481, test_loss: 1.4152
loss: 0.0340, acc: 0.9792, test_acc: 0.7674, f1: 0.7191, test_loss: 1.7740
loss: 0.0129, acc: 0.9799, test_acc: 0.7595, f1: 0.7025, test_loss: 1.9418
Epoch 10 average loss: 0.0537
>>>>>>>>>>>>>>>>>>>>>>>>>>>>>>>>>>>>>>>>>>>>>>>>>>>>>>>>>>>>
epoch: 11
loss: 0.0035, acc: 1.0000, test_acc: 0.7864, f1: 0.7485, test_loss: 1.4156
loss: 0.0050, acc: 1.0000, test_acc: 0.7991, f1: 0.7690, test_loss: 1.2404
loss: 0.3139, acc: 0.9792, test_acc: 0.7959, f1: 0.7646, test_loss: 1.2692
loss: 0.2143, acc: 0.9688, test_acc: 0.7896, f1: 0.7519, test_loss: 1.4883
loss: 0.0160, acc: 0.9750, test_acc: 0.7642, f1: 0.7185, test_loss: 1.7481
loss: 0.0975, acc: 0.9688, test_acc: 0.7959, f1: 0.7624, test_loss: 1.3546
loss: 0.0514, acc: 0.9732, test_acc: 0.7801, f1: 0.7458, test_loss: 1.1856
loss: 0.0292, acc: 0.9766, test_acc: 0.7896, f1: 0.7515, test_loss: 1.3122
loss: 0.0155, acc: 0.9792, test_acc: 0.7753, f1: 0.7300, test_loss: 1.5561
loss: 0.0062, acc: 0.9812, test_acc: 0.7627, f1: 0.7071, test_loss: 1.7596
loss: 0.0106, acc: 0.9830, test_acc: 0.7690, f1: 0.7294, test_loss: 1.5842
loss: 0.0083, acc: 0.9844, test_acc: 0.7611, f1: 0.7227, test_loss: 1.6521
loss: 0.0154, acc: 0.9856, test_acc: 0.7785, f1: 0.7402, test_loss: 1.4327
loss: 0.0045, acc: 0.9866, test_acc: 0.7674, f1: 0.7121, test_loss: 1.8606
loss: 0.0144, acc: 0.9875, test_acc: 0.7848, f1: 0.7406, test_loss: 1.5401
loss: 0.1567, acc: 0.9844, test_acc: 0.7959, f1: 0.7599, test_loss: 1.4171
loss: 0.0040, acc: 0.9853, test_acc: 0.7943, f1: 0.7582, test_loss: 1.4431
loss: 0.0030, acc: 0.9861, test_acc: 0.7737, f1: 0.7237, test_loss: 1.7325
loss: 0.2229, acc: 0.9836, test_acc: 0.7737, f1: 0.7234, test_loss: 1.8067
loss: 0.0027, acc: 0.9844, test_acc: 0.7785, f1: 0.7369, test_loss: 1.5908
loss: 0.0288, acc: 0.9851, test_acc: 0.7801, f1: 0.7389, test_loss: 1.5509
loss: 0.0792, acc: 0.9830, test_acc: 0.7816, f1: 0.7393, test_loss: 1.5293
loss: 0.0238, acc: 0.9837, test_acc: 0.7785, f1: 0.7370, test_loss: 1.4563
loss: 0.0067, acc: 0.9844, test_acc: 0.7737, f1: 0.7302, test_loss: 1.5544
loss: 0.0645, acc: 0.9850, test_acc: 0.7832, f1: 0.7446, test_loss: 1.4804
loss: 0.0142, acc: 0.9856, test_acc: 0.7801, f1: 0.7406, test_loss: 1.4706
loss: 0.0027, acc: 0.9861, test_acc: 0.7801, f1: 0.7405, test_loss: 1.5027
loss: 0.0008, acc: 0.9866, test_acc: 0.7753, f1: 0.7340, test_loss: 1.5779
loss: 0.0207, acc: 0.9871, test_acc: 0.7690, f1: 0.7244, test_loss: 1.7204
Epoch 11 average loss: 0.0650
>>>>>>>>>>>>>>>>>>>>>>>>>>>>>>>>>>>>>>>>>>>>>>>>>>>>>>>>>>>>
epoch: 12
loss: 0.0525, acc: 0.9375, test_acc: 0.7595, f1: 0.7116, test_loss: 1.8943
loss: 0.0047, acc: 0.9688, test_acc: 0.7627, f1: 0.7105, test_loss: 1.9924
loss: 0.0261, acc: 0.9792, test_acc: 0.7658, f1: 0.7125, test_loss: 2.0140
loss: 0.0051, acc: 0.9844, test_acc: 0.7627, f1: 0.7077, test_loss: 1.9876
loss: 0.0464, acc: 0.9750, test_acc: 0.7627, f1: 0.7086, test_loss: 1.9359
loss: 0.0018, acc: 0.9792, test_acc: 0.7706, f1: 0.7254, test_loss: 1.7134
loss: 0.0393, acc: 0.9821, test_acc: 0.7785, f1: 0.7404, test_loss: 1.5077
loss: 0.0007, acc: 0.9844, test_acc: 0.7785, f1: 0.7403, test_loss: 1.5465
loss: 0.0025, acc: 0.9861, test_acc: 0.7769, f1: 0.7377, test_loss: 1.5402
loss: 0.0008, acc: 0.9875, test_acc: 0.7753, f1: 0.7341, test_loss: 1.6450
loss: 0.0045, acc: 0.9886, test_acc: 0.7722, f1: 0.7242, test_loss: 1.7868
loss: 0.0066, acc: 0.9896, test_acc: 0.7595, f1: 0.6985, test_loss: 2.1690
loss: 0.0113, acc: 0.9904, test_acc: 0.7500, f1: 0.6810, test_loss: 2.2775
loss: 0.0065, acc: 0.9911, test_acc: 0.7500, f1: 0.6947, test_loss: 2.1202
loss: 0.0015, acc: 0.9917, test_acc: 0.7658, f1: 0.7225, test_loss: 2.0133
loss: 0.0074, acc: 0.9922, test_acc: 0.7722, f1: 0.7317, test_loss: 1.9550
loss: 0.0019, acc: 0.9926, test_acc: 0.7785, f1: 0.7400, test_loss: 1.9267
loss: 0.0034, acc: 0.9931, test_acc: 0.7563, f1: 0.6977, test_loss: 2.2338
loss: 0.0023, acc: 0.9934, test_acc: 0.7516, f1: 0.6850, test_loss: 2.3882
loss: 0.0126, acc: 0.9938, test_acc: 0.7595, f1: 0.6985, test_loss: 2.2676
loss: 0.0003, acc: 0.9940, test_acc: 0.7816, f1: 0.7361, test_loss: 1.8570
loss: 0.0199, acc: 0.9943, test_acc: 0.7880, f1: 0.7535, test_loss: 1.6275
loss: 0.0070, acc: 0.9946, test_acc: 0.7816, f1: 0.7526, test_loss: 1.4173
loss: 0.0022, acc: 0.9948, test_acc: 0.7832, f1: 0.7556, test_loss: 1.4370
loss: 0.0179, acc: 0.9950, test_acc: 0.7880, f1: 0.7608, test_loss: 1.4224
loss: 0.0018, acc: 0.9952, test_acc: 0.7896, f1: 0.7591, test_loss: 1.4083
loss: 0.0069, acc: 0.9954, test_acc: 0.7816, f1: 0.7452, test_loss: 1.5692
loss: 0.0038, acc: 0.9955, test_acc: 0.7753, f1: 0.7239, test_loss: 2.0175
Epoch 12 average loss: 0.0212
>>>>>>>>>>>>>>>>>>>>>>>>>>>>>>>>>>>>>>>>>>>>>>>>>>>>>>>>>>>>
epoch: 13
loss: 0.0008, acc: 1.0000, test_acc: 0.7595, f1: 0.7051, test_loss: 2.1256
loss: 0.0001, acc: 1.0000, test_acc: 0.7627, f1: 0.7137, test_loss: 2.0824
loss: 0.0002, acc: 1.0000, test_acc: 0.7706, f1: 0.7264, test_loss: 2.0506
loss: 0.0010, acc: 1.0000, test_acc: 0.7722, f1: 0.7308, test_loss: 1.9751
loss: 0.0001, acc: 1.0000, test_acc: 0.7785, f1: 0.7377, test_loss: 1.8759
loss: 0.0048, acc: 1.0000, test_acc: 0.7769, f1: 0.7316, test_loss: 1.9905
loss: 0.0020, acc: 1.0000, test_acc: 0.7722, f1: 0.7246, test_loss: 2.0787
loss: 0.0013, acc: 1.0000, test_acc: 0.7722, f1: 0.7240, test_loss: 2.1263
loss: 0.0018, acc: 1.0000, test_acc: 0.7737, f1: 0.7252, test_loss: 2.1498
loss: 0.0030, acc: 1.0000, test_acc: 0.7737, f1: 0.7252, test_loss: 2.1667
loss: 0.0064, acc: 1.0000, test_acc: 0.7722, f1: 0.7258, test_loss: 2.1111
loss: 0.0005, acc: 1.0000, test_acc: 0.7832, f1: 0.7443, test_loss: 1.8922
loss: 0.0462, acc: 0.9952, test_acc: 0.7769, f1: 0.7390, test_loss: 1.9407
loss: 0.0072, acc: 0.9955, test_acc: 0.7737, f1: 0.7335, test_loss: 2.0653
loss: 0.0156, acc: 0.9958, test_acc: 0.7769, f1: 0.7372, test_loss: 2.0760
loss: 0.0029, acc: 0.9961, test_acc: 0.7864, f1: 0.7479, test_loss: 1.9878
loss: 0.0010, acc: 0.9963, test_acc: 0.7864, f1: 0.7474, test_loss: 1.9837
loss: 0.0002, acc: 0.9965, test_acc: 0.7832, f1: 0.7435, test_loss: 2.0221
loss: 0.0026, acc: 0.9967, test_acc: 0.7737, f1: 0.7319, test_loss: 2.0270
loss: 0.0001, acc: 0.9969, test_acc: 0.7722, f1: 0.7298, test_loss: 2.0546
loss: 0.0820, acc: 0.9940, test_acc: 0.7801, f1: 0.7391, test_loss: 2.0900
loss: 0.0120, acc: 0.9943, test_acc: 0.7769, f1: 0.7355, test_loss: 2.1955
loss: 0.2911, acc: 0.9918, test_acc: 0.7690, f1: 0.7253, test_loss: 2.2606
loss: 0.0012, acc: 0.9922, test_acc: 0.7785, f1: 0.7363, test_loss: 2.1093
loss: 0.0001, acc: 0.9925, test_acc: 0.7737, f1: 0.7301, test_loss: 2.0693
loss: 0.0021, acc: 0.9928, test_acc: 0.7722, f1: 0.7275, test_loss: 2.0710
loss: 0.0003, acc: 0.9931, test_acc: 0.7722, f1: 0.7275, test_loss: 2.0489
loss: 0.0001, acc: 0.9933, test_acc: 0.7722, f1: 0.7274, test_loss: 2.0420
loss: 0.0006, acc: 0.9935, test_acc: 0.7880, f1: 0.7512, test_loss: 1.8366
Epoch 13 average loss: 0.0096
>>>>>>>>>>>>>>>>>>>>>>>>>>>>>>>>>>>>>>>>>>>>>>>>>>>>>>>>>>>>
epoch: 14
loss: 0.0006, acc: 1.0000, test_acc: 0.7911, f1: 0.7552, test_loss: 1.7195
loss: 0.0073, acc: 1.0000, test_acc: 0.7864, f1: 0.7491, test_loss: 1.7172
loss: 0.1252, acc: 0.9792, test_acc: 0.7848, f1: 0.7461, test_loss: 1.7626
loss: 0.0019, acc: 0.9844, test_acc: 0.7737, f1: 0.7321, test_loss: 2.0407
loss: 0.0003, acc: 0.9875, test_acc: 0.7642, f1: 0.7104, test_loss: 2.3993
loss: 0.1904, acc: 0.9792, test_acc: 0.7658, f1: 0.7183, test_loss: 2.1703
loss: 0.0065, acc: 0.9821, test_acc: 0.7864, f1: 0.7512, test_loss: 1.6059
loss: 0.0003, acc: 0.9844, test_acc: 0.7927, f1: 0.7573, test_loss: 1.5113
loss: 0.0012, acc: 0.9861, test_acc: 0.7848, f1: 0.7472, test_loss: 1.6016
loss: 0.0035, acc: 0.9875, test_acc: 0.7674, f1: 0.7203, test_loss: 1.9883
loss: 0.0363, acc: 0.9886, test_acc: 0.7563, f1: 0.6970, test_loss: 2.2949
loss: 0.0007, acc: 0.9896, test_acc: 0.7500, f1: 0.6925, test_loss: 2.3124
loss: 0.0004, acc: 0.9904, test_acc: 0.7674, f1: 0.7213, test_loss: 1.9163
loss: 0.0025, acc: 0.9911, test_acc: 0.7959, f1: 0.7643, test_loss: 1.5900
loss: 0.0066, acc: 0.9917, test_acc: 0.7911, f1: 0.7564, test_loss: 1.5683
loss: 0.0030, acc: 0.9922, test_acc: 0.7943, f1: 0.7602, test_loss: 1.6999
loss: 0.0007, acc: 0.9926, test_acc: 0.7658, f1: 0.7178, test_loss: 2.0736
loss: 0.0009, acc: 0.9931, test_acc: 0.7674, f1: 0.7199, test_loss: 2.0902
loss: 0.1200, acc: 0.9901, test_acc: 0.7848, f1: 0.7465, test_loss: 1.7262
loss: 0.0019, acc: 0.9906, test_acc: 0.7943, f1: 0.7677, test_loss: 1.5510
loss: 0.0002, acc: 0.9911, test_acc: 0.7785, f1: 0.7335, test_loss: 2.1296
loss: 0.0778, acc: 0.9886, test_acc: 0.7500, f1: 0.6767, test_loss: 2.8566
loss: 0.0099, acc: 0.9891, test_acc: 0.7579, f1: 0.6999, test_loss: 2.4303
loss: 0.0129, acc: 0.9896, test_acc: 0.7801, f1: 0.7434, test_loss: 1.7206
loss: 0.0016, acc: 0.9900, test_acc: 0.7848, f1: 0.7510, test_loss: 1.5470
loss: 0.0017, acc: 0.9904, test_acc: 0.7785, f1: 0.7447, test_loss: 1.6867
loss: 0.0318, acc: 0.9907, test_acc: 0.7627, f1: 0.7178, test_loss: 2.2585
loss: 0.0007, acc: 0.9911, test_acc: 0.7627, f1: 0.7104, test_loss: 2.3822
loss: 0.0003, acc: 0.9913, test_acc: 0.7611, f1: 0.7103, test_loss: 2.1627
Epoch 14 average loss: 0.0411
Loss plot saved to ./loss_plots/ce-qca2t_loss_plot_20241226_2027.png
max_test_acc: 0.8085443037974683, max_f1: 0.7835589099016591
>> saved: ./state_dict/ce-qca_laptop_acc_0.8085_f1_0.7836
############################################################
max_test_acc_overall:0.8085443037974683
max_f1_overall:0.7835589099016591
Precision, Recall and F1-Score...
              precision    recall  f1-score   support

           0     0.9248    0.8398    0.8802       337
           1     0.7273    0.7500    0.7385       128
           2     0.6753    0.7844    0.7258       167

    accuracy                         0.8070       632
   macro avg     0.7758    0.7914    0.7815       632
weighted avg     0.8189    0.8070    0.8107       632

Confusion Matrix...
[[283  17  37]
 [  6  96  26]
 [ 17  19 131]]
