cuda memory allocated: 477475328
n_trainable_params: 118948775, n_nontrainable_params: 0
training arguments:
>>> model_name: ce-qa
>>> dataset: restaurant
>>> optimizer: <class 'torch.optim.adam.Adam'>
>>> initializer: <function xavier_uniform_ at 0x7f1ddd497af0>
>>> learning_rate: 0.001
>>> num_epoch: 15
>>> batch_size: 16
>>> log_step: 5
>>> embed_dim: 300
>>> post_dim: 30
>>> pos_dim: 30
>>> deprel_dim: 30
>>> hidden_dim: 768
>>> num_layers: 1
>>> polarities_dim: 3
>>> input_dropout: 0.5
>>> lower: True
>>> directed: False
>>> add_self_loop: True
>>> use_rnn: False
>>> bidirect: True
>>> rnn_hidden: 60
>>> rnn_layers: 1
>>> rnn_dropout: 0.1
>>> max_length: 100
>>> device: cuda:0
>>> seed: 1000
>>> weight_decay: 0.0001
>>> vocab_dir: ./datasets/Restaurants_corenlp
>>> pad_id: 0
>>> graph_conv_type: gin
>>> graph_conv_attention_heads: 4
>>> graph_conv_attn_dropout: 0.0
>>> attention_heads: 6
>>> attn_dropout: 0.2
>>> ffn_dropout: 0.5
>>> norm: ln
>>> max_position: 9
>>> scheduler: none
>>> warmup: 2
>>> balance_loss: True
>>> cuda: 0
>>> pretrained_bert_name: bert-base-uncased
>>> adam_epsilon: 1e-08
>>> bert_dim: 768
>>> bert_dropout: 0.5
>>> bert_lr: 2e-05
>>> finetune_weight_decay: 0.01
>>> model_class: <class 'models.ce_qa.CEQA'>
>>> dataset_file: {'train': './datasets/Restaurants_corenlp/train.json', 'test': './datasets/Restaurants_corenlp/test.json'}
>>> inputs_cols: ['text_bert_indices', 'bert_segments_ids', 'attention_mask', 'asp_start', 'asp_end', 'adj_matrix', 'src_mask', 'aspect_mask']
>>> deprel_size: 42
layered learning rate on
>>>>>>>>>>>>>>>>>>>>>>>>>>>>>>>>>>>>>>>>>>>>>>>>>>>>>>>>>>>>
epoch: 0
>> saved: ./state_dict/ce-qa_restaurant_acc_0.2082_f1_0.2000
loss: 3.5623, acc: 0.2500, test_acc: 0.2082, f1: 0.2000, test_loss: 3.4088
>> saved: ./state_dict/ce-qa_restaurant_acc_0.4513_f1_0.2961
loss: 2.6075, acc: 0.3750, test_acc: 0.4513, f1: 0.2961, test_loss: 2.0710
loss: 2.1826, acc: 0.3750, test_acc: 0.2234, f1: 0.1946, test_loss: 2.2255
loss: 3.4292, acc: 0.3281, test_acc: 0.2377, f1: 0.2269, test_loss: 2.3207
>> saved: ./state_dict/ce-qa_restaurant_acc_0.4558_f1_0.3255
loss: 1.9917, acc: 0.3250, test_acc: 0.4558, f1: 0.3255, test_loss: 1.6067
>> saved: ./state_dict/ce-qa_restaurant_acc_0.4826_f1_0.4047
loss: 1.4419, acc: 0.3542, test_acc: 0.4826, f1: 0.4047, test_loss: 1.3163
loss: 1.2489, acc: 0.3482, test_acc: 0.3012, f1: 0.3052, test_loss: 1.4341
loss: 1.5821, acc: 0.3594, test_acc: 0.4406, f1: 0.3850, test_loss: 1.2398
>> saved: ./state_dict/ce-qa_restaurant_acc_0.6175_f1_0.4520
loss: 2.1081, acc: 0.3819, test_acc: 0.6175, f1: 0.4520, test_loss: 1.1884
loss: 2.1765, acc: 0.3625, test_acc: 0.2449, f1: 0.2482, test_loss: 1.6755
loss: 2.1831, acc: 0.3580, test_acc: 0.4298, f1: 0.4158, test_loss: 1.2124
>> saved: ./state_dict/ce-qa_restaurant_acc_0.6613_f1_0.5114
loss: 1.6494, acc: 0.3906, test_acc: 0.6613, f1: 0.5114, test_loss: 1.2772
loss: 1.6508, acc: 0.3798, test_acc: 0.2431, f1: 0.2107, test_loss: 1.6049
loss: 1.1492, acc: 0.3884, test_acc: 0.5710, f1: 0.4438, test_loss: 1.2271
loss: 1.2574, acc: 0.3833, test_acc: 0.4656, f1: 0.4310, test_loss: 1.0891
loss: 1.5511, acc: 0.3828, test_acc: 0.3664, f1: 0.3663, test_loss: 1.1381
>> saved: ./state_dict/ce-qa_restaurant_acc_0.6863_f1_0.4734
loss: 1.1624, acc: 0.3971, test_acc: 0.6863, f1: 0.4734, test_loss: 1.0675
loss: 2.0741, acc: 0.3889, test_acc: 0.2833, f1: 0.2209, test_loss: 1.5417
loss: 1.3480, acc: 0.3914, test_acc: 0.5934, f1: 0.4010, test_loss: 1.1134
>> saved: ./state_dict/ce-qa_restaurant_acc_0.7051_f1_0.5690
loss: 1.0542, acc: 0.4031, test_acc: 0.7051, f1: 0.5690, test_loss: 0.8963
loss: 1.0706, acc: 0.4048, test_acc: 0.5049, f1: 0.4206, test_loss: 1.0948
loss: 0.7041, acc: 0.4148, test_acc: 0.6345, f1: 0.4227, test_loss: 1.1197
>> saved: ./state_dict/ce-qa_restaurant_acc_0.7319_f1_0.6195
loss: 1.2103, acc: 0.4239, test_acc: 0.7319, f1: 0.6195, test_loss: 0.8197
loss: 1.8324, acc: 0.4141, test_acc: 0.3307, f1: 0.3205, test_loss: 1.2646
loss: 1.8978, acc: 0.4125, test_acc: 0.6399, f1: 0.4255, test_loss: 1.1121
loss: 1.3974, acc: 0.4159, test_acc: 0.7176, f1: 0.5171, test_loss: 0.9711
loss: 1.1441, acc: 0.4190, test_acc: 0.5764, f1: 0.4902, test_loss: 0.9484
>> saved: ./state_dict/ce-qa_restaurant_acc_0.7516_f1_0.5943
loss: 0.7314, acc: 0.4308, test_acc: 0.7516, f1: 0.5943, test_loss: 0.8421
loss: 1.2056, acc: 0.4310, test_acc: 0.6345, f1: 0.5887, test_loss: 0.7579
loss: 0.9813, acc: 0.4333, test_acc: 0.6971, f1: 0.5988, test_loss: 0.7882
>> saved: ./state_dict/ce-qa_restaurant_acc_0.7766_f1_0.6589
loss: 0.8622, acc: 0.4415, test_acc: 0.7766, f1: 0.6589, test_loss: 0.7254
loss: 1.0437, acc: 0.4434, test_acc: 0.7113, f1: 0.6433, test_loss: 0.6870
>> saved: ./state_dict/ce-qa_restaurant_acc_0.7891_f1_0.6545
loss: 1.2864, acc: 0.4451, test_acc: 0.7891, f1: 0.6545, test_loss: 0.7885
loss: 1.8829, acc: 0.4449, test_acc: 0.7811, f1: 0.6996, test_loss: 0.6466
loss: 1.3725, acc: 0.4464, test_acc: 0.7301, f1: 0.6480, test_loss: 0.6679
loss: 1.2144, acc: 0.4497, test_acc: 0.7632, f1: 0.6216, test_loss: 0.7815
loss: 0.8805, acc: 0.4595, test_acc: 0.7703, f1: 0.6574, test_loss: 0.7135
>> saved: ./state_dict/ce-qa_restaurant_acc_0.7971_f1_0.7169
loss: 0.7743, acc: 0.4638, test_acc: 0.7971, f1: 0.7169, test_loss: 0.5994
loss: 0.8802, acc: 0.4679, test_acc: 0.7757, f1: 0.6108, test_loss: 0.8259
loss: 1.4532, acc: 0.4719, test_acc: 0.7793, f1: 0.6768, test_loss: 0.6825
loss: 1.2348, acc: 0.4680, test_acc: 0.7641, f1: 0.7012, test_loss: 0.5916
>> saved: ./state_dict/ce-qa_restaurant_acc_0.8097_f1_0.6925
loss: 0.9097, acc: 0.4747, test_acc: 0.8097, f1: 0.6925, test_loss: 0.6794
loss: 0.9171, acc: 0.4811, test_acc: 0.7444, f1: 0.6796, test_loss: 0.6499
loss: 0.9018, acc: 0.4815, test_acc: 0.7837, f1: 0.7155, test_loss: 0.5708
loss: 0.9866, acc: 0.4875, test_acc: 0.8007, f1: 0.7161, test_loss: 0.6075
Epoch 0 average loss: 1.4262
>>>>>>>>>>>>>>>>>>>>>>>>>>>>>>>>>>>>>>>>>>>>>>>>>>>>>>>>>>>>
epoch: 1
loss: 0.8429, acc: 0.6875, test_acc: 0.7694, f1: 0.6950, test_loss: 0.6195
loss: 0.6288, acc: 0.7500, test_acc: 0.7819, f1: 0.6778, test_loss: 0.6649
loss: 1.4119, acc: 0.7500, test_acc: 0.8097, f1: 0.7150, test_loss: 0.6989
loss: 0.8226, acc: 0.7031, test_acc: 0.7864, f1: 0.6923, test_loss: 0.6566
loss: 0.6696, acc: 0.7000, test_acc: 0.7882, f1: 0.6554, test_loss: 0.7060
>> saved: ./state_dict/ce-qa_restaurant_acc_0.8114_f1_0.7165
loss: 0.6418, acc: 0.6979, test_acc: 0.8114, f1: 0.7165, test_loss: 0.6321
loss: 0.6997, acc: 0.6964, test_acc: 0.8016, f1: 0.7213, test_loss: 0.6050
loss: 0.5750, acc: 0.6953, test_acc: 0.7828, f1: 0.6740, test_loss: 0.6249
loss: 1.1614, acc: 0.6597, test_acc: 0.8079, f1: 0.7366, test_loss: 0.5761
loss: 0.7721, acc: 0.6687, test_acc: 0.8025, f1: 0.6629, test_loss: 0.8245
loss: 1.1153, acc: 0.6534, test_acc: 0.7837, f1: 0.7251, test_loss: 0.5551
>> saved: ./state_dict/ce-qa_restaurant_acc_0.8123_f1_0.7258
loss: 0.7016, acc: 0.6562, test_acc: 0.8123, f1: 0.7258, test_loss: 0.6649
>> saved: ./state_dict/ce-qa_restaurant_acc_0.8132_f1_0.7229
loss: 1.0827, acc: 0.6587, test_acc: 0.8132, f1: 0.7229, test_loss: 0.6893
loss: 0.3155, acc: 0.6786, test_acc: 0.7453, f1: 0.6498, test_loss: 0.7951
loss: 0.4485, acc: 0.6833, test_acc: 0.8123, f1: 0.7029, test_loss: 0.6891
loss: 0.6106, acc: 0.6797, test_acc: 0.7927, f1: 0.6799, test_loss: 0.8532
loss: 1.0231, acc: 0.6801, test_acc: 0.7569, f1: 0.7052, test_loss: 0.5986
loss: 1.7761, acc: 0.6736, test_acc: 0.8043, f1: 0.7076, test_loss: 0.6190
loss: 1.0591, acc: 0.6678, test_acc: 0.7319, f1: 0.6567, test_loss: 0.7170
loss: 1.5422, acc: 0.6656, test_acc: 0.8070, f1: 0.6775, test_loss: 0.7871
loss: 0.4950, acc: 0.6726, test_acc: 0.7793, f1: 0.5956, test_loss: 0.9538
>> saved: ./state_dict/ce-qa_restaurant_acc_0.8141_f1_0.7469
loss: 0.4137, acc: 0.6818, test_acc: 0.8141, f1: 0.7469, test_loss: 0.5436
loss: 0.8717, acc: 0.6848, test_acc: 0.7739, f1: 0.7179, test_loss: 0.5599
loss: 0.8889, acc: 0.6875, test_acc: 0.7998, f1: 0.6978, test_loss: 0.5976
loss: 0.9613, acc: 0.6800, test_acc: 0.7909, f1: 0.7211, test_loss: 0.5614
loss: 0.6424, acc: 0.6779, test_acc: 0.7918, f1: 0.7088, test_loss: 0.5431
loss: 0.7093, acc: 0.6736, test_acc: 0.8070, f1: 0.7015, test_loss: 0.6069
loss: 0.9856, acc: 0.6763, test_acc: 0.7784, f1: 0.7324, test_loss: 0.5396
>> saved: ./state_dict/ce-qa_restaurant_acc_0.8159_f1_0.7319
loss: 0.6884, acc: 0.6789, test_acc: 0.8159, f1: 0.7319, test_loss: 0.5457
>> saved: ./state_dict/ce-qa_restaurant_acc_0.8311_f1_0.7448
loss: 0.8084, acc: 0.6813, test_acc: 0.8311, f1: 0.7448, test_loss: 0.6253
loss: 1.0864, acc: 0.6774, test_acc: 0.8061, f1: 0.7523, test_loss: 0.5262
loss: 0.4767, acc: 0.6816, test_acc: 0.8052, f1: 0.7113, test_loss: 0.5989
loss: 0.7778, acc: 0.6837, test_acc: 0.8025, f1: 0.7283, test_loss: 0.5562
loss: 0.7520, acc: 0.6838, test_acc: 0.8204, f1: 0.7328, test_loss: 0.5807
loss: 0.8794, acc: 0.6875, test_acc: 0.7882, f1: 0.6231, test_loss: 1.1063
loss: 0.5466, acc: 0.6875, test_acc: 0.8195, f1: 0.7401, test_loss: 0.5321
loss: 0.6501, acc: 0.6841, test_acc: 0.7882, f1: 0.7250, test_loss: 0.5490
loss: 0.3216, acc: 0.6875, test_acc: 0.8284, f1: 0.7401, test_loss: 0.6484
loss: 1.6884, acc: 0.6827, test_acc: 0.8231, f1: 0.7085, test_loss: 0.7415
loss: 0.7327, acc: 0.6828, test_acc: 0.8293, f1: 0.7573, test_loss: 0.5222
>> saved: ./state_dict/ce-qa_restaurant_acc_0.8329_f1_0.7566
loss: 0.6672, acc: 0.6829, test_acc: 0.8329, f1: 0.7566, test_loss: 0.5634
loss: 0.5894, acc: 0.6860, test_acc: 0.8231, f1: 0.7341, test_loss: 0.5808
loss: 0.7491, acc: 0.6831, test_acc: 0.8070, f1: 0.7532, test_loss: 0.4986
loss: 0.5115, acc: 0.6875, test_acc: 0.8257, f1: 0.6988, test_loss: 0.8048
loss: 0.6731, acc: 0.6903, test_acc: 0.8275, f1: 0.7096, test_loss: 0.7224
Epoch 1 average loss: 0.8071
>>>>>>>>>>>>>>>>>>>>>>>>>>>>>>>>>>>>>>>>>>>>>>>>>>>>>>>>>>>>
epoch: 2
loss: 0.4341, acc: 0.8125, test_acc: 0.8052, f1: 0.7559, test_loss: 0.4915
loss: 0.8602, acc: 0.7188, test_acc: 0.8213, f1: 0.7539, test_loss: 0.4980
>> saved: ./state_dict/ce-qa_restaurant_acc_0.8400_f1_0.7481
loss: 0.6586, acc: 0.7500, test_acc: 0.8400, f1: 0.7481, test_loss: 0.6293
loss: 0.6134, acc: 0.7656, test_acc: 0.8347, f1: 0.7521, test_loss: 0.5726
loss: 0.9072, acc: 0.7500, test_acc: 0.8186, f1: 0.7273, test_loss: 0.5863
loss: 0.7250, acc: 0.7292, test_acc: 0.8320, f1: 0.7651, test_loss: 0.5119
loss: 0.2597, acc: 0.7589, test_acc: 0.8329, f1: 0.7478, test_loss: 0.6030
loss: 0.5496, acc: 0.7656, test_acc: 0.8061, f1: 0.7064, test_loss: 0.6240
>> saved: ./state_dict/ce-qa_restaurant_acc_0.8409_f1_0.7849
loss: 0.4731, acc: 0.7639, test_acc: 0.8409, f1: 0.7849, test_loss: 0.5104
loss: 0.2852, acc: 0.7750, test_acc: 0.8266, f1: 0.7361, test_loss: 0.7947
loss: 0.1706, acc: 0.7898, test_acc: 0.8311, f1: 0.7418, test_loss: 0.7719
loss: 0.3938, acc: 0.7969, test_acc: 0.8132, f1: 0.7109, test_loss: 0.6973
loss: 0.6836, acc: 0.7885, test_acc: 0.8266, f1: 0.7503, test_loss: 0.5855
loss: 0.1214, acc: 0.8036, test_acc: 0.8329, f1: 0.7347, test_loss: 0.7799
loss: 0.2860, acc: 0.8083, test_acc: 0.8329, f1: 0.7452, test_loss: 0.6844
loss: 1.1479, acc: 0.8008, test_acc: 0.8284, f1: 0.7424, test_loss: 0.6145
loss: 0.3996, acc: 0.7978, test_acc: 0.8365, f1: 0.7822, test_loss: 0.4774
loss: 0.1650, acc: 0.8056, test_acc: 0.8365, f1: 0.7448, test_loss: 0.6978
>> saved: ./state_dict/ce-qa_restaurant_acc_0.8436_f1_0.7672
loss: 0.5182, acc: 0.8059, test_acc: 0.8436, f1: 0.7672, test_loss: 0.6056
>> saved: ./state_dict/ce-qa_restaurant_acc_0.8534_f1_0.7899
loss: 0.3987, acc: 0.8094, test_acc: 0.8534, f1: 0.7899, test_loss: 0.5520
loss: 0.0583, acc: 0.8185, test_acc: 0.8418, f1: 0.7588, test_loss: 0.6892
loss: 0.6596, acc: 0.8125, test_acc: 0.8391, f1: 0.7630, test_loss: 0.5894
loss: 0.2617, acc: 0.8152, test_acc: 0.8472, f1: 0.7953, test_loss: 0.4905
loss: 0.7368, acc: 0.8073, test_acc: 0.8418, f1: 0.7799, test_loss: 0.5019
loss: 0.4226, acc: 0.8075, test_acc: 0.8311, f1: 0.7343, test_loss: 0.7260
loss: 0.2056, acc: 0.8125, test_acc: 0.8517, f1: 0.7941, test_loss: 0.5594
loss: 0.9087, acc: 0.8102, test_acc: 0.8481, f1: 0.7957, test_loss: 0.5162
loss: 0.3980, acc: 0.8103, test_acc: 0.8436, f1: 0.7878, test_loss: 0.4975
loss: 0.3218, acc: 0.8103, test_acc: 0.8168, f1: 0.7740, test_loss: 0.4817
loss: 0.7401, acc: 0.8104, test_acc: 0.8436, f1: 0.7761, test_loss: 0.5344
loss: 0.7556, acc: 0.8065, test_acc: 0.8374, f1: 0.7595, test_loss: 0.6205
loss: 0.5490, acc: 0.8086, test_acc: 0.8168, f1: 0.7007, test_loss: 0.8048
loss: 0.2083, acc: 0.8125, test_acc: 0.8365, f1: 0.7756, test_loss: 0.5965
loss: 0.5238, acc: 0.8125, test_acc: 0.8043, f1: 0.6930, test_loss: 0.7974
loss: 0.9065, acc: 0.8107, test_acc: 0.8105, f1: 0.6722, test_loss: 0.9536
loss: 0.9855, acc: 0.8056, test_acc: 0.8186, f1: 0.7366, test_loss: 0.6847
loss: 0.3508, acc: 0.8057, test_acc: 0.8409, f1: 0.7632, test_loss: 0.6048
loss: 0.4570, acc: 0.8076, test_acc: 0.8436, f1: 0.7745, test_loss: 0.5347
loss: 0.2563, acc: 0.8093, test_acc: 0.8311, f1: 0.7715, test_loss: 0.5018
loss: 0.7430, acc: 0.8094, test_acc: 0.8418, f1: 0.7745, test_loss: 0.6517
loss: 0.4970, acc: 0.8095, test_acc: 0.8409, f1: 0.7793, test_loss: 0.5022
loss: 0.1689, acc: 0.8125, test_acc: 0.8141, f1: 0.7633, test_loss: 0.5181
loss: 0.1086, acc: 0.8154, test_acc: 0.8499, f1: 0.7819, test_loss: 0.5725
loss: 0.0929, acc: 0.8182, test_acc: 0.8490, f1: 0.7793, test_loss: 0.6691
loss: 0.3799, acc: 0.8208, test_acc: 0.8454, f1: 0.7790, test_loss: 0.5478
Epoch 2 average loss: 0.5550
>>>>>>>>>>>>>>>>>>>>>>>>>>>>>>>>>>>>>>>>>>>>>>>>>>>>>>>>>>>>
epoch: 3
loss: 0.4621, acc: 0.7500, test_acc: 0.7980, f1: 0.7421, test_loss: 0.5668
loss: 0.0746, acc: 0.8750, test_acc: 0.8445, f1: 0.7704, test_loss: 0.7128
loss: 0.7970, acc: 0.8333, test_acc: 0.8391, f1: 0.7593, test_loss: 0.8297
loss: 0.4060, acc: 0.8281, test_acc: 0.8320, f1: 0.7569, test_loss: 0.5676
loss: 0.3571, acc: 0.8375, test_acc: 0.8445, f1: 0.7646, test_loss: 0.6283
loss: 0.1801, acc: 0.8542, test_acc: 0.8427, f1: 0.7722, test_loss: 0.6657
loss: 1.4775, acc: 0.8304, test_acc: 0.8490, f1: 0.7797, test_loss: 0.6582
loss: 0.2972, acc: 0.8281, test_acc: 0.8347, f1: 0.7637, test_loss: 0.5612
loss: 0.3284, acc: 0.8333, test_acc: 0.8374, f1: 0.7732, test_loss: 0.5209
loss: 0.4295, acc: 0.8375, test_acc: 0.8508, f1: 0.7784, test_loss: 0.6247
loss: 0.1521, acc: 0.8466, test_acc: 0.8472, f1: 0.7740, test_loss: 0.6036
loss: 0.4165, acc: 0.8490, test_acc: 0.8248, f1: 0.7416, test_loss: 0.6849
loss: 0.4669, acc: 0.8462, test_acc: 0.8374, f1: 0.7847, test_loss: 0.4880
loss: 0.6437, acc: 0.8438, test_acc: 0.8427, f1: 0.7660, test_loss: 0.6556
loss: 0.0965, acc: 0.8500, test_acc: 0.8329, f1: 0.7370, test_loss: 0.9025
loss: 0.0481, acc: 0.8594, test_acc: 0.8427, f1: 0.7742, test_loss: 0.6190
loss: 0.3390, acc: 0.8603, test_acc: 0.8365, f1: 0.7635, test_loss: 0.6689
loss: 0.6619, acc: 0.8576, test_acc: 0.8382, f1: 0.7709, test_loss: 0.7073
loss: 0.1531, acc: 0.8618, test_acc: 0.8329, f1: 0.7367, test_loss: 1.0706
loss: 0.3496, acc: 0.8625, test_acc: 0.8257, f1: 0.7373, test_loss: 0.8327
loss: 0.5826, acc: 0.8571, test_acc: 0.8320, f1: 0.7756, test_loss: 0.5740
loss: 0.2848, acc: 0.8608, test_acc: 0.8329, f1: 0.7472, test_loss: 0.7516
loss: 0.4111, acc: 0.8614, test_acc: 0.8311, f1: 0.7525, test_loss: 0.6971
loss: 0.2366, acc: 0.8620, test_acc: 0.8338, f1: 0.7734, test_loss: 0.5837
loss: 0.5965, acc: 0.8625, test_acc: 0.8248, f1: 0.7354, test_loss: 0.8060
loss: 0.0940, acc: 0.8678, test_acc: 0.8302, f1: 0.7687, test_loss: 0.6223
loss: 0.3198, acc: 0.8704, test_acc: 0.8427, f1: 0.7613, test_loss: 0.9374
loss: 0.4898, acc: 0.8705, test_acc: 0.8400, f1: 0.7652, test_loss: 0.7396
loss: 0.2799, acc: 0.8707, test_acc: 0.8311, f1: 0.7695, test_loss: 0.6438
loss: 0.1730, acc: 0.8708, test_acc: 0.8266, f1: 0.7446, test_loss: 0.7246
loss: 0.1125, acc: 0.8750, test_acc: 0.8257, f1: 0.7421, test_loss: 0.7371
loss: 0.5812, acc: 0.8711, test_acc: 0.8293, f1: 0.7703, test_loss: 0.6275
loss: 0.2852, acc: 0.8731, test_acc: 0.8347, f1: 0.7530, test_loss: 0.7739
loss: 0.3552, acc: 0.8732, test_acc: 0.8302, f1: 0.7604, test_loss: 0.6883
loss: 0.9393, acc: 0.8679, test_acc: 0.8284, f1: 0.7648, test_loss: 0.6483
loss: 0.5448, acc: 0.8698, test_acc: 0.8302, f1: 0.7315, test_loss: 0.8864
loss: 0.3358, acc: 0.8682, test_acc: 0.8186, f1: 0.7686, test_loss: 0.6584
loss: 0.5139, acc: 0.8668, test_acc: 0.8409, f1: 0.7550, test_loss: 0.8546
loss: 0.1421, acc: 0.8686, test_acc: 0.8195, f1: 0.7003, test_loss: 1.0816
loss: 0.1903, acc: 0.8688, test_acc: 0.8365, f1: 0.7645, test_loss: 0.7508
loss: 0.1072, acc: 0.8704, test_acc: 0.8204, f1: 0.7418, test_loss: 0.7623
loss: 0.4265, acc: 0.8705, test_acc: 0.8195, f1: 0.7557, test_loss: 0.6745
loss: 0.6274, acc: 0.8692, test_acc: 0.8338, f1: 0.7619, test_loss: 0.7778
loss: 0.1529, acc: 0.8707, test_acc: 0.8409, f1: 0.7639, test_loss: 0.8279
loss: 0.2218, acc: 0.8722, test_acc: 0.8391, f1: 0.7547, test_loss: 0.7360
Epoch 3 average loss: 0.4003
>>>>>>>>>>>>>>>>>>>>>>>>>>>>>>>>>>>>>>>>>>>>>>>>>>>>>>>>>>>>
epoch: 4
loss: 0.7441, acc: 0.8750, test_acc: 0.8534, f1: 0.7864, test_loss: 0.5958
>> saved: ./state_dict/ce-qa_restaurant_acc_0.8561_f1_0.8010
loss: 0.2628, acc: 0.8750, test_acc: 0.8561, f1: 0.8010, test_loss: 0.6087
>> saved: ./state_dict/ce-qa_restaurant_acc_0.8597_f1_0.7981
loss: 0.0289, acc: 0.9167, test_acc: 0.8597, f1: 0.7981, test_loss: 0.5409
loss: 0.1857, acc: 0.9062, test_acc: 0.8570, f1: 0.7977, test_loss: 0.5496
loss: 0.0188, acc: 0.9250, test_acc: 0.8561, f1: 0.7890, test_loss: 0.6291
loss: 0.0686, acc: 0.9375, test_acc: 0.8525, f1: 0.7821, test_loss: 0.6900
loss: 0.0510, acc: 0.9375, test_acc: 0.8534, f1: 0.7863, test_loss: 0.6881
loss: 0.0902, acc: 0.9375, test_acc: 0.8597, f1: 0.7989, test_loss: 0.6639
loss: 0.1940, acc: 0.9375, test_acc: 0.8481, f1: 0.7770, test_loss: 0.7627
loss: 0.1008, acc: 0.9375, test_acc: 0.8508, f1: 0.7828, test_loss: 0.7111
loss: 0.1319, acc: 0.9375, test_acc: 0.8499, f1: 0.7780, test_loss: 0.7377
loss: 0.0255, acc: 0.9427, test_acc: 0.8481, f1: 0.7729, test_loss: 0.7611
loss: 0.0346, acc: 0.9471, test_acc: 0.8499, f1: 0.7915, test_loss: 0.6086
loss: 0.5058, acc: 0.9420, test_acc: 0.8561, f1: 0.7961, test_loss: 0.6283
loss: 0.0421, acc: 0.9458, test_acc: 0.8499, f1: 0.7761, test_loss: 0.7615
loss: 0.7129, acc: 0.9414, test_acc: 0.8463, f1: 0.7712, test_loss: 0.7644
loss: 0.2731, acc: 0.9412, test_acc: 0.8570, f1: 0.7992, test_loss: 0.6662
loss: 0.3812, acc: 0.9410, test_acc: 0.8374, f1: 0.7467, test_loss: 0.9193
loss: 0.0476, acc: 0.9441, test_acc: 0.8374, f1: 0.7399, test_loss: 1.0043
loss: 0.3019, acc: 0.9406, test_acc: 0.8597, f1: 0.8026, test_loss: 0.6428
loss: 0.1787, acc: 0.9375, test_acc: 0.8427, f1: 0.7681, test_loss: 0.7495
loss: 0.5978, acc: 0.9375, test_acc: 0.8239, f1: 0.7020, test_loss: 1.1770
loss: 0.3412, acc: 0.9321, test_acc: 0.8543, f1: 0.7971, test_loss: 0.5931
loss: 0.1084, acc: 0.9323, test_acc: 0.8534, f1: 0.7908, test_loss: 0.6456
loss: 0.0618, acc: 0.9350, test_acc: 0.8552, f1: 0.7935, test_loss: 0.6460
loss: 0.4061, acc: 0.9351, test_acc: 0.8552, f1: 0.8003, test_loss: 0.5841
loss: 0.9880, acc: 0.9306, test_acc: 0.8391, f1: 0.7632, test_loss: 0.8784
loss: 0.1043, acc: 0.9308, test_acc: 0.8472, f1: 0.7785, test_loss: 0.7907
loss: 0.3207, acc: 0.9267, test_acc: 0.8463, f1: 0.7863, test_loss: 0.6492
loss: 0.3079, acc: 0.9229, test_acc: 0.8436, f1: 0.7775, test_loss: 0.7740
loss: 0.5917, acc: 0.9194, test_acc: 0.8436, f1: 0.7686, test_loss: 0.8810
loss: 0.1128, acc: 0.9219, test_acc: 0.8454, f1: 0.7688, test_loss: 0.8864
loss: 0.2195, acc: 0.9223, test_acc: 0.8454, f1: 0.7736, test_loss: 0.8852
loss: 0.1980, acc: 0.9210, test_acc: 0.8427, f1: 0.7810, test_loss: 0.6735
loss: 0.1391, acc: 0.9214, test_acc: 0.8382, f1: 0.7482, test_loss: 0.9677
loss: 0.1060, acc: 0.9219, test_acc: 0.8427, f1: 0.7682, test_loss: 0.8014
loss: 0.0953, acc: 0.9223, test_acc: 0.8463, f1: 0.7924, test_loss: 0.6304
loss: 1.0943, acc: 0.9161, test_acc: 0.8239, f1: 0.7798, test_loss: 0.6453
loss: 0.0824, acc: 0.9183, test_acc: 0.8257, f1: 0.7286, test_loss: 1.0095
loss: 0.2539, acc: 0.9187, test_acc: 0.8454, f1: 0.7707, test_loss: 0.8825
loss: 0.8337, acc: 0.9177, test_acc: 0.7918, f1: 0.7511, test_loss: 0.9198
loss: 0.0517, acc: 0.9182, test_acc: 0.8356, f1: 0.7538, test_loss: 1.0113
loss: 0.8678, acc: 0.9157, test_acc: 0.8311, f1: 0.7252, test_loss: 1.3096
loss: 0.3277, acc: 0.9134, test_acc: 0.8382, f1: 0.7751, test_loss: 0.9766
loss: 0.3729, acc: 0.9111, test_acc: 0.8293, f1: 0.7335, test_loss: 1.8036
loss: 0.2063, acc: 0.9107, test_acc: 0.8570, f1: 0.7945, test_loss: 0.7914
Epoch 4 average loss: 0.2956
>>>>>>>>>>>>>>>>>>>>>>>>>>>>>>>>>>>>>>>>>>>>>>>>>>>>>>>>>>>>
epoch: 5
loss: 0.4872, acc: 0.6875, test_acc: 0.7927, f1: 0.7562, test_loss: 0.7465
loss: 0.2983, acc: 0.8125, test_acc: 0.8436, f1: 0.7811, test_loss: 0.8159
loss: 0.3305, acc: 0.8542, test_acc: 0.8436, f1: 0.7676, test_loss: 1.0129
loss: 0.7464, acc: 0.8281, test_acc: 0.8463, f1: 0.7848, test_loss: 0.8107
loss: 0.0253, acc: 0.8625, test_acc: 0.8445, f1: 0.7675, test_loss: 1.0710
loss: 0.0176, acc: 0.8854, test_acc: 0.8382, f1: 0.7565, test_loss: 0.9929
loss: 0.3033, acc: 0.8929, test_acc: 0.8543, f1: 0.7988, test_loss: 0.6959
loss: 0.0761, acc: 0.8984, test_acc: 0.8525, f1: 0.7959, test_loss: 0.7243
loss: 0.3288, acc: 0.8958, test_acc: 0.8499, f1: 0.7836, test_loss: 0.8869
loss: 0.3387, acc: 0.9000, test_acc: 0.8481, f1: 0.7841, test_loss: 0.8615
loss: 0.0525, acc: 0.9034, test_acc: 0.8481, f1: 0.7742, test_loss: 1.0368
loss: 0.0294, acc: 0.9115, test_acc: 0.8347, f1: 0.7402, test_loss: 1.2308
loss: 0.0265, acc: 0.9183, test_acc: 0.8436, f1: 0.7683, test_loss: 1.0513
loss: 0.1115, acc: 0.9241, test_acc: 0.8597, f1: 0.7977, test_loss: 0.9356
loss: 0.3047, acc: 0.9208, test_acc: 0.8508, f1: 0.7784, test_loss: 0.9972
loss: 0.0042, acc: 0.9258, test_acc: 0.8508, f1: 0.7769, test_loss: 0.9263
loss: 0.2356, acc: 0.9265, test_acc: 0.8490, f1: 0.7778, test_loss: 0.8744
loss: 0.0069, acc: 0.9306, test_acc: 0.8445, f1: 0.7670, test_loss: 1.1977
loss: 0.2123, acc: 0.9309, test_acc: 0.8338, f1: 0.7341, test_loss: 1.5505
loss: 0.0252, acc: 0.9344, test_acc: 0.8499, f1: 0.7849, test_loss: 0.9609
loss: 0.0286, acc: 0.9375, test_acc: 0.8499, f1: 0.7926, test_loss: 0.8693
loss: 0.0044, acc: 0.9403, test_acc: 0.8347, f1: 0.7395, test_loss: 1.2627
loss: 0.0711, acc: 0.9429, test_acc: 0.8231, f1: 0.7122, test_loss: 1.5160
loss: 0.1348, acc: 0.9427, test_acc: 0.8436, f1: 0.7732, test_loss: 1.1569
loss: 0.0113, acc: 0.9450, test_acc: 0.8508, f1: 0.7877, test_loss: 1.0639
loss: 0.3639, acc: 0.9423, test_acc: 0.8481, f1: 0.7793, test_loss: 1.0856
loss: 0.0998, acc: 0.9444, test_acc: 0.8356, f1: 0.7531, test_loss: 1.0874
loss: 0.0854, acc: 0.9442, test_acc: 0.8347, f1: 0.7553, test_loss: 1.1510
loss: 0.0189, acc: 0.9461, test_acc: 0.8427, f1: 0.7744, test_loss: 1.2747
loss: 0.0835, acc: 0.9458, test_acc: 0.8391, f1: 0.7673, test_loss: 1.3387
loss: 0.1038, acc: 0.9456, test_acc: 0.8418, f1: 0.7757, test_loss: 1.0304
loss: 0.0702, acc: 0.9473, test_acc: 0.8195, f1: 0.7205, test_loss: 1.2444
loss: 0.3653, acc: 0.9432, test_acc: 0.8239, f1: 0.7245, test_loss: 1.2891
loss: 0.0865, acc: 0.9430, test_acc: 0.8222, f1: 0.7174, test_loss: 1.2947
loss: 0.0042, acc: 0.9446, test_acc: 0.8338, f1: 0.7449, test_loss: 1.0773
loss: 0.2495, acc: 0.9444, test_acc: 0.8427, f1: 0.7759, test_loss: 0.8799
loss: 0.1660, acc: 0.9426, test_acc: 0.8409, f1: 0.7754, test_loss: 0.8574
loss: 0.0080, acc: 0.9441, test_acc: 0.8400, f1: 0.7500, test_loss: 1.1317
loss: 0.1417, acc: 0.9439, test_acc: 0.8454, f1: 0.7702, test_loss: 0.9348
loss: 0.2244, acc: 0.9437, test_acc: 0.8534, f1: 0.7886, test_loss: 0.8450
loss: 0.0101, acc: 0.9451, test_acc: 0.8597, f1: 0.7942, test_loss: 0.9597
loss: 0.6134, acc: 0.9449, test_acc: 0.8499, f1: 0.7745, test_loss: 1.0303
loss: 0.2352, acc: 0.9448, test_acc: 0.8534, f1: 0.7922, test_loss: 0.8013
loss: 0.1184, acc: 0.9446, test_acc: 0.8525, f1: 0.7862, test_loss: 0.8835
>> saved: ./state_dict/ce-qa_restaurant_acc_0.8624_f1_0.8053
loss: 0.2309, acc: 0.9444, test_acc: 0.8624, f1: 0.8053, test_loss: 0.8797
Epoch 5 average loss: 0.1768
>>>>>>>>>>>>>>>>>>>>>>>>>>>>>>>>>>>>>>>>>>>>>>>>>>>>>>>>>>>>
epoch: 6
loss: 0.2107, acc: 0.9375, test_acc: 0.8561, f1: 0.7939, test_loss: 0.9460
loss: 0.0407, acc: 0.9375, test_acc: 0.8445, f1: 0.7773, test_loss: 0.8991
loss: 0.4054, acc: 0.9167, test_acc: 0.8445, f1: 0.7799, test_loss: 0.9084
loss: 0.2237, acc: 0.9219, test_acc: 0.8472, f1: 0.7912, test_loss: 0.8895
loss: 0.0145, acc: 0.9375, test_acc: 0.8525, f1: 0.7878, test_loss: 1.0777
loss: 0.0870, acc: 0.9375, test_acc: 0.8472, f1: 0.7687, test_loss: 1.3440
loss: 0.3557, acc: 0.9375, test_acc: 0.8365, f1: 0.7372, test_loss: 1.5990
loss: 0.2993, acc: 0.9297, test_acc: 0.8472, f1: 0.7696, test_loss: 1.2156
loss: 0.0488, acc: 0.9306, test_acc: 0.8570, f1: 0.7949, test_loss: 1.0758
loss: 0.0279, acc: 0.9375, test_acc: 0.8615, f1: 0.8019, test_loss: 1.1398
loss: 0.0071, acc: 0.9432, test_acc: 0.8490, f1: 0.7782, test_loss: 1.2747
loss: 0.0022, acc: 0.9479, test_acc: 0.8472, f1: 0.7752, test_loss: 1.3149
loss: 0.0740, acc: 0.9471, test_acc: 0.8615, f1: 0.8051, test_loss: 1.1292
loss: 0.0701, acc: 0.9509, test_acc: 0.8624, f1: 0.8035, test_loss: 1.0435
loss: 0.0521, acc: 0.9542, test_acc: 0.8525, f1: 0.7818, test_loss: 1.1364
loss: 0.0002, acc: 0.9570, test_acc: 0.8499, f1: 0.7691, test_loss: 1.2406
loss: 0.0119, acc: 0.9596, test_acc: 0.8409, f1: 0.7485, test_loss: 1.4161
loss: 0.0664, acc: 0.9618, test_acc: 0.8606, f1: 0.8015, test_loss: 0.9801
>> saved: ./state_dict/ce-qa_restaurant_acc_0.8677_f1_0.8180
loss: 0.0442, acc: 0.9638, test_acc: 0.8677, f1: 0.8180, test_loss: 0.8656
loss: 0.0737, acc: 0.9625, test_acc: 0.8606, f1: 0.8036, test_loss: 0.9956
loss: 0.2726, acc: 0.9613, test_acc: 0.8382, f1: 0.7474, test_loss: 1.7401
loss: 0.3328, acc: 0.9602, test_acc: 0.8365, f1: 0.7445, test_loss: 1.8479
loss: 0.0150, acc: 0.9620, test_acc: 0.8552, f1: 0.7875, test_loss: 1.0946
loss: 0.2083, acc: 0.9583, test_acc: 0.8400, f1: 0.7749, test_loss: 1.0212
loss: 0.1878, acc: 0.9575, test_acc: 0.8445, f1: 0.7680, test_loss: 1.2048
loss: 0.0020, acc: 0.9591, test_acc: 0.8490, f1: 0.7746, test_loss: 1.3405
loss: 0.0064, acc: 0.9606, test_acc: 0.8436, f1: 0.7655, test_loss: 1.5300
loss: 0.0150, acc: 0.9621, test_acc: 0.8382, f1: 0.7528, test_loss: 1.4604
loss: 0.0085, acc: 0.9634, test_acc: 0.8391, f1: 0.7702, test_loss: 1.0483
loss: 0.2007, acc: 0.9625, test_acc: 0.8382, f1: 0.7798, test_loss: 0.9333
loss: 0.0394, acc: 0.9637, test_acc: 0.8302, f1: 0.7444, test_loss: 1.2811
loss: 0.0152, acc: 0.9648, test_acc: 0.8320, f1: 0.7318, test_loss: 1.7975
loss: 0.0071, acc: 0.9659, test_acc: 0.8552, f1: 0.7930, test_loss: 1.0749
loss: 0.2666, acc: 0.9596, test_acc: 0.8132, f1: 0.7756, test_loss: 0.8023
loss: 0.3623, acc: 0.9554, test_acc: 0.8445, f1: 0.7963, test_loss: 0.6995
loss: 0.4540, acc: 0.9531, test_acc: 0.8427, f1: 0.7613, test_loss: 1.0933
loss: 0.2646, acc: 0.9527, test_acc: 0.8570, f1: 0.7965, test_loss: 1.0632
loss: 0.2518, acc: 0.9523, test_acc: 0.8508, f1: 0.7853, test_loss: 1.1354
loss: 0.0042, acc: 0.9535, test_acc: 0.8472, f1: 0.7603, test_loss: 1.3167
loss: 0.3749, acc: 0.9531, test_acc: 0.8409, f1: 0.7544, test_loss: 1.3521
loss: 0.0194, acc: 0.9543, test_acc: 0.8499, f1: 0.7832, test_loss: 1.0837
loss: 0.0999, acc: 0.9524, test_acc: 0.8561, f1: 0.7984, test_loss: 0.9783
loss: 0.0915, acc: 0.9535, test_acc: 0.8517, f1: 0.7761, test_loss: 1.2785
loss: 0.0008, acc: 0.9545, test_acc: 0.8615, f1: 0.7994, test_loss: 1.0886
loss: 0.2262, acc: 0.9528, test_acc: 0.8588, f1: 0.7888, test_loss: 1.1574
Epoch 6 average loss: 0.1116
>>>>>>>>>>>>>>>>>>>>>>>>>>>>>>>>>>>>>>>>>>>>>>>>>>>>>>>>>>>>
epoch: 7
loss: 0.2547, acc: 0.9375, test_acc: 0.8391, f1: 0.7353, test_loss: 1.5937
loss: 0.3098, acc: 0.9375, test_acc: 0.8588, f1: 0.7875, test_loss: 1.2227
loss: 0.0210, acc: 0.9583, test_acc: 0.8570, f1: 0.8000, test_loss: 0.9779
loss: 0.0426, acc: 0.9531, test_acc: 0.8463, f1: 0.7935, test_loss: 0.9181
loss: 0.0025, acc: 0.9625, test_acc: 0.8543, f1: 0.8052, test_loss: 0.9253
loss: 0.0005, acc: 0.9688, test_acc: 0.8642, f1: 0.7987, test_loss: 1.2310
loss: 0.0013, acc: 0.9732, test_acc: 0.8642, f1: 0.8108, test_loss: 1.0422
loss: 0.1443, acc: 0.9688, test_acc: 0.8597, f1: 0.7985, test_loss: 1.1264
loss: 0.1798, acc: 0.9653, test_acc: 0.8624, f1: 0.7982, test_loss: 1.1659
loss: 0.1208, acc: 0.9625, test_acc: 0.8508, f1: 0.7968, test_loss: 0.9658
loss: 0.1794, acc: 0.9545, test_acc: 0.8525, f1: 0.8000, test_loss: 0.9937
loss: 0.0022, acc: 0.9583, test_acc: 0.8552, f1: 0.7932, test_loss: 1.1861
loss: 0.0282, acc: 0.9615, test_acc: 0.8525, f1: 0.7805, test_loss: 1.3779
loss: 0.0108, acc: 0.9643, test_acc: 0.8552, f1: 0.7874, test_loss: 1.2983
loss: 0.0610, acc: 0.9625, test_acc: 0.8517, f1: 0.7899, test_loss: 1.1811
loss: 0.0045, acc: 0.9648, test_acc: 0.8499, f1: 0.7906, test_loss: 1.2407
loss: 0.0349, acc: 0.9669, test_acc: 0.8552, f1: 0.7892, test_loss: 1.4736
loss: 0.2347, acc: 0.9618, test_acc: 0.8517, f1: 0.7773, test_loss: 1.6442
loss: 0.0224, acc: 0.9638, test_acc: 0.8517, f1: 0.7868, test_loss: 1.4173
loss: 0.0032, acc: 0.9656, test_acc: 0.8481, f1: 0.7860, test_loss: 1.3132
loss: 0.8945, acc: 0.9613, test_acc: 0.8508, f1: 0.7908, test_loss: 1.2833
loss: 0.1099, acc: 0.9602, test_acc: 0.8186, f1: 0.7642, test_loss: 1.2543
loss: 0.0027, acc: 0.9620, test_acc: 0.8204, f1: 0.7520, test_loss: 1.4395
loss: 0.3162, acc: 0.9609, test_acc: 0.8427, f1: 0.7705, test_loss: 1.3933
loss: 0.5691, acc: 0.9550, test_acc: 0.8356, f1: 0.7563, test_loss: 1.6482
loss: 0.0168, acc: 0.9567, test_acc: 0.8418, f1: 0.7657, test_loss: 1.7239
loss: 0.2774, acc: 0.9560, test_acc: 0.8356, f1: 0.7286, test_loss: 2.3813
loss: 1.6977, acc: 0.9509, test_acc: 0.8454, f1: 0.7628, test_loss: 1.4425
loss: 0.3539, acc: 0.9483, test_acc: 0.8186, f1: 0.7366, test_loss: 1.3794
loss: 0.0168, acc: 0.9500, test_acc: 0.8517, f1: 0.7949, test_loss: 1.2419
loss: 0.0007, acc: 0.9516, test_acc: 0.8472, f1: 0.7838, test_loss: 1.2947
loss: 0.0101, acc: 0.9531, test_acc: 0.8356, f1: 0.7531, test_loss: 1.5626
loss: 0.0258, acc: 0.9545, test_acc: 0.8347, f1: 0.7508, test_loss: 1.4774
loss: 1.2191, acc: 0.9540, test_acc: 0.8391, f1: 0.7605, test_loss: 1.3752
loss: 0.0583, acc: 0.9536, test_acc: 0.8418, f1: 0.7847, test_loss: 1.1233
loss: 0.0384, acc: 0.9531, test_acc: 0.8409, f1: 0.7904, test_loss: 1.0943
loss: 0.0521, acc: 0.9527, test_acc: 0.8329, f1: 0.7684, test_loss: 1.0964
loss: 0.2084, acc: 0.9523, test_acc: 0.8275, f1: 0.7583, test_loss: 1.1878
loss: 0.1856, acc: 0.9519, test_acc: 0.8275, f1: 0.7293, test_loss: 1.4503
loss: 0.0029, acc: 0.9531, test_acc: 0.8409, f1: 0.7693, test_loss: 1.1773
loss: 0.0139, acc: 0.9543, test_acc: 0.8454, f1: 0.7833, test_loss: 1.0579
loss: 0.3552, acc: 0.9539, test_acc: 0.8454, f1: 0.7793, test_loss: 1.1146
loss: 0.0278, acc: 0.9549, test_acc: 0.8347, f1: 0.7528, test_loss: 1.2764
loss: 0.0022, acc: 0.9560, test_acc: 0.8400, f1: 0.7584, test_loss: 1.3998
loss: 0.6854, acc: 0.9542, test_acc: 0.8543, f1: 0.7966, test_loss: 1.2049
Epoch 7 average loss: 0.1512
>>>>>>>>>>>>>>>>>>>>>>>>>>>>>>>>>>>>>>>>>>>>>>>>>>>>>>>>>>>>
epoch: 8
loss: 0.0003, acc: 1.0000, test_acc: 0.8418, f1: 0.7754, test_loss: 1.3429
loss: 0.1126, acc: 0.9688, test_acc: 0.8320, f1: 0.7521, test_loss: 1.4061
loss: 0.0069, acc: 0.9792, test_acc: 0.8338, f1: 0.7496, test_loss: 1.5734
loss: 0.0136, acc: 0.9844, test_acc: 0.8338, f1: 0.7508, test_loss: 1.5243
loss: 0.0554, acc: 0.9750, test_acc: 0.8374, f1: 0.7659, test_loss: 1.2866
loss: 0.0047, acc: 0.9792, test_acc: 0.8356, f1: 0.7680, test_loss: 1.1502
loss: 0.0665, acc: 0.9732, test_acc: 0.8356, f1: 0.7686, test_loss: 1.1407
loss: 0.0071, acc: 0.9766, test_acc: 0.8382, f1: 0.7681, test_loss: 1.2586
loss: 0.0238, acc: 0.9792, test_acc: 0.8329, f1: 0.7488, test_loss: 1.4352
loss: 0.0008, acc: 0.9812, test_acc: 0.8320, f1: 0.7457, test_loss: 1.4064
loss: 0.0034, acc: 0.9830, test_acc: 0.8347, f1: 0.7611, test_loss: 1.1978
loss: 0.0720, acc: 0.9792, test_acc: 0.8374, f1: 0.7715, test_loss: 1.1276
loss: 0.0020, acc: 0.9808, test_acc: 0.8356, f1: 0.7594, test_loss: 1.2443
loss: 0.0297, acc: 0.9821, test_acc: 0.8409, f1: 0.7851, test_loss: 1.1205
loss: 0.7088, acc: 0.9750, test_acc: 0.8374, f1: 0.7733, test_loss: 1.3153
loss: 0.0630, acc: 0.9766, test_acc: 0.8418, f1: 0.7810, test_loss: 1.2861
loss: 0.0033, acc: 0.9779, test_acc: 0.8338, f1: 0.7605, test_loss: 1.3127
loss: 0.0009, acc: 0.9792, test_acc: 0.8365, f1: 0.7483, test_loss: 1.4983
loss: 0.0257, acc: 0.9803, test_acc: 0.8204, f1: 0.7321, test_loss: 1.5500
loss: 0.0842, acc: 0.9812, test_acc: 0.8159, f1: 0.7253, test_loss: 1.6232
loss: 0.1395, acc: 0.9792, test_acc: 0.8293, f1: 0.7603, test_loss: 1.2204
loss: 0.4231, acc: 0.9716, test_acc: 0.8391, f1: 0.7846, test_loss: 1.2223
loss: 0.1860, acc: 0.9701, test_acc: 0.8454, f1: 0.7873, test_loss: 1.3659
loss: 0.0009, acc: 0.9714, test_acc: 0.8427, f1: 0.7628, test_loss: 1.6463
loss: 0.0681, acc: 0.9700, test_acc: 0.8400, f1: 0.7597, test_loss: 1.6666
loss: 0.0029, acc: 0.9712, test_acc: 0.8472, f1: 0.7907, test_loss: 1.2109
loss: 0.0011, acc: 0.9722, test_acc: 0.8481, f1: 0.7941, test_loss: 1.1730
loss: 0.0424, acc: 0.9710, test_acc: 0.8418, f1: 0.7711, test_loss: 1.3120
loss: 0.0792, acc: 0.9720, test_acc: 0.8356, f1: 0.7587, test_loss: 1.3766
loss: 0.4065, acc: 0.9708, test_acc: 0.8490, f1: 0.7904, test_loss: 1.1968
loss: 0.0396, acc: 0.9718, test_acc: 0.8499, f1: 0.7861, test_loss: 1.3347
loss: 0.1368, acc: 0.9707, test_acc: 0.8445, f1: 0.7725, test_loss: 1.3550
loss: 0.5041, acc: 0.9659, test_acc: 0.8347, f1: 0.7460, test_loss: 1.5357
loss: 0.0002, acc: 0.9669, test_acc: 0.8391, f1: 0.7688, test_loss: 1.3998
loss: 0.1182, acc: 0.9661, test_acc: 0.8490, f1: 0.7891, test_loss: 1.3360
loss: 0.0133, acc: 0.9670, test_acc: 0.8329, f1: 0.7435, test_loss: 1.8500
loss: 0.0421, acc: 0.9662, test_acc: 0.8365, f1: 0.7650, test_loss: 1.3747
loss: 0.0079, acc: 0.9671, test_acc: 0.8391, f1: 0.7845, test_loss: 1.1068
loss: 0.0166, acc: 0.9679, test_acc: 0.8391, f1: 0.7851, test_loss: 1.1035
loss: 0.2093, acc: 0.9672, test_acc: 0.8517, f1: 0.7802, test_loss: 1.4542
loss: 0.0011, acc: 0.9680, test_acc: 0.8534, f1: 0.7867, test_loss: 1.4671
loss: 0.2326, acc: 0.9673, test_acc: 0.8499, f1: 0.7894, test_loss: 1.1445
loss: 0.0003, acc: 0.9680, test_acc: 0.8248, f1: 0.7732, test_loss: 1.0901
loss: 0.2610, acc: 0.9659, test_acc: 0.8284, f1: 0.7768, test_loss: 1.0921
loss: 0.1181, acc: 0.9653, test_acc: 0.8525, f1: 0.7890, test_loss: 1.3112
Epoch 8 average loss: 0.0809
>>>>>>>>>>>>>>>>>>>>>>>>>>>>>>>>>>>>>>>>>>>>>>>>>>>>>>>>>>>>
epoch: 9
loss: 0.1803, acc: 0.9375, test_acc: 0.8463, f1: 0.7810, test_loss: 1.4860
loss: 0.0037, acc: 0.9688, test_acc: 0.8552, f1: 0.7979, test_loss: 1.3275
loss: 0.0058, acc: 0.9792, test_acc: 0.8534, f1: 0.7951, test_loss: 1.2574
loss: 0.0016, acc: 0.9844, test_acc: 0.8534, f1: 0.7888, test_loss: 1.4379
loss: 0.2831, acc: 0.9625, test_acc: 0.8517, f1: 0.7807, test_loss: 1.6872
loss: 0.0199, acc: 0.9688, test_acc: 0.8391, f1: 0.7535, test_loss: 2.0550
loss: 0.2700, acc: 0.9554, test_acc: 0.8266, f1: 0.7214, test_loss: 2.4822
loss: 0.1376, acc: 0.9531, test_acc: 0.8293, f1: 0.7231, test_loss: 2.2022
loss: 0.0001, acc: 0.9583, test_acc: 0.8490, f1: 0.7744, test_loss: 1.5352
loss: 0.0185, acc: 0.9625, test_acc: 0.8508, f1: 0.7896, test_loss: 1.3488
loss: 0.5594, acc: 0.9545, test_acc: 0.8508, f1: 0.7787, test_loss: 1.7068
loss: 0.0008, acc: 0.9583, test_acc: 0.8436, f1: 0.7617, test_loss: 1.7688
loss: 0.0033, acc: 0.9615, test_acc: 0.8409, f1: 0.7594, test_loss: 1.5069
loss: 0.0267, acc: 0.9598, test_acc: 0.8204, f1: 0.7567, test_loss: 1.2605
loss: 0.0627, acc: 0.9542, test_acc: 0.8239, f1: 0.7550, test_loss: 1.3269
loss: 0.0300, acc: 0.9570, test_acc: 0.8356, f1: 0.7539, test_loss: 1.5172
loss: 0.0004, acc: 0.9596, test_acc: 0.8338, f1: 0.7440, test_loss: 1.8967
loss: 0.3619, acc: 0.9583, test_acc: 0.8302, f1: 0.7370, test_loss: 2.0790
loss: 0.0003, acc: 0.9605, test_acc: 0.8534, f1: 0.7869, test_loss: 1.5573
loss: 0.0018, acc: 0.9625, test_acc: 0.8454, f1: 0.7807, test_loss: 1.3755
loss: 0.0031, acc: 0.9643, test_acc: 0.8374, f1: 0.7535, test_loss: 1.5598
loss: 0.0936, acc: 0.9631, test_acc: 0.8427, f1: 0.7748, test_loss: 1.3847
loss: 0.0047, acc: 0.9647, test_acc: 0.8463, f1: 0.7887, test_loss: 1.2669
loss: 0.0919, acc: 0.9635, test_acc: 0.8481, f1: 0.7879, test_loss: 1.3064
loss: 0.0001, acc: 0.9650, test_acc: 0.8463, f1: 0.7687, test_loss: 1.6950
loss: 0.0000, acc: 0.9663, test_acc: 0.8418, f1: 0.7527, test_loss: 2.1436
loss: 0.0016, acc: 0.9676, test_acc: 0.8463, f1: 0.7619, test_loss: 1.8799
loss: 0.0017, acc: 0.9688, test_acc: 0.8445, f1: 0.7640, test_loss: 1.8141
loss: 0.0110, acc: 0.9698, test_acc: 0.8454, f1: 0.7667, test_loss: 1.7836
loss: 0.0018, acc: 0.9708, test_acc: 0.8490, f1: 0.7751, test_loss: 1.7462
loss: 0.0029, acc: 0.9718, test_acc: 0.8427, f1: 0.7610, test_loss: 1.8227
loss: 0.0000, acc: 0.9727, test_acc: 0.8391, f1: 0.7462, test_loss: 2.1977
loss: 0.0857, acc: 0.9716, test_acc: 0.8374, f1: 0.7486, test_loss: 2.3345
loss: 0.0001, acc: 0.9724, test_acc: 0.8534, f1: 0.7848, test_loss: 1.6873
loss: 0.0000, acc: 0.9732, test_acc: 0.8633, f1: 0.8065, test_loss: 1.4614
loss: 0.0584, acc: 0.9722, test_acc: 0.8633, f1: 0.8071, test_loss: 1.4437
loss: 0.0092, acc: 0.9730, test_acc: 0.8543, f1: 0.7910, test_loss: 1.5758
loss: 0.0396, acc: 0.9737, test_acc: 0.8508, f1: 0.7746, test_loss: 1.9225
loss: 0.0125, acc: 0.9744, test_acc: 0.8561, f1: 0.7882, test_loss: 1.5894
loss: 0.0000, acc: 0.9750, test_acc: 0.8597, f1: 0.7959, test_loss: 1.4786
loss: 0.1436, acc: 0.9741, test_acc: 0.8534, f1: 0.7876, test_loss: 1.3764
loss: 0.2243, acc: 0.9732, test_acc: 0.8418, f1: 0.7752, test_loss: 1.4470
loss: 0.0758, acc: 0.9724, test_acc: 0.8427, f1: 0.7748, test_loss: 1.4737
loss: 0.0004, acc: 0.9730, test_acc: 0.8481, f1: 0.7906, test_loss: 1.2789
loss: 0.0200, acc: 0.9736, test_acc: 0.8481, f1: 0.8000, test_loss: 1.3201
loss: 0.0000, acc: 0.9739, test_acc: 0.8472, f1: 0.7950, test_loss: 1.4552
Epoch 9 average loss: 0.0516
>>>>>>>>>>>>>>>>>>>>>>>>>>>>>>>>>>>>>>>>>>>>>>>>>>>>>>>>>>>>
epoch: 10
loss: 0.2807, acc: 0.9375, test_acc: 0.8499, f1: 0.7941, test_loss: 1.5378
loss: 0.0251, acc: 0.9688, test_acc: 0.8472, f1: 0.7755, test_loss: 1.8868
loss: 0.0008, acc: 0.9792, test_acc: 0.8409, f1: 0.7560, test_loss: 2.3079
loss: 0.0003, acc: 0.9844, test_acc: 0.8418, f1: 0.7587, test_loss: 2.0875
loss: 0.0018, acc: 0.9875, test_acc: 0.8409, f1: 0.7641, test_loss: 1.6448
loss: 0.0004, acc: 0.9896, test_acc: 0.8454, f1: 0.7753, test_loss: 1.4761
loss: 0.0013, acc: 0.9911, test_acc: 0.8472, f1: 0.7782, test_loss: 1.4123
loss: 0.0033, acc: 0.9922, test_acc: 0.8490, f1: 0.7855, test_loss: 1.3701
loss: 0.0009, acc: 0.9931, test_acc: 0.8463, f1: 0.7834, test_loss: 1.3626
loss: 0.0029, acc: 0.9938, test_acc: 0.8472, f1: 0.7854, test_loss: 1.3658
loss: 0.0059, acc: 0.9943, test_acc: 0.8472, f1: 0.7816, test_loss: 1.4479
loss: 0.1216, acc: 0.9896, test_acc: 0.8517, f1: 0.7863, test_loss: 1.4932
loss: 0.0134, acc: 0.9904, test_acc: 0.8472, f1: 0.7938, test_loss: 1.3006
loss: 0.0047, acc: 0.9911, test_acc: 0.8382, f1: 0.7863, test_loss: 1.2637
loss: 0.0048, acc: 0.9917, test_acc: 0.8454, f1: 0.7911, test_loss: 1.3184
loss: 0.0102, acc: 0.9922, test_acc: 0.8418, f1: 0.7670, test_loss: 1.7035
loss: 0.0000, acc: 0.9926, test_acc: 0.8266, f1: 0.7227, test_loss: 2.2458
loss: 0.0070, acc: 0.9931, test_acc: 0.8329, f1: 0.7493, test_loss: 1.7352
loss: 0.0012, acc: 0.9934, test_acc: 0.8302, f1: 0.7628, test_loss: 1.5186
loss: 0.0003, acc: 0.9938, test_acc: 0.8365, f1: 0.7775, test_loss: 1.4722
loss: 0.0080, acc: 0.9940, test_acc: 0.8356, f1: 0.7721, test_loss: 1.5189
loss: 0.0009, acc: 0.9943, test_acc: 0.8418, f1: 0.7859, test_loss: 1.4772
loss: 0.0030, acc: 0.9946, test_acc: 0.8463, f1: 0.7947, test_loss: 1.4282
loss: 0.1185, acc: 0.9922, test_acc: 0.8427, f1: 0.7844, test_loss: 1.4665
loss: 0.0052, acc: 0.9925, test_acc: 0.8320, f1: 0.7488, test_loss: 1.8278
loss: 0.2290, acc: 0.9904, test_acc: 0.8150, f1: 0.7070, test_loss: 2.3938
loss: 0.0408, acc: 0.9884, test_acc: 0.8213, f1: 0.7309, test_loss: 1.9183
loss: 0.0008, acc: 0.9888, test_acc: 0.8275, f1: 0.7524, test_loss: 1.5612
loss: 0.1196, acc: 0.9849, test_acc: 0.8311, f1: 0.7558, test_loss: 1.5937
loss: 0.0195, acc: 0.9854, test_acc: 0.8222, f1: 0.7200, test_loss: 2.1010
loss: 0.0026, acc: 0.9859, test_acc: 0.8213, f1: 0.7074, test_loss: 2.5400
loss: 0.0024, acc: 0.9863, test_acc: 0.8257, f1: 0.7325, test_loss: 1.9320
loss: 0.0377, acc: 0.9848, test_acc: 0.8329, f1: 0.7571, test_loss: 1.5077
loss: 0.0117, acc: 0.9853, test_acc: 0.8365, f1: 0.7636, test_loss: 1.5922
loss: 0.0056, acc: 0.9857, test_acc: 0.8374, f1: 0.7605, test_loss: 1.7853
loss: 0.0019, acc: 0.9861, test_acc: 0.8302, f1: 0.7391, test_loss: 2.1443
loss: 0.0000, acc: 0.9865, test_acc: 0.8311, f1: 0.7426, test_loss: 2.2690
loss: 0.0567, acc: 0.9868, test_acc: 0.8374, f1: 0.7602, test_loss: 1.8434
loss: 0.0005, acc: 0.9872, test_acc: 0.8391, f1: 0.7813, test_loss: 1.4252
loss: 0.0843, acc: 0.9859, test_acc: 0.8481, f1: 0.7901, test_loss: 1.4448
loss: 0.0164, acc: 0.9863, test_acc: 0.8508, f1: 0.7890, test_loss: 1.5948
loss: 0.0003, acc: 0.9866, test_acc: 0.8481, f1: 0.7790, test_loss: 1.7992
loss: 0.0003, acc: 0.9869, test_acc: 0.8409, f1: 0.7658, test_loss: 2.0012
loss: 0.0362, acc: 0.9872, test_acc: 0.8409, f1: 0.7629, test_loss: 2.1164
loss: 0.1227, acc: 0.9861, test_acc: 0.8427, f1: 0.7649, test_loss: 2.1312
Epoch 10 average loss: 0.0486
>>>>>>>>>>>>>>>>>>>>>>>>>>>>>>>>>>>>>>>>>>>>>>>>>>>>>>>>>>>>
epoch: 11
loss: 0.0061, acc: 1.0000, test_acc: 0.8374, f1: 0.7501, test_loss: 2.4432
loss: 0.0001, acc: 1.0000, test_acc: 0.8382, f1: 0.7530, test_loss: 2.3247
loss: 0.0007, acc: 1.0000, test_acc: 0.8391, f1: 0.7521, test_loss: 2.0455
loss: 0.2406, acc: 0.9844, test_acc: 0.8391, f1: 0.7855, test_loss: 1.4617
loss: 0.0048, acc: 0.9875, test_acc: 0.8356, f1: 0.7809, test_loss: 1.4417
loss: 0.2197, acc: 0.9792, test_acc: 0.8436, f1: 0.7844, test_loss: 1.5108
loss: 0.0222, acc: 0.9821, test_acc: 0.8436, f1: 0.7784, test_loss: 1.6515
loss: 0.0007, acc: 0.9844, test_acc: 0.8436, f1: 0.7793, test_loss: 1.5922
loss: 0.0002, acc: 0.9861, test_acc: 0.8382, f1: 0.7784, test_loss: 1.5038
loss: 0.0085, acc: 0.9875, test_acc: 0.8418, f1: 0.7821, test_loss: 1.5086
loss: 0.0119, acc: 0.9886, test_acc: 0.8347, f1: 0.7604, test_loss: 1.7849
loss: 0.0101, acc: 0.9896, test_acc: 0.8284, f1: 0.7417, test_loss: 1.9737
loss: 0.0003, acc: 0.9904, test_acc: 0.8293, f1: 0.7520, test_loss: 1.5744
loss: 0.0351, acc: 0.9866, test_acc: 0.8266, f1: 0.7559, test_loss: 1.5137
loss: 0.0016, acc: 0.9875, test_acc: 0.8374, f1: 0.7710, test_loss: 1.4578
loss: 0.0008, acc: 0.9883, test_acc: 0.8374, f1: 0.7701, test_loss: 1.5937
loss: 0.0060, acc: 0.9890, test_acc: 0.8356, f1: 0.7597, test_loss: 1.8450
loss: 0.0042, acc: 0.9896, test_acc: 0.8302, f1: 0.7495, test_loss: 1.9602
loss: 0.0241, acc: 0.9901, test_acc: 0.8338, f1: 0.7539, test_loss: 1.9552
loss: 0.0002, acc: 0.9906, test_acc: 0.8391, f1: 0.7576, test_loss: 2.0453
loss: 0.0094, acc: 0.9911, test_acc: 0.8356, f1: 0.7339, test_loss: 2.5090
loss: 0.0348, acc: 0.9915, test_acc: 0.8275, f1: 0.7176, test_loss: 2.6035
loss: 0.2336, acc: 0.9891, test_acc: 0.8266, f1: 0.7459, test_loss: 1.7100
loss: 0.2819, acc: 0.9844, test_acc: 0.8454, f1: 0.7825, test_loss: 1.5238
loss: 0.0003, acc: 0.9850, test_acc: 0.8374, f1: 0.7585, test_loss: 1.8712
loss: 0.0019, acc: 0.9856, test_acc: 0.8382, f1: 0.7542, test_loss: 2.2793
loss: 0.0005, acc: 0.9861, test_acc: 0.8400, f1: 0.7597, test_loss: 2.3911
loss: 0.0014, acc: 0.9866, test_acc: 0.8409, f1: 0.7626, test_loss: 2.3775
loss: 0.0000, acc: 0.9871, test_acc: 0.8436, f1: 0.7731, test_loss: 1.9481
loss: 0.0050, acc: 0.9875, test_acc: 0.8508, f1: 0.7868, test_loss: 1.6911
loss: 0.0093, acc: 0.9879, test_acc: 0.8409, f1: 0.7730, test_loss: 1.6264
loss: 0.1317, acc: 0.9863, test_acc: 0.8302, f1: 0.7319, test_loss: 2.1995
loss: 0.0010, acc: 0.9867, test_acc: 0.8374, f1: 0.7531, test_loss: 2.0420
loss: 0.0184, acc: 0.9871, test_acc: 0.8427, f1: 0.7697, test_loss: 1.9016
loss: 0.0080, acc: 0.9875, test_acc: 0.8517, f1: 0.7890, test_loss: 1.6563
loss: 0.0005, acc: 0.9878, test_acc: 0.8472, f1: 0.7869, test_loss: 1.6369
loss: 0.0033, acc: 0.9882, test_acc: 0.8499, f1: 0.7861, test_loss: 1.7646
loss: 0.4454, acc: 0.9852, test_acc: 0.8436, f1: 0.7737, test_loss: 1.8192
loss: 0.0018, acc: 0.9856, test_acc: 0.8374, f1: 0.7711, test_loss: 1.5642
loss: 0.1213, acc: 0.9844, test_acc: 0.8213, f1: 0.7543, test_loss: 1.5954
loss: 0.0014, acc: 0.9848, test_acc: 0.8186, f1: 0.7583, test_loss: 1.5485
loss: 0.0139, acc: 0.9851, test_acc: 0.8275, f1: 0.7594, test_loss: 1.6520
loss: 0.2281, acc: 0.9840, test_acc: 0.8248, f1: 0.7496, test_loss: 1.8537
loss: 0.0936, acc: 0.9830, test_acc: 0.8284, f1: 0.7490, test_loss: 1.9517
loss: 0.0001, acc: 0.9833, test_acc: 0.8356, f1: 0.7499, test_loss: 2.2113
Epoch 11 average loss: 0.0673
>>>>>>>>>>>>>>>>>>>>>>>>>>>>>>>>>>>>>>>>>>>>>>>>>>>>>>>>>>>>
epoch: 12
loss: 0.2396, acc: 0.8750, test_acc: 0.8275, f1: 0.7388, test_loss: 2.4640
loss: 0.0154, acc: 0.9375, test_acc: 0.8409, f1: 0.7718, test_loss: 1.7001
loss: 0.0538, acc: 0.9583, test_acc: 0.8365, f1: 0.7681, test_loss: 1.4628
loss: 0.0100, acc: 0.9688, test_acc: 0.8079, f1: 0.7212, test_loss: 1.9150
loss: 0.0151, acc: 0.9750, test_acc: 0.8400, f1: 0.7621, test_loss: 1.7915
loss: 1.0617, acc: 0.9583, test_acc: 0.8365, f1: 0.7557, test_loss: 2.0260
loss: 0.0033, acc: 0.9643, test_acc: 0.8365, f1: 0.7544, test_loss: 1.9231
loss: 0.0009, acc: 0.9688, test_acc: 0.8391, f1: 0.7602, test_loss: 1.7787
loss: 0.0172, acc: 0.9722, test_acc: 0.8409, f1: 0.7660, test_loss: 1.6698
loss: 0.0131, acc: 0.9750, test_acc: 0.8400, f1: 0.7646, test_loss: 1.7618
loss: 0.0300, acc: 0.9773, test_acc: 0.8320, f1: 0.7514, test_loss: 1.8888
loss: 0.0000, acc: 0.9792, test_acc: 0.8311, f1: 0.7444, test_loss: 2.0504
loss: 0.0010, acc: 0.9808, test_acc: 0.8481, f1: 0.7781, test_loss: 1.5676
loss: 0.0005, acc: 0.9821, test_acc: 0.8427, f1: 0.7688, test_loss: 1.6376
loss: 0.1591, acc: 0.9792, test_acc: 0.8329, f1: 0.7395, test_loss: 2.0542
loss: 0.0000, acc: 0.9805, test_acc: 0.8329, f1: 0.7408, test_loss: 2.0203
loss: 0.0001, acc: 0.9816, test_acc: 0.8445, f1: 0.7708, test_loss: 1.5948
loss: 0.0072, acc: 0.9826, test_acc: 0.8284, f1: 0.7607, test_loss: 1.3989
loss: 0.5086, acc: 0.9770, test_acc: 0.8302, f1: 0.7651, test_loss: 1.3910
loss: 0.0003, acc: 0.9781, test_acc: 0.8427, f1: 0.7716, test_loss: 1.5281
loss: 0.0003, acc: 0.9792, test_acc: 0.8400, f1: 0.7611, test_loss: 1.6657
loss: 0.0012, acc: 0.9801, test_acc: 0.8382, f1: 0.7542, test_loss: 1.7490
loss: 0.0005, acc: 0.9810, test_acc: 0.8374, f1: 0.7507, test_loss: 1.8261
loss: 0.0045, acc: 0.9818, test_acc: 0.8391, f1: 0.7561, test_loss: 1.7913
loss: 0.0000, acc: 0.9825, test_acc: 0.8409, f1: 0.7627, test_loss: 1.7268
loss: 0.0009, acc: 0.9832, test_acc: 0.8409, f1: 0.7641, test_loss: 1.6915
loss: 0.0003, acc: 0.9838, test_acc: 0.8481, f1: 0.7736, test_loss: 1.7131
loss: 0.0074, acc: 0.9844, test_acc: 0.8427, f1: 0.7711, test_loss: 1.5965
loss: 0.1182, acc: 0.9828, test_acc: 0.8418, f1: 0.7607, test_loss: 1.7060
loss: 0.0011, acc: 0.9833, test_acc: 0.8382, f1: 0.7432, test_loss: 2.0399
loss: 0.6636, acc: 0.9819, test_acc: 0.8356, f1: 0.7420, test_loss: 1.9615
loss: 0.0619, acc: 0.9805, test_acc: 0.8472, f1: 0.7721, test_loss: 1.6364
loss: 0.0001, acc: 0.9811, test_acc: 0.8454, f1: 0.7751, test_loss: 1.5473
loss: 0.1865, acc: 0.9798, test_acc: 0.8445, f1: 0.7713, test_loss: 1.5901
loss: 0.0020, acc: 0.9804, test_acc: 0.8400, f1: 0.7613, test_loss: 1.5788
loss: 0.1634, acc: 0.9792, test_acc: 0.8329, f1: 0.7554, test_loss: 1.5240
loss: 0.2022, acc: 0.9780, test_acc: 0.8400, f1: 0.7750, test_loss: 1.3527
loss: 0.0078, acc: 0.9786, test_acc: 0.8374, f1: 0.7686, test_loss: 1.4425
loss: 0.0000, acc: 0.9792, test_acc: 0.8427, f1: 0.7757, test_loss: 1.5343
loss: 0.1754, acc: 0.9781, test_acc: 0.8454, f1: 0.7698, test_loss: 1.8646
loss: 0.0018, acc: 0.9787, test_acc: 0.8177, f1: 0.6997, test_loss: 2.7465
loss: 0.9705, acc: 0.9777, test_acc: 0.8204, f1: 0.6982, test_loss: 2.6146
loss: 0.5616, acc: 0.9767, test_acc: 0.8418, f1: 0.7662, test_loss: 1.5366
loss: 0.0003, acc: 0.9773, test_acc: 0.8445, f1: 0.7729, test_loss: 1.4514
loss: 0.0231, acc: 0.9778, test_acc: 0.8481, f1: 0.7741, test_loss: 1.5139
Epoch 12 average loss: 0.0650
>>>>>>>>>>>>>>>>>>>>>>>>>>>>>>>>>>>>>>>>>>>>>>>>>>>>>>>>>>>>
epoch: 13
loss: 0.0259, acc: 1.0000, test_acc: 0.8436, f1: 0.7666, test_loss: 1.5960
loss: 0.0026, acc: 1.0000, test_acc: 0.8427, f1: 0.7679, test_loss: 1.6489
loss: 0.0199, acc: 1.0000, test_acc: 0.8329, f1: 0.7463, test_loss: 1.9215
loss: 0.3807, acc: 0.9844, test_acc: 0.8257, f1: 0.7298, test_loss: 1.9355
loss: 1.1653, acc: 0.9750, test_acc: 0.8088, f1: 0.7279, test_loss: 1.9999
loss: 0.0011, acc: 0.9792, test_acc: 0.8132, f1: 0.7493, test_loss: 1.4391
loss: 0.0004, acc: 0.9821, test_acc: 0.8239, f1: 0.7564, test_loss: 1.2843
loss: 0.0058, acc: 0.9844, test_acc: 0.8266, f1: 0.7517, test_loss: 1.4147
loss: 0.0764, acc: 0.9792, test_acc: 0.8347, f1: 0.7510, test_loss: 1.7483
loss: 0.0013, acc: 0.9812, test_acc: 0.8311, f1: 0.7568, test_loss: 1.4904
loss: 0.0037, acc: 0.9830, test_acc: 0.8338, f1: 0.7549, test_loss: 1.6758
loss: 0.1446, acc: 0.9792, test_acc: 0.8311, f1: 0.7463, test_loss: 1.7774
loss: 0.0008, acc: 0.9808, test_acc: 0.8418, f1: 0.7740, test_loss: 1.4638
loss: 0.0135, acc: 0.9821, test_acc: 0.8400, f1: 0.7675, test_loss: 1.6885
loss: 0.0002, acc: 0.9833, test_acc: 0.8400, f1: 0.7661, test_loss: 1.9007
loss: 0.0005, acc: 0.9844, test_acc: 0.8356, f1: 0.7552, test_loss: 2.0802
loss: 0.0718, acc: 0.9816, test_acc: 0.8231, f1: 0.7273, test_loss: 2.3163
loss: 0.0079, acc: 0.9826, test_acc: 0.8525, f1: 0.7851, test_loss: 1.6870
loss: 0.0001, acc: 0.9836, test_acc: 0.8499, f1: 0.7904, test_loss: 1.4916
loss: 0.0008, acc: 0.9844, test_acc: 0.8463, f1: 0.7817, test_loss: 1.6464
loss: 0.0015, acc: 0.9851, test_acc: 0.8490, f1: 0.7828, test_loss: 1.6640
loss: 0.0000, acc: 0.9858, test_acc: 0.8481, f1: 0.7832, test_loss: 1.5875
loss: 0.0011, acc: 0.9864, test_acc: 0.8552, f1: 0.7936, test_loss: 1.5775
loss: 0.0001, acc: 0.9870, test_acc: 0.8552, f1: 0.7947, test_loss: 1.5725
loss: 0.0001, acc: 0.9875, test_acc: 0.8525, f1: 0.7906, test_loss: 1.6072
loss: 0.0000, acc: 0.9880, test_acc: 0.8508, f1: 0.7878, test_loss: 1.6571
loss: 0.0002, acc: 0.9884, test_acc: 0.8517, f1: 0.7875, test_loss: 1.6806
loss: 0.0000, acc: 0.9888, test_acc: 0.8517, f1: 0.7894, test_loss: 1.6349
loss: 0.0005, acc: 0.9892, test_acc: 0.8517, f1: 0.7890, test_loss: 1.6441
loss: 0.0006, acc: 0.9896, test_acc: 0.8499, f1: 0.7863, test_loss: 1.6696
loss: 0.0032, acc: 0.9899, test_acc: 0.8525, f1: 0.7897, test_loss: 1.6996
loss: 0.0004, acc: 0.9902, test_acc: 0.8490, f1: 0.7827, test_loss: 1.7907
loss: 0.0229, acc: 0.9905, test_acc: 0.8409, f1: 0.7686, test_loss: 1.9618
loss: 0.0021, acc: 0.9908, test_acc: 0.8454, f1: 0.7765, test_loss: 1.8086
loss: 0.0026, acc: 0.9911, test_acc: 0.8490, f1: 0.7834, test_loss: 1.6424
loss: 0.0019, acc: 0.9913, test_acc: 0.8508, f1: 0.7874, test_loss: 1.5548
loss: 0.0021, acc: 0.9916, test_acc: 0.8490, f1: 0.7813, test_loss: 1.6809
loss: 0.0323, acc: 0.9901, test_acc: 0.8275, f1: 0.7341, test_loss: 2.2023
loss: 0.0136, acc: 0.9904, test_acc: 0.8320, f1: 0.7395, test_loss: 2.2781
loss: 0.0048, acc: 0.9906, test_acc: 0.8311, f1: 0.7455, test_loss: 2.2879
loss: 0.0013, acc: 0.9909, test_acc: 0.8436, f1: 0.7726, test_loss: 1.7125
loss: 0.1001, acc: 0.9881, test_acc: 0.8186, f1: 0.7664, test_loss: 1.4417
loss: 0.0432, acc: 0.9884, test_acc: 0.8168, f1: 0.7655, test_loss: 1.4410
loss: 0.4638, acc: 0.9872, test_acc: 0.8338, f1: 0.7559, test_loss: 1.8332
loss: 0.0326, acc: 0.9875, test_acc: 0.8365, f1: 0.7458, test_loss: 2.5294
Epoch 13 average loss: 0.0604
>>>>>>>>>>>>>>>>>>>>>>>>>>>>>>>>>>>>>>>>>>>>>>>>>>>>>>>>>>>>
epoch: 14
loss: 0.0969, acc: 1.0000, test_acc: 0.8391, f1: 0.7525, test_loss: 2.3489
loss: 0.0003, acc: 1.0000, test_acc: 0.8400, f1: 0.7674, test_loss: 1.8873
loss: 0.1417, acc: 0.9792, test_acc: 0.8427, f1: 0.7795, test_loss: 1.7543
loss: 0.0015, acc: 0.9844, test_acc: 0.8445, f1: 0.7778, test_loss: 1.8206
loss: 0.2787, acc: 0.9750, test_acc: 0.8445, f1: 0.7753, test_loss: 1.8684
loss: 0.0007, acc: 0.9792, test_acc: 0.8481, f1: 0.7940, test_loss: 1.5670
loss: 0.0041, acc: 0.9821, test_acc: 0.8284, f1: 0.7737, test_loss: 1.6719
loss: 0.1662, acc: 0.9766, test_acc: 0.8365, f1: 0.7771, test_loss: 1.7737
loss: 0.0753, acc: 0.9792, test_acc: 0.8463, f1: 0.7706, test_loss: 2.2124
loss: 0.0988, acc: 0.9750, test_acc: 0.8248, f1: 0.7041, test_loss: 3.4348
loss: 0.3948, acc: 0.9716, test_acc: 0.8499, f1: 0.7795, test_loss: 1.9839
loss: 0.7330, acc: 0.9688, test_acc: 0.8320, f1: 0.7759, test_loss: 1.9493
loss: 0.0008, acc: 0.9712, test_acc: 0.8445, f1: 0.7666, test_loss: 2.3572
loss: 0.0097, acc: 0.9732, test_acc: 0.8239, f1: 0.7182, test_loss: 3.5301
loss: 0.2147, acc: 0.9708, test_acc: 0.8239, f1: 0.7136, test_loss: 3.7723
loss: 0.0000, acc: 0.9727, test_acc: 0.8418, f1: 0.7561, test_loss: 2.6550
loss: 0.0001, acc: 0.9743, test_acc: 0.8400, f1: 0.7736, test_loss: 2.0187
loss: 0.0000, acc: 0.9757, test_acc: 0.8204, f1: 0.7631, test_loss: 1.8785
loss: 0.0163, acc: 0.9770, test_acc: 0.8204, f1: 0.7604, test_loss: 1.8076
loss: 0.3528, acc: 0.9719, test_acc: 0.8222, f1: 0.7706, test_loss: 1.9044
loss: 0.0001, acc: 0.9732, test_acc: 0.8490, f1: 0.7795, test_loss: 1.8909
loss: 0.0000, acc: 0.9744, test_acc: 0.8409, f1: 0.7495, test_loss: 2.6667
loss: 0.0008, acc: 0.9755, test_acc: 0.8329, f1: 0.7328, test_loss: 2.9515
loss: 0.2000, acc: 0.9740, test_acc: 0.8365, f1: 0.7436, test_loss: 2.7821
loss: 0.0008, acc: 0.9750, test_acc: 0.8517, f1: 0.7860, test_loss: 1.8798
loss: 0.0015, acc: 0.9760, test_acc: 0.8418, f1: 0.7893, test_loss: 1.6731
loss: 0.0008, acc: 0.9769, test_acc: 0.8472, f1: 0.7895, test_loss: 1.7283
loss: 0.0000, acc: 0.9777, test_acc: 0.8463, f1: 0.7846, test_loss: 1.8358
loss: 0.0001, acc: 0.9784, test_acc: 0.8508, f1: 0.7810, test_loss: 2.1256
loss: 0.0031, acc: 0.9792, test_acc: 0.8409, f1: 0.7621, test_loss: 2.4579
loss: 0.0000, acc: 0.9798, test_acc: 0.8400, f1: 0.7583, test_loss: 2.7126
loss: 0.0537, acc: 0.9805, test_acc: 0.8445, f1: 0.7730, test_loss: 2.1651
loss: 0.0001, acc: 0.9811, test_acc: 0.8472, f1: 0.7871, test_loss: 1.7596
loss: 0.0000, acc: 0.9816, test_acc: 0.8463, f1: 0.7776, test_loss: 2.0178
loss: 0.0011, acc: 0.9821, test_acc: 0.8329, f1: 0.7472, test_loss: 2.5035
loss: 0.0002, acc: 0.9826, test_acc: 0.8374, f1: 0.7531, test_loss: 2.5966
loss: 0.0000, acc: 0.9831, test_acc: 0.8418, f1: 0.7698, test_loss: 2.2512
loss: 0.0000, acc: 0.9836, test_acc: 0.8418, f1: 0.7733, test_loss: 2.0576
loss: 0.2665, acc: 0.9824, test_acc: 0.8436, f1: 0.7795, test_loss: 1.9832
loss: 0.0000, acc: 0.9828, test_acc: 0.8436, f1: 0.7749, test_loss: 2.1096
loss: 0.0000, acc: 0.9832, test_acc: 0.8427, f1: 0.7701, test_loss: 2.3306
loss: 0.0001, acc: 0.9836, test_acc: 0.8427, f1: 0.7642, test_loss: 2.6456
loss: 0.0114, acc: 0.9840, test_acc: 0.8347, f1: 0.7479, test_loss: 2.9391
loss: 0.0007, acc: 0.9844, test_acc: 0.8320, f1: 0.7412, test_loss: 3.0163
loss: 0.0000, acc: 0.9847, test_acc: 0.8454, f1: 0.7727, test_loss: 2.1753
loss: 0.4655, acc: 0.9835, test_acc: 0.8481, f1: 0.7833, test_loss: 1.8938
Epoch 14 average loss: 0.0621
Loss plot saved to ./loss_plots/ce-qa2t_loss_plot_20241112_1747.png
max_test_acc: 0.8677390527256479, max_f1: 0.8179718871138754
>> saved: ./state_dict/ce-qa_restaurant_acc_0.8677_f1_0.8180
############################################################
max_test_acc_overall:0.8677390527256479
max_f1_overall:0.8179718871138754
Precision, Recall and F1-Score...
              precision    recall  f1-score   support

           0     0.9268    0.9230    0.9249       727
           1     0.8483    0.7704    0.8075       196
           2     0.6866    0.7602    0.7215       196

    accuracy                         0.8677      1119
   macro avg     0.8206    0.8179    0.8180      1119
weighted avg     0.8710    0.8677    0.8687      1119

Confusion Matrix...
[[671  13  43]
 [ 20 151  25]
 [ 33  14 149]]
