cuda memory allocated: 477475328
n_trainable_params: 118948775, n_nontrainable_params: 0
training arguments:
>>> model_name: ce
>>> dataset: restaurant
>>> optimizer: <class 'torch.optim.adam.Adam'>
>>> initializer: <function xavier_uniform_ at 0x7f502322caf0>
>>> learning_rate: 0.001
>>> num_epoch: 15
>>> batch_size: 16
>>> log_step: 5
>>> embed_dim: 300
>>> post_dim: 30
>>> pos_dim: 30
>>> deprel_dim: 30
>>> hidden_dim: 768
>>> num_layers: 1
>>> polarities_dim: 3
>>> input_dropout: 0.5
>>> lower: True
>>> directed: False
>>> add_self_loop: True
>>> use_rnn: False
>>> bidirect: True
>>> rnn_hidden: 60
>>> rnn_layers: 1
>>> rnn_dropout: 0.1
>>> max_length: 100
>>> device: cuda:0
>>> seed: 1000
>>> weight_decay: 0.0001
>>> vocab_dir: ./datasets/Restaurants_corenlp
>>> pad_id: 0
>>> graph_conv_type: gin
>>> graph_conv_attention_heads: 4
>>> graph_conv_attn_dropout: 0.0
>>> attention_heads: 6
>>> attn_dropout: 0.2
>>> ffn_dropout: 0.5
>>> norm: ln
>>> max_position: 9
>>> scheduler: none
>>> warmup: 2
>>> balance_loss: True
>>> cuda: 0
>>> pretrained_bert_name: bert-base-uncased
>>> adam_epsilon: 1e-08
>>> bert_dim: 768
>>> bert_dropout: 0.5
>>> bert_lr: 2e-05
>>> finetune_weight_decay: 0.01
>>> model_class: <class 'models.ce.CE'>
>>> dataset_file: {'train': './datasets/Restaurants_corenlp/train.json', 'test': './datasets/Restaurants_corenlp/test.json'}
>>> inputs_cols: ['text_bert_indices', 'bert_segments_ids', 'attention_mask', 'asp_start', 'asp_end', 'adj_matrix', 'src_mask', 'aspect_mask']
>>> deprel_size: 42
layered learning rate on
>>>>>>>>>>>>>>>>>>>>>>>>>>>>>>>>>>>>>>>>>>>>>>>>>>>>>>>>>>>>
epoch: 0
>> saved: ./state_dict/ce_restaurant_acc_0.2100_f1_0.1940
loss: 1.9867, acc: 0.1875, test_acc: 0.2100, f1: 0.1940, test_loss: 1.6874
>> saved: ./state_dict/ce_restaurant_acc_0.3038_f1_0.2518
loss: 1.5634, acc: 0.2188, test_acc: 0.3038, f1: 0.2518, test_loss: 1.3674
>> saved: ./state_dict/ce_restaurant_acc_0.3074_f1_0.2985
loss: 1.6553, acc: 0.2708, test_acc: 0.3074, f1: 0.2985, test_loss: 1.2885
loss: 1.9092, acc: 0.2812, test_acc: 0.2350, f1: 0.2361, test_loss: 1.5438
>> saved: ./state_dict/ce_restaurant_acc_0.5085_f1_0.4194
loss: 1.2555, acc: 0.3375, test_acc: 0.5085, f1: 0.4194, test_loss: 1.1524
>> saved: ./state_dict/ce_restaurant_acc_0.5916_f1_0.3846
loss: 1.0879, acc: 0.4062, test_acc: 0.5916, f1: 0.3846, test_loss: 1.3105
loss: 1.2630, acc: 0.3839, test_acc: 0.3664, f1: 0.3507, test_loss: 1.1010
loss: 1.0881, acc: 0.3750, test_acc: 0.3968, f1: 0.3409, test_loss: 1.0763
>> saved: ./state_dict/ce_restaurant_acc_0.6747_f1_0.3676
loss: 1.3910, acc: 0.4028, test_acc: 0.6747, f1: 0.3676, test_loss: 1.2244
loss: 1.4654, acc: 0.3812, test_acc: 0.3047, f1: 0.3086, test_loss: 1.1954
>> saved: ./state_dict/ce_restaurant_acc_0.6944_f1_0.5552
loss: 1.1203, acc: 0.3920, test_acc: 0.6944, f1: 0.5552, test_loss: 0.9352
>> saved: ./state_dict/ce_restaurant_acc_0.7060_f1_0.5029
loss: 1.8309, acc: 0.4062, test_acc: 0.7060, f1: 0.5029, test_loss: 1.0471
loss: 1.8595, acc: 0.3846, test_acc: 0.2931, f1: 0.2820, test_loss: 1.1561
loss: 1.1170, acc: 0.3839, test_acc: 0.6971, f1: 0.5463, test_loss: 0.9087
loss: 1.2866, acc: 0.3875, test_acc: 0.7006, f1: 0.5001, test_loss: 0.9561
loss: 1.1307, acc: 0.3828, test_acc: 0.4576, f1: 0.4402, test_loss: 0.9465
>> saved: ./state_dict/ce_restaurant_acc_0.7283_f1_0.5806
loss: 1.3870, acc: 0.3860, test_acc: 0.7283, f1: 0.5806, test_loss: 0.8363
loss: 1.3818, acc: 0.3958, test_acc: 0.5550, f1: 0.4117, test_loss: 1.1147
>> saved: ./state_dict/ce_restaurant_acc_0.7301_f1_0.6213
loss: 0.8051, acc: 0.4112, test_acc: 0.7301, f1: 0.6213, test_loss: 0.7883
loss: 0.8572, acc: 0.4219, test_acc: 0.7203, f1: 0.6118, test_loss: 0.7787
loss: 1.1535, acc: 0.4256, test_acc: 0.7122, f1: 0.6159, test_loss: 0.7811
loss: 0.8925, acc: 0.4318, test_acc: 0.7122, f1: 0.6256, test_loss: 0.7416
>> saved: ./state_dict/ce_restaurant_acc_0.7802_f1_0.6590
loss: 1.0325, acc: 0.4402, test_acc: 0.7802, f1: 0.6590, test_loss: 0.7374
loss: 1.0482, acc: 0.4479, test_acc: 0.7140, f1: 0.6190, test_loss: 0.7197
loss: 1.0137, acc: 0.4525, test_acc: 0.7087, f1: 0.5963, test_loss: 0.7484
loss: 0.9729, acc: 0.4615, test_acc: 0.7676, f1: 0.6656, test_loss: 0.6747
>> saved: ./state_dict/ce_restaurant_acc_0.7837_f1_0.6365
loss: 0.7307, acc: 0.4699, test_acc: 0.7837, f1: 0.6365, test_loss: 0.7108
>> saved: ./state_dict/ce_restaurant_acc_0.7909_f1_0.6555
loss: 0.6719, acc: 0.4821, test_acc: 0.7909, f1: 0.6555, test_loss: 0.7761
loss: 0.9017, acc: 0.4871, test_acc: 0.7230, f1: 0.6692, test_loss: 0.6407
loss: 0.6487, acc: 0.4938, test_acc: 0.7748, f1: 0.6559, test_loss: 0.6608
loss: 0.8805, acc: 0.4980, test_acc: 0.7909, f1: 0.6790, test_loss: 0.6405
loss: 0.8130, acc: 0.5039, test_acc: 0.7426, f1: 0.6774, test_loss: 0.6043
loss: 1.3609, acc: 0.5019, test_acc: 0.7909, f1: 0.6961, test_loss: 0.6277
>> saved: ./state_dict/ce_restaurant_acc_0.7927_f1_0.6967
loss: 1.4793, acc: 0.5037, test_acc: 0.7927, f1: 0.6967, test_loss: 0.6187
loss: 0.9313, acc: 0.5036, test_acc: 0.7274, f1: 0.6692, test_loss: 0.6151
loss: 0.9328, acc: 0.5017, test_acc: 0.7480, f1: 0.6604, test_loss: 0.6436
>> saved: ./state_dict/ce_restaurant_acc_0.8016_f1_0.7093
loss: 0.8658, acc: 0.5101, test_acc: 0.8016, f1: 0.7093, test_loss: 0.6135
loss: 0.7471, acc: 0.5164, test_acc: 0.7819, f1: 0.6982, test_loss: 0.6086
loss: 0.8340, acc: 0.5176, test_acc: 0.7909, f1: 0.6570, test_loss: 0.7282
>> saved: ./state_dict/ce_restaurant_acc_0.8097_f1_0.7000
loss: 0.6827, acc: 0.5203, test_acc: 0.8097, f1: 0.7000, test_loss: 0.6575
loss: 0.9858, acc: 0.5198, test_acc: 0.7551, f1: 0.6935, test_loss: 0.5951
loss: 0.6972, acc: 0.5208, test_acc: 0.7998, f1: 0.7098, test_loss: 0.6030
loss: 1.0290, acc: 0.5247, test_acc: 0.7918, f1: 0.7007, test_loss: 0.6031
loss: 0.7387, acc: 0.5256, test_acc: 0.7256, f1: 0.6820, test_loss: 0.6285
>> saved: ./state_dict/ce_restaurant_acc_0.8132_f1_0.7100
loss: 0.8660, acc: 0.5306, test_acc: 0.8132, f1: 0.7100, test_loss: 0.6360
Epoch 0 average loss: 1.0899
>>>>>>>>>>>>>>>>>>>>>>>>>>>>>>>>>>>>>>>>>>>>>>>>>>>>>>>>>>>>
epoch: 1
loss: 0.6943, acc: 0.8750, test_acc: 0.7802, f1: 0.6317, test_loss: 0.7320
loss: 0.5749, acc: 0.8125, test_acc: 0.7721, f1: 0.6987, test_loss: 0.5756
loss: 0.5061, acc: 0.7708, test_acc: 0.8132, f1: 0.7333, test_loss: 0.6537
loss: 0.7032, acc: 0.7344, test_acc: 0.7882, f1: 0.7069, test_loss: 0.5964
loss: 1.4669, acc: 0.7125, test_acc: 0.8043, f1: 0.6930, test_loss: 0.6667
loss: 0.4141, acc: 0.7396, test_acc: 0.7766, f1: 0.7185, test_loss: 0.5599
loss: 0.9541, acc: 0.7143, test_acc: 0.8114, f1: 0.7282, test_loss: 0.5852
loss: 0.6481, acc: 0.7188, test_acc: 0.8105, f1: 0.7265, test_loss: 0.6094
loss: 0.9625, acc: 0.7083, test_acc: 0.7882, f1: 0.7250, test_loss: 0.5679
loss: 0.6101, acc: 0.7188, test_acc: 0.7980, f1: 0.6693, test_loss: 0.7481
loss: 1.3182, acc: 0.6989, test_acc: 0.7641, f1: 0.6999, test_loss: 0.5944
loss: 1.0129, acc: 0.6875, test_acc: 0.7230, f1: 0.6819, test_loss: 0.6183
loss: 0.4928, acc: 0.6923, test_acc: 0.8088, f1: 0.6906, test_loss: 0.6982
>> saved: ./state_dict/ce_restaurant_acc_0.8141_f1_0.7216
loss: 0.5428, acc: 0.7009, test_acc: 0.8141, f1: 0.7216, test_loss: 0.6017
loss: 0.5192, acc: 0.7042, test_acc: 0.7882, f1: 0.7266, test_loss: 0.5557
>> saved: ./state_dict/ce_restaurant_acc_0.8231_f1_0.7330
loss: 0.6584, acc: 0.7031, test_acc: 0.8231, f1: 0.7330, test_loss: 0.5947
loss: 0.7725, acc: 0.7096, test_acc: 0.8088, f1: 0.6713, test_loss: 0.8557
loss: 0.4234, acc: 0.7188, test_acc: 0.8222, f1: 0.7561, test_loss: 0.5262
loss: 0.5210, acc: 0.7171, test_acc: 0.7864, f1: 0.7090, test_loss: 0.5956
loss: 1.0298, acc: 0.7188, test_acc: 0.8177, f1: 0.7214, test_loss: 0.7060
loss: 0.2405, acc: 0.7262, test_acc: 0.7945, f1: 0.7295, test_loss: 0.5519
loss: 0.8119, acc: 0.7273, test_acc: 0.7828, f1: 0.7254, test_loss: 0.5177
loss: 0.4195, acc: 0.7310, test_acc: 0.8159, f1: 0.7478, test_loss: 0.5103
>> saved: ./state_dict/ce_restaurant_acc_0.8275_f1_0.7254
loss: 1.1233, acc: 0.7292, test_acc: 0.8275, f1: 0.7254, test_loss: 0.6366
loss: 0.7582, acc: 0.7275, test_acc: 0.8195, f1: 0.7572, test_loss: 0.5151
>> saved: ./state_dict/ce_restaurant_acc_0.8302_f1_0.7629
loss: 0.9516, acc: 0.7163, test_acc: 0.8302, f1: 0.7629, test_loss: 0.5101
loss: 0.5021, acc: 0.7222, test_acc: 0.8293, f1: 0.7406, test_loss: 0.5490
loss: 0.8603, acc: 0.7254, test_acc: 0.8257, f1: 0.7241, test_loss: 0.5841
loss: 0.3407, acc: 0.7306, test_acc: 0.8123, f1: 0.7442, test_loss: 0.5218
loss: 0.6786, acc: 0.7292, test_acc: 0.8070, f1: 0.7288, test_loss: 0.5441
loss: 1.1445, acc: 0.7278, test_acc: 0.8168, f1: 0.7190, test_loss: 0.6695
loss: 0.2400, acc: 0.7363, test_acc: 0.8132, f1: 0.7127, test_loss: 0.6824
>> saved: ./state_dict/ce_restaurant_acc_0.8320_f1_0.7557
loss: 1.0585, acc: 0.7330, test_acc: 0.8320, f1: 0.7557, test_loss: 0.5342
loss: 1.1188, acc: 0.7261, test_acc: 0.7802, f1: 0.7337, test_loss: 0.5243
loss: 0.3325, acc: 0.7321, test_acc: 0.8195, f1: 0.7568, test_loss: 0.5017
loss: 0.3420, acc: 0.7361, test_acc: 0.8141, f1: 0.7504, test_loss: 0.5199
>> saved: ./state_dict/ce_restaurant_acc_0.8356_f1_0.7659
loss: 0.4819, acc: 0.7382, test_acc: 0.8356, f1: 0.7659, test_loss: 0.5539
loss: 0.5920, acc: 0.7385, test_acc: 0.8150, f1: 0.7217, test_loss: 0.5746
loss: 1.0143, acc: 0.7340, test_acc: 0.8159, f1: 0.7395, test_loss: 0.5241
loss: 0.7486, acc: 0.7328, test_acc: 0.8070, f1: 0.7463, test_loss: 0.4959
loss: 0.7641, acc: 0.7302, test_acc: 0.8311, f1: 0.7586, test_loss: 0.5121
loss: 0.3588, acc: 0.7336, test_acc: 0.8275, f1: 0.7430, test_loss: 0.5429
loss: 0.6481, acc: 0.7355, test_acc: 0.8284, f1: 0.7472, test_loss: 0.5178
>> saved: ./state_dict/ce_restaurant_acc_0.8365_f1_0.7644
loss: 0.8878, acc: 0.7358, test_acc: 0.8365, f1: 0.7644, test_loss: 0.5063
loss: 0.5587, acc: 0.7361, test_acc: 0.7444, f1: 0.6912, test_loss: 0.5994
Epoch 1 average loss: 0.6854
>>>>>>>>>>>>>>>>>>>>>>>>>>>>>>>>>>>>>>>>>>>>>>>>>>>>>>>>>>>>
epoch: 2
loss: 0.2695, acc: 0.8750, test_acc: 0.8097, f1: 0.7581, test_loss: 0.4678
loss: 0.3821, acc: 0.8750, test_acc: 0.8186, f1: 0.7036, test_loss: 0.6422
loss: 0.7189, acc: 0.8750, test_acc: 0.8329, f1: 0.7472, test_loss: 0.6520
loss: 0.4994, acc: 0.8750, test_acc: 0.8347, f1: 0.7684, test_loss: 0.4882
loss: 0.4472, acc: 0.8500, test_acc: 0.8284, f1: 0.7616, test_loss: 0.4711
loss: 1.1331, acc: 0.8229, test_acc: 0.8311, f1: 0.7540, test_loss: 0.4898
>> saved: ./state_dict/ce_restaurant_acc_0.8391_f1_0.7583
loss: 0.2864, acc: 0.8304, test_acc: 0.8391, f1: 0.7583, test_loss: 0.5588
>> saved: ./state_dict/ce_restaurant_acc_0.8418_f1_0.7621
loss: 0.3667, acc: 0.8281, test_acc: 0.8418, f1: 0.7621, test_loss: 0.5729
>> saved: ./state_dict/ce_restaurant_acc_0.8427_f1_0.7849
loss: 0.5177, acc: 0.8125, test_acc: 0.8427, f1: 0.7849, test_loss: 0.4589
loss: 0.0622, acc: 0.8313, test_acc: 0.8311, f1: 0.7395, test_loss: 0.6151
loss: 0.6200, acc: 0.8295, test_acc: 0.8365, f1: 0.7834, test_loss: 0.4577
loss: 0.8893, acc: 0.8073, test_acc: 0.8070, f1: 0.7543, test_loss: 0.4717
loss: 0.4636, acc: 0.8077, test_acc: 0.8409, f1: 0.7669, test_loss: 0.5699
loss: 0.4653, acc: 0.8080, test_acc: 0.8329, f1: 0.7667, test_loss: 0.5456
loss: 0.3301, acc: 0.8083, test_acc: 0.8168, f1: 0.7657, test_loss: 0.4797
loss: 0.6979, acc: 0.8047, test_acc: 0.8168, f1: 0.7473, test_loss: 0.5657
loss: 0.4758, acc: 0.8088, test_acc: 0.8374, f1: 0.7460, test_loss: 0.7266
loss: 0.1337, acc: 0.8194, test_acc: 0.8356, f1: 0.7605, test_loss: 0.5986
loss: 0.2467, acc: 0.8224, test_acc: 0.8284, f1: 0.7587, test_loss: 0.5860
>> saved: ./state_dict/ce_restaurant_acc_0.8454_f1_0.7678
loss: 0.8467, acc: 0.8094, test_acc: 0.8454, f1: 0.7678, test_loss: 0.6445
loss: 0.5619, acc: 0.8125, test_acc: 0.8329, f1: 0.7673, test_loss: 0.5358
loss: 0.7389, acc: 0.8068, test_acc: 0.8365, f1: 0.7781, test_loss: 0.5359
loss: 0.1697, acc: 0.8125, test_acc: 0.8427, f1: 0.7699, test_loss: 0.6222
loss: 0.9800, acc: 0.8073, test_acc: 0.8445, f1: 0.7683, test_loss: 0.6286
loss: 0.4967, acc: 0.8025, test_acc: 0.8150, f1: 0.7651, test_loss: 0.5043
loss: 0.8003, acc: 0.8005, test_acc: 0.8293, f1: 0.7698, test_loss: 0.4862
loss: 0.4734, acc: 0.7986, test_acc: 0.8400, f1: 0.7745, test_loss: 0.5013
loss: 0.5648, acc: 0.7969, test_acc: 0.8418, f1: 0.7679, test_loss: 0.5144
loss: 0.5117, acc: 0.7953, test_acc: 0.8436, f1: 0.7735, test_loss: 0.5286
loss: 0.1256, acc: 0.8021, test_acc: 0.8365, f1: 0.7419, test_loss: 0.6910
loss: 0.2871, acc: 0.8065, test_acc: 0.8329, f1: 0.7371, test_loss: 0.7143
loss: 0.7621, acc: 0.8066, test_acc: 0.8329, f1: 0.7721, test_loss: 0.5374
loss: 1.0568, acc: 0.8049, test_acc: 0.8374, f1: 0.7597, test_loss: 0.5678
loss: 0.6775, acc: 0.8033, test_acc: 0.8204, f1: 0.7331, test_loss: 0.6346
loss: 0.4897, acc: 0.8036, test_acc: 0.8418, f1: 0.7843, test_loss: 0.4876
loss: 1.3624, acc: 0.7986, test_acc: 0.8454, f1: 0.7726, test_loss: 0.6335
>> saved: ./state_dict/ce_restaurant_acc_0.8472_f1_0.7599
loss: 1.3947, acc: 0.7956, test_acc: 0.8472, f1: 0.7599, test_loss: 0.6259
loss: 0.4588, acc: 0.7977, test_acc: 0.8400, f1: 0.7893, test_loss: 0.4452
loss: 0.3876, acc: 0.8013, test_acc: 0.8365, f1: 0.7815, test_loss: 0.4531
loss: 0.2580, acc: 0.8031, test_acc: 0.8329, f1: 0.7441, test_loss: 0.5808
loss: 0.5660, acc: 0.8018, test_acc: 0.8338, f1: 0.7722, test_loss: 0.5042
loss: 0.7236, acc: 0.8036, test_acc: 0.8248, f1: 0.7638, test_loss: 0.5286
loss: 0.5890, acc: 0.8038, test_acc: 0.8132, f1: 0.7696, test_loss: 0.4717
loss: 0.3763, acc: 0.8054, test_acc: 0.8347, f1: 0.7752, test_loss: 0.4750
loss: 1.1982, acc: 0.8042, test_acc: 0.8365, f1: 0.7531, test_loss: 0.6043
Epoch 2 average loss: 0.4706
>>>>>>>>>>>>>>>>>>>>>>>>>>>>>>>>>>>>>>>>>>>>>>>>>>>>>>>>>>>>
epoch: 3
loss: 0.3422, acc: 0.7500, test_acc: 0.8356, f1: 0.7819, test_loss: 0.4812
loss: 0.1783, acc: 0.8438, test_acc: 0.8356, f1: 0.7494, test_loss: 0.5829
loss: 0.5519, acc: 0.8542, test_acc: 0.8248, f1: 0.7400, test_loss: 0.5750
loss: 0.0688, acc: 0.8906, test_acc: 0.8391, f1: 0.7836, test_loss: 0.5020
loss: 0.1537, acc: 0.8875, test_acc: 0.8418, f1: 0.7793, test_loss: 0.5350
loss: 0.2032, acc: 0.8854, test_acc: 0.8418, f1: 0.7664, test_loss: 0.6117
loss: 0.4566, acc: 0.8929, test_acc: 0.8445, f1: 0.7820, test_loss: 0.5394
>> saved: ./state_dict/ce_restaurant_acc_0.8490_f1_0.7895
loss: 0.1879, acc: 0.8984, test_acc: 0.8490, f1: 0.7895, test_loss: 0.5449
>> saved: ./state_dict/ce_restaurant_acc_0.8543_f1_0.7866
loss: 0.6944, acc: 0.8958, test_acc: 0.8543, f1: 0.7866, test_loss: 0.5975
loss: 0.2600, acc: 0.8938, test_acc: 0.8418, f1: 0.7754, test_loss: 0.5825
loss: 0.0982, acc: 0.9034, test_acc: 0.8436, f1: 0.7858, test_loss: 0.5366
loss: 0.0684, acc: 0.9115, test_acc: 0.8382, f1: 0.7737, test_loss: 0.5764
loss: 0.3745, acc: 0.9087, test_acc: 0.8445, f1: 0.7600, test_loss: 0.7427
loss: 0.3799, acc: 0.9062, test_acc: 0.8338, f1: 0.7297, test_loss: 0.8677
loss: 0.4815, acc: 0.9000, test_acc: 0.8418, f1: 0.7661, test_loss: 0.7094
loss: 0.5912, acc: 0.8867, test_acc: 0.8195, f1: 0.7596, test_loss: 0.5847
loss: 0.3631, acc: 0.8787, test_acc: 0.8391, f1: 0.7795, test_loss: 0.5496
loss: 0.7334, acc: 0.8681, test_acc: 0.8329, f1: 0.7352, test_loss: 0.7713
loss: 0.5262, acc: 0.8651, test_acc: 0.8418, f1: 0.7622, test_loss: 0.6828
loss: 0.0948, acc: 0.8688, test_acc: 0.8436, f1: 0.7745, test_loss: 0.6763
loss: 0.3972, acc: 0.8661, test_acc: 0.8418, f1: 0.7672, test_loss: 0.6945
loss: 0.4391, acc: 0.8665, test_acc: 0.8409, f1: 0.7676, test_loss: 0.7073
loss: 0.2287, acc: 0.8696, test_acc: 0.8266, f1: 0.7673, test_loss: 0.6058
loss: 0.1663, acc: 0.8698, test_acc: 0.8248, f1: 0.7695, test_loss: 0.5921
loss: 0.1781, acc: 0.8700, test_acc: 0.8374, f1: 0.7590, test_loss: 0.7895
loss: 0.8245, acc: 0.8678, test_acc: 0.8427, f1: 0.7601, test_loss: 0.8504
loss: 0.0220, acc: 0.8727, test_acc: 0.8418, f1: 0.7754, test_loss: 0.7117
loss: 0.3287, acc: 0.8705, test_acc: 0.8347, f1: 0.7667, test_loss: 0.7719
loss: 0.7724, acc: 0.8685, test_acc: 0.8365, f1: 0.7652, test_loss: 0.7994
loss: 0.2816, acc: 0.8708, test_acc: 0.8382, f1: 0.7639, test_loss: 0.7354
loss: 0.0587, acc: 0.8730, test_acc: 0.8356, f1: 0.7702, test_loss: 0.6398
loss: 0.2039, acc: 0.8750, test_acc: 0.8356, f1: 0.7615, test_loss: 0.7509
loss: 0.5474, acc: 0.8769, test_acc: 0.8329, f1: 0.7388, test_loss: 0.9216
loss: 0.0891, acc: 0.8805, test_acc: 0.8338, f1: 0.7594, test_loss: 0.7558
loss: 0.0879, acc: 0.8839, test_acc: 0.8293, f1: 0.7632, test_loss: 0.6981
loss: 0.2835, acc: 0.8854, test_acc: 0.8311, f1: 0.7627, test_loss: 0.7470
loss: 0.1131, acc: 0.8868, test_acc: 0.8302, f1: 0.7495, test_loss: 0.9151
loss: 0.6193, acc: 0.8865, test_acc: 0.8284, f1: 0.7560, test_loss: 0.7366
loss: 0.3983, acc: 0.8814, test_acc: 0.8239, f1: 0.7479, test_loss: 0.7608
loss: 0.1387, acc: 0.8844, test_acc: 0.8320, f1: 0.7455, test_loss: 0.8276
loss: 0.2914, acc: 0.8857, test_acc: 0.8257, f1: 0.7315, test_loss: 0.8807
loss: 0.9199, acc: 0.8854, test_acc: 0.8222, f1: 0.7571, test_loss: 0.6477
loss: 0.4458, acc: 0.8852, test_acc: 0.8186, f1: 0.7398, test_loss: 0.7734
loss: 0.4402, acc: 0.8849, test_acc: 0.8311, f1: 0.7364, test_loss: 1.1569
loss: 0.2804, acc: 0.8861, test_acc: 0.8311, f1: 0.7437, test_loss: 1.0081
Epoch 3 average loss: 0.2861
>>>>>>>>>>>>>>>>>>>>>>>>>>>>>>>>>>>>>>>>>>>>>>>>>>>>>>>>>>>>
epoch: 4
loss: 0.4180, acc: 0.7500, test_acc: 0.7685, f1: 0.7318, test_loss: 0.6778
loss: 0.7128, acc: 0.7188, test_acc: 0.8311, f1: 0.7740, test_loss: 0.5800
loss: 0.0828, acc: 0.8125, test_acc: 0.8356, f1: 0.7350, test_loss: 1.2388
loss: 0.0807, acc: 0.8594, test_acc: 0.8517, f1: 0.7819, test_loss: 0.8435
>> saved: ./state_dict/ce_restaurant_acc_0.8660_f1_0.8087
loss: 0.0338, acc: 0.8875, test_acc: 0.8660, f1: 0.8087, test_loss: 0.6300
loss: 0.0503, acc: 0.9062, test_acc: 0.8579, f1: 0.7893, test_loss: 0.7675
loss: 0.1798, acc: 0.9107, test_acc: 0.8606, f1: 0.7943, test_loss: 0.7361
loss: 0.5230, acc: 0.9062, test_acc: 0.8642, f1: 0.8062, test_loss: 0.6452
loss: 0.0286, acc: 0.9167, test_acc: 0.8633, f1: 0.8051, test_loss: 0.5868
loss: 0.0398, acc: 0.9250, test_acc: 0.8570, f1: 0.7895, test_loss: 0.6933
loss: 0.4423, acc: 0.9034, test_acc: 0.8561, f1: 0.8000, test_loss: 0.5850
loss: 0.0641, acc: 0.9115, test_acc: 0.8445, f1: 0.7916, test_loss: 0.5773
loss: 0.0990, acc: 0.9135, test_acc: 0.8508, f1: 0.7962, test_loss: 0.5997
loss: 0.1171, acc: 0.9152, test_acc: 0.8481, f1: 0.7773, test_loss: 0.7112
loss: 0.0143, acc: 0.9208, test_acc: 0.8445, f1: 0.7725, test_loss: 0.7333
loss: 0.0887, acc: 0.9258, test_acc: 0.8525, f1: 0.7873, test_loss: 0.7360
loss: 0.1951, acc: 0.9265, test_acc: 0.8454, f1: 0.7722, test_loss: 0.8047
loss: 0.0466, acc: 0.9306, test_acc: 0.8418, f1: 0.7573, test_loss: 0.9051
loss: 0.3016, acc: 0.9309, test_acc: 0.8427, f1: 0.7602, test_loss: 0.8534
loss: 0.0066, acc: 0.9344, test_acc: 0.8427, f1: 0.7667, test_loss: 0.8486
loss: 0.1203, acc: 0.9345, test_acc: 0.8436, f1: 0.7682, test_loss: 0.8119
loss: 0.0377, acc: 0.9375, test_acc: 0.8409, f1: 0.7604, test_loss: 0.9778
loss: 0.0368, acc: 0.9402, test_acc: 0.8454, f1: 0.7733, test_loss: 0.7995
loss: 0.2342, acc: 0.9375, test_acc: 0.8356, f1: 0.7614, test_loss: 0.7477
loss: 0.1426, acc: 0.9400, test_acc: 0.8374, f1: 0.7551, test_loss: 0.8742
loss: 0.0635, acc: 0.9423, test_acc: 0.8347, f1: 0.7628, test_loss: 0.7600
loss: 0.1950, acc: 0.9398, test_acc: 0.8329, f1: 0.7668, test_loss: 0.7196
loss: 0.3193, acc: 0.9375, test_acc: 0.8302, f1: 0.7540, test_loss: 0.7900
loss: 0.2174, acc: 0.9375, test_acc: 0.8409, f1: 0.7724, test_loss: 0.7361
loss: 0.0207, acc: 0.9396, test_acc: 0.8463, f1: 0.7731, test_loss: 0.8198
loss: 0.1256, acc: 0.9395, test_acc: 0.8463, f1: 0.7629, test_loss: 1.0350
loss: 0.0076, acc: 0.9414, test_acc: 0.8472, f1: 0.7699, test_loss: 0.9286
loss: 0.0117, acc: 0.9432, test_acc: 0.8409, f1: 0.7604, test_loss: 0.8786
loss: 0.1916, acc: 0.9430, test_acc: 0.8400, f1: 0.7626, test_loss: 0.8350
loss: 0.2582, acc: 0.9411, test_acc: 0.8409, f1: 0.7624, test_loss: 0.8460
loss: 0.0285, acc: 0.9427, test_acc: 0.8427, f1: 0.7631, test_loss: 0.8672
loss: 0.1255, acc: 0.9426, test_acc: 0.8400, f1: 0.7555, test_loss: 0.9097
loss: 0.1357, acc: 0.9441, test_acc: 0.8374, f1: 0.7506, test_loss: 0.9516
loss: 0.1723, acc: 0.9439, test_acc: 0.8409, f1: 0.7700, test_loss: 0.8061
loss: 0.0623, acc: 0.9453, test_acc: 0.8365, f1: 0.7630, test_loss: 0.8323
loss: 0.1320, acc: 0.9451, test_acc: 0.8338, f1: 0.7531, test_loss: 0.9294
loss: 0.0313, acc: 0.9464, test_acc: 0.8391, f1: 0.7574, test_loss: 1.1392
loss: 1.2088, acc: 0.9419, test_acc: 0.8374, f1: 0.7527, test_loss: 1.1822
loss: 0.1584, acc: 0.9403, test_acc: 0.8418, f1: 0.7756, test_loss: 0.7654
loss: 0.2328, acc: 0.9403, test_acc: 0.8472, f1: 0.7815, test_loss: 0.8092
loss: 0.0073, acc: 0.9409, test_acc: 0.8427, f1: 0.7693, test_loss: 0.8833
Epoch 4 average loss: 0.1755
>>>>>>>>>>>>>>>>>>>>>>>>>>>>>>>>>>>>>>>>>>>>>>>>>>>>>>>>>>>>
epoch: 5
loss: 0.0582, acc: 1.0000, test_acc: 0.8445, f1: 0.7694, test_loss: 0.9893
loss: 0.5835, acc: 0.9688, test_acc: 0.8374, f1: 0.7470, test_loss: 1.1075
loss: 0.0506, acc: 0.9583, test_acc: 0.8347, f1: 0.7700, test_loss: 0.7517
loss: 0.3235, acc: 0.9375, test_acc: 0.8248, f1: 0.7579, test_loss: 0.7940
loss: 0.0199, acc: 0.9500, test_acc: 0.8338, f1: 0.7593, test_loss: 0.8527
loss: 0.0155, acc: 0.9583, test_acc: 0.8239, f1: 0.7291, test_loss: 1.1199
loss: 0.5198, acc: 0.9554, test_acc: 0.8284, f1: 0.7335, test_loss: 1.1978
loss: 0.1068, acc: 0.9531, test_acc: 0.8293, f1: 0.7590, test_loss: 0.8474
loss: 0.2135, acc: 0.9514, test_acc: 0.8231, f1: 0.7462, test_loss: 0.8263
loss: 0.0141, acc: 0.9563, test_acc: 0.8222, f1: 0.7357, test_loss: 0.9103
loss: 0.0221, acc: 0.9602, test_acc: 0.8293, f1: 0.7447, test_loss: 0.9105
loss: 0.0110, acc: 0.9635, test_acc: 0.8418, f1: 0.7637, test_loss: 0.9027
loss: 0.0214, acc: 0.9663, test_acc: 0.8418, f1: 0.7631, test_loss: 0.9168
loss: 0.0192, acc: 0.9688, test_acc: 0.8481, f1: 0.7798, test_loss: 0.8494
loss: 0.0290, acc: 0.9708, test_acc: 0.8508, f1: 0.7878, test_loss: 0.8186
loss: 0.0420, acc: 0.9727, test_acc: 0.8499, f1: 0.7788, test_loss: 0.9643
loss: 0.0026, acc: 0.9743, test_acc: 0.8481, f1: 0.7756, test_loss: 0.9983
loss: 0.0498, acc: 0.9757, test_acc: 0.8445, f1: 0.7687, test_loss: 1.0603
loss: 0.0217, acc: 0.9770, test_acc: 0.8427, f1: 0.7611, test_loss: 1.1497
loss: 0.0207, acc: 0.9781, test_acc: 0.8454, f1: 0.7668, test_loss: 1.1536
loss: 0.0531, acc: 0.9792, test_acc: 0.8508, f1: 0.7878, test_loss: 0.8966
loss: 0.7615, acc: 0.9716, test_acc: 0.8472, f1: 0.7788, test_loss: 0.9260
loss: 0.2593, acc: 0.9674, test_acc: 0.8570, f1: 0.7907, test_loss: 0.9286
loss: 0.0196, acc: 0.9688, test_acc: 0.8534, f1: 0.7867, test_loss: 0.9237
loss: 0.0388, acc: 0.9700, test_acc: 0.8561, f1: 0.7912, test_loss: 0.9471
loss: 0.0223, acc: 0.9712, test_acc: 0.8552, f1: 0.7917, test_loss: 0.9031
loss: 0.0210, acc: 0.9722, test_acc: 0.8552, f1: 0.7883, test_loss: 0.9162
loss: 0.1938, acc: 0.9688, test_acc: 0.8642, f1: 0.8072, test_loss: 0.8811
loss: 0.0648, acc: 0.9677, test_acc: 0.8597, f1: 0.8050, test_loss: 0.7991
loss: 0.0054, acc: 0.9688, test_acc: 0.8552, f1: 0.7845, test_loss: 1.0517
loss: 0.2198, acc: 0.9677, test_acc: 0.8570, f1: 0.7891, test_loss: 0.9650
loss: 0.0794, acc: 0.9668, test_acc: 0.8606, f1: 0.8076, test_loss: 0.7825
loss: 0.0468, acc: 0.9659, test_acc: 0.8588, f1: 0.8068, test_loss: 0.7599
loss: 0.0675, acc: 0.9669, test_acc: 0.8543, f1: 0.7980, test_loss: 0.7543
loss: 0.1031, acc: 0.9643, test_acc: 0.8543, f1: 0.7908, test_loss: 0.8872
loss: 0.1547, acc: 0.9618, test_acc: 0.8543, f1: 0.7825, test_loss: 1.0963
loss: 0.0303, acc: 0.9628, test_acc: 0.8543, f1: 0.7835, test_loss: 1.0237
loss: 0.0075, acc: 0.9638, test_acc: 0.8561, f1: 0.7867, test_loss: 0.9879
loss: 0.2815, acc: 0.9631, test_acc: 0.8490, f1: 0.7766, test_loss: 0.9494
loss: 0.0082, acc: 0.9641, test_acc: 0.8472, f1: 0.7712, test_loss: 0.9764
loss: 0.1448, acc: 0.9634, test_acc: 0.8517, f1: 0.7826, test_loss: 0.9540
loss: 0.0621, acc: 0.9628, test_acc: 0.8508, f1: 0.7872, test_loss: 0.9097
loss: 0.0029, acc: 0.9637, test_acc: 0.8508, f1: 0.7812, test_loss: 1.0623
loss: 0.1865, acc: 0.9645, test_acc: 0.8347, f1: 0.7431, test_loss: 1.3132
loss: 0.3002, acc: 0.9639, test_acc: 0.8329, f1: 0.7331, test_loss: 1.3781
Epoch 5 average loss: 0.0925
>>>>>>>>>>>>>>>>>>>>>>>>>>>>>>>>>>>>>>>>>>>>>>>>>>>>>>>>>>>>
epoch: 6
loss: 0.0811, acc: 0.9375, test_acc: 0.8499, f1: 0.7764, test_loss: 1.0915
loss: 0.0243, acc: 0.9688, test_acc: 0.8463, f1: 0.7741, test_loss: 1.1174
loss: 0.0017, acc: 0.9792, test_acc: 0.8445, f1: 0.7764, test_loss: 1.0407
loss: 0.0024, acc: 0.9844, test_acc: 0.8382, f1: 0.7720, test_loss: 0.9918
loss: 0.0071, acc: 0.9875, test_acc: 0.8365, f1: 0.7694, test_loss: 1.0110
loss: 0.0258, acc: 0.9896, test_acc: 0.8391, f1: 0.7674, test_loss: 1.0949
loss: 0.0231, acc: 0.9911, test_acc: 0.8436, f1: 0.7702, test_loss: 1.2366
loss: 0.0291, acc: 0.9922, test_acc: 0.8320, f1: 0.7413, test_loss: 1.5749
loss: 0.0073, acc: 0.9931, test_acc: 0.8338, f1: 0.7371, test_loss: 1.7601
loss: 0.1853, acc: 0.9812, test_acc: 0.8365, f1: 0.7390, test_loss: 1.5078
loss: 0.0198, acc: 0.9830, test_acc: 0.8347, f1: 0.7667, test_loss: 1.0681
loss: 0.1728, acc: 0.9792, test_acc: 0.8365, f1: 0.7687, test_loss: 1.0338
loss: 0.0060, acc: 0.9808, test_acc: 0.8481, f1: 0.7685, test_loss: 1.2979
loss: 0.0516, acc: 0.9821, test_acc: 0.8365, f1: 0.7395, test_loss: 1.6198
loss: 0.0530, acc: 0.9833, test_acc: 0.8338, f1: 0.7363, test_loss: 1.7489
loss: 0.2838, acc: 0.9805, test_acc: 0.8463, f1: 0.7745, test_loss: 1.1205
loss: 0.0254, acc: 0.9816, test_acc: 0.8374, f1: 0.7725, test_loss: 0.9318
loss: 0.0759, acc: 0.9792, test_acc: 0.8418, f1: 0.7703, test_loss: 1.0493
loss: 0.0187, acc: 0.9803, test_acc: 0.8517, f1: 0.7742, test_loss: 1.2892
loss: 0.0053, acc: 0.9812, test_acc: 0.8481, f1: 0.7759, test_loss: 1.1635
loss: 0.0028, acc: 0.9821, test_acc: 0.8436, f1: 0.7727, test_loss: 1.0685
loss: 0.1748, acc: 0.9801, test_acc: 0.8400, f1: 0.7685, test_loss: 1.0579
loss: 0.0315, acc: 0.9810, test_acc: 0.8436, f1: 0.7622, test_loss: 1.2423
loss: 0.0155, acc: 0.9818, test_acc: 0.8436, f1: 0.7591, test_loss: 1.3791
loss: 0.0553, acc: 0.9825, test_acc: 0.8436, f1: 0.7702, test_loss: 1.2057
loss: 0.0009, acc: 0.9832, test_acc: 0.8454, f1: 0.7690, test_loss: 1.2332
loss: 0.0059, acc: 0.9838, test_acc: 0.8463, f1: 0.7678, test_loss: 1.2882
loss: 0.1870, acc: 0.9821, test_acc: 0.8445, f1: 0.7600, test_loss: 1.4466
loss: 0.0009, acc: 0.9828, test_acc: 0.8454, f1: 0.7639, test_loss: 1.3960
loss: 0.0035, acc: 0.9833, test_acc: 0.8454, f1: 0.7632, test_loss: 1.3731
loss: 0.2073, acc: 0.9819, test_acc: 0.8374, f1: 0.7650, test_loss: 1.1983
loss: 0.1478, acc: 0.9805, test_acc: 0.8293, f1: 0.7694, test_loss: 0.9539
loss: 0.0196, acc: 0.9811, test_acc: 0.8409, f1: 0.7742, test_loss: 1.1201
loss: 0.0042, acc: 0.9816, test_acc: 0.8329, f1: 0.7467, test_loss: 1.6331
loss: 0.0183, acc: 0.9821, test_acc: 0.8436, f1: 0.7652, test_loss: 1.2528
loss: 0.2128, acc: 0.9809, test_acc: 0.8177, f1: 0.7445, test_loss: 1.2142
loss: 0.0290, acc: 0.9814, test_acc: 0.8222, f1: 0.7616, test_loss: 0.9708
loss: 0.0137, acc: 0.9819, test_acc: 0.8356, f1: 0.7727, test_loss: 0.9531
loss: 0.0008, acc: 0.9824, test_acc: 0.8427, f1: 0.7590, test_loss: 1.3640
loss: 0.1506, acc: 0.9812, test_acc: 0.8320, f1: 0.7363, test_loss: 1.5669
loss: 0.0340, acc: 0.9802, test_acc: 0.8329, f1: 0.7374, test_loss: 1.4489
loss: 0.0318, acc: 0.9807, test_acc: 0.8400, f1: 0.7577, test_loss: 1.2555
loss: 0.2198, acc: 0.9797, test_acc: 0.8490, f1: 0.7755, test_loss: 1.2110
loss: 0.0180, acc: 0.9801, test_acc: 0.8534, f1: 0.7787, test_loss: 1.3075
loss: 0.0084, acc: 0.9806, test_acc: 0.8534, f1: 0.7783, test_loss: 1.3590
Epoch 6 average loss: 0.0699
>>>>>>>>>>>>>>>>>>>>>>>>>>>>>>>>>>>>>>>>>>>>>>>>>>>>>>>>>>>>
epoch: 7
loss: 0.0198, acc: 1.0000, test_acc: 0.8418, f1: 0.7620, test_loss: 1.2813
loss: 0.0062, acc: 1.0000, test_acc: 0.8400, f1: 0.7656, test_loss: 1.1885
loss: 0.0046, acc: 1.0000, test_acc: 0.8463, f1: 0.7703, test_loss: 1.2621
loss: 0.0009, acc: 1.0000, test_acc: 0.8534, f1: 0.7902, test_loss: 1.1622
loss: 0.0522, acc: 1.0000, test_acc: 0.8382, f1: 0.7697, test_loss: 1.2583
loss: 0.6184, acc: 0.9896, test_acc: 0.8534, f1: 0.7827, test_loss: 1.4778
loss: 0.0285, acc: 0.9911, test_acc: 0.8490, f1: 0.7742, test_loss: 1.3057
loss: 0.0416, acc: 0.9922, test_acc: 0.8517, f1: 0.7850, test_loss: 1.1948
loss: 0.1838, acc: 0.9861, test_acc: 0.8454, f1: 0.7880, test_loss: 1.0391
loss: 0.1070, acc: 0.9750, test_acc: 0.8454, f1: 0.7911, test_loss: 0.9952
loss: 0.0060, acc: 0.9773, test_acc: 0.8329, f1: 0.7654, test_loss: 1.1964
loss: 0.0005, acc: 0.9792, test_acc: 0.8400, f1: 0.7539, test_loss: 1.5698
loss: 0.0434, acc: 0.9808, test_acc: 0.8293, f1: 0.7244, test_loss: 2.0864
loss: 0.0006, acc: 0.9821, test_acc: 0.8508, f1: 0.7784, test_loss: 1.3469
loss: 0.0233, acc: 0.9833, test_acc: 0.8382, f1: 0.7834, test_loss: 1.0271
loss: 0.1093, acc: 0.9766, test_acc: 0.8391, f1: 0.7833, test_loss: 1.0423
loss: 0.1512, acc: 0.9743, test_acc: 0.8391, f1: 0.7725, test_loss: 1.1787
loss: 0.0218, acc: 0.9757, test_acc: 0.8463, f1: 0.7779, test_loss: 1.2891
loss: 0.0218, acc: 0.9770, test_acc: 0.8409, f1: 0.7707, test_loss: 1.2718
loss: 0.0616, acc: 0.9781, test_acc: 0.8400, f1: 0.7548, test_loss: 1.5169
loss: 0.0543, acc: 0.9792, test_acc: 0.8400, f1: 0.7757, test_loss: 1.1664
loss: 0.0119, acc: 0.9801, test_acc: 0.8356, f1: 0.7742, test_loss: 1.0963
loss: 0.0414, acc: 0.9810, test_acc: 0.8365, f1: 0.7753, test_loss: 1.1342
loss: 0.0334, acc: 0.9792, test_acc: 0.8454, f1: 0.7783, test_loss: 1.2307
loss: 0.0185, acc: 0.9800, test_acc: 0.8427, f1: 0.7603, test_loss: 1.5087
loss: 0.0058, acc: 0.9808, test_acc: 0.8382, f1: 0.7480, test_loss: 1.7307
loss: 0.0015, acc: 0.9815, test_acc: 0.8418, f1: 0.7564, test_loss: 1.6160
loss: 0.0130, acc: 0.9821, test_acc: 0.8409, f1: 0.7624, test_loss: 1.4434
loss: 0.0069, acc: 0.9828, test_acc: 0.8427, f1: 0.7677, test_loss: 1.4166
loss: 0.0280, acc: 0.9833, test_acc: 0.8382, f1: 0.7613, test_loss: 1.4223
loss: 0.0033, acc: 0.9839, test_acc: 0.8329, f1: 0.7550, test_loss: 1.3880
loss: 0.0076, acc: 0.9844, test_acc: 0.8284, f1: 0.7555, test_loss: 1.3131
loss: 0.0015, acc: 0.9848, test_acc: 0.8275, f1: 0.7539, test_loss: 1.3521
loss: 0.0046, acc: 0.9853, test_acc: 0.8284, f1: 0.7555, test_loss: 1.3713
loss: 0.0665, acc: 0.9839, test_acc: 0.8347, f1: 0.7603, test_loss: 1.4699
loss: 0.0036, acc: 0.9844, test_acc: 0.8374, f1: 0.7530, test_loss: 1.7157
loss: 0.0053, acc: 0.9848, test_acc: 0.8365, f1: 0.7401, test_loss: 1.9746
loss: 0.0013, acc: 0.9852, test_acc: 0.8338, f1: 0.7409, test_loss: 1.8116
loss: 0.0226, acc: 0.9856, test_acc: 0.8365, f1: 0.7664, test_loss: 1.4723
loss: 0.0016, acc: 0.9859, test_acc: 0.8374, f1: 0.7709, test_loss: 1.4856
loss: 0.0285, acc: 0.9863, test_acc: 0.8427, f1: 0.7615, test_loss: 1.8139
loss: 0.0016, acc: 0.9866, test_acc: 0.8302, f1: 0.7324, test_loss: 2.0300
loss: 0.0077, acc: 0.9869, test_acc: 0.8293, f1: 0.7278, test_loss: 2.0447
loss: 0.0452, acc: 0.9858, test_acc: 0.8382, f1: 0.7592, test_loss: 1.5931
loss: 0.0002, acc: 0.9861, test_acc: 0.8257, f1: 0.7726, test_loss: 1.0902
Epoch 7 average loss: 0.0686
>>>>>>>>>>>>>>>>>>>>>>>>>>>>>>>>>>>>>>>>>>>>>>>>>>>>>>>>>>>>
epoch: 8
loss: 0.0239, acc: 1.0000, test_acc: 0.8347, f1: 0.7763, test_loss: 1.1307
loss: 0.0014, acc: 1.0000, test_acc: 0.8436, f1: 0.7719, test_loss: 1.5441
loss: 0.1097, acc: 0.9792, test_acc: 0.8239, f1: 0.7347, test_loss: 1.8725
loss: 0.0240, acc: 0.9844, test_acc: 0.8391, f1: 0.7720, test_loss: 1.2948
loss: 0.1341, acc: 0.9750, test_acc: 0.8320, f1: 0.7453, test_loss: 1.6535
loss: 0.0085, acc: 0.9792, test_acc: 0.8257, f1: 0.7260, test_loss: 1.9406
loss: 0.0097, acc: 0.9821, test_acc: 0.8418, f1: 0.7686, test_loss: 1.4902
loss: 0.6056, acc: 0.9688, test_acc: 0.8347, f1: 0.7656, test_loss: 1.4109
loss: 0.0005, acc: 0.9722, test_acc: 0.8293, f1: 0.7565, test_loss: 1.4039
loss: 0.0250, acc: 0.9750, test_acc: 0.8454, f1: 0.7750, test_loss: 1.4741
loss: 0.0107, acc: 0.9773, test_acc: 0.8382, f1: 0.7534, test_loss: 1.5619
loss: 0.0060, acc: 0.9792, test_acc: 0.8481, f1: 0.7781, test_loss: 1.3441
loss: 0.0328, acc: 0.9808, test_acc: 0.8365, f1: 0.7816, test_loss: 1.0416
loss: 0.2024, acc: 0.9777, test_acc: 0.8400, f1: 0.7798, test_loss: 1.0629
loss: 0.0175, acc: 0.9792, test_acc: 0.8472, f1: 0.7827, test_loss: 1.1736
loss: 0.3120, acc: 0.9766, test_acc: 0.8463, f1: 0.7745, test_loss: 1.2750
loss: 0.0085, acc: 0.9779, test_acc: 0.8382, f1: 0.7712, test_loss: 1.1098
loss: 0.0139, acc: 0.9792, test_acc: 0.8445, f1: 0.7731, test_loss: 1.2671
loss: 0.1079, acc: 0.9770, test_acc: 0.8445, f1: 0.7716, test_loss: 1.2723
loss: 0.7327, acc: 0.9719, test_acc: 0.8472, f1: 0.7766, test_loss: 1.1935
loss: 0.1709, acc: 0.9702, test_acc: 0.8382, f1: 0.7725, test_loss: 1.0178
loss: 0.0975, acc: 0.9688, test_acc: 0.8427, f1: 0.7737, test_loss: 1.0626
loss: 0.0636, acc: 0.9701, test_acc: 0.8391, f1: 0.7614, test_loss: 1.1610
loss: 0.0063, acc: 0.9714, test_acc: 0.8374, f1: 0.7575, test_loss: 1.1723
loss: 0.0104, acc: 0.9725, test_acc: 0.8436, f1: 0.7655, test_loss: 1.1503
loss: 0.0022, acc: 0.9736, test_acc: 0.8427, f1: 0.7699, test_loss: 1.0974
loss: 0.0063, acc: 0.9745, test_acc: 0.8409, f1: 0.7683, test_loss: 1.0824
loss: 0.0505, acc: 0.9732, test_acc: 0.8463, f1: 0.7749, test_loss: 1.1183
loss: 0.0049, acc: 0.9741, test_acc: 0.8454, f1: 0.7763, test_loss: 1.0903
loss: 0.0039, acc: 0.9750, test_acc: 0.8463, f1: 0.7788, test_loss: 1.0579
loss: 0.2543, acc: 0.9738, test_acc: 0.8418, f1: 0.7732, test_loss: 1.0525
loss: 0.1362, acc: 0.9727, test_acc: 0.8374, f1: 0.7652, test_loss: 1.1165
loss: 0.0391, acc: 0.9735, test_acc: 0.8338, f1: 0.7548, test_loss: 1.3057
loss: 0.0047, acc: 0.9743, test_acc: 0.8445, f1: 0.7638, test_loss: 1.3482
loss: 0.0035, acc: 0.9750, test_acc: 0.8463, f1: 0.7748, test_loss: 1.2538
loss: 0.2659, acc: 0.9740, test_acc: 0.8445, f1: 0.7779, test_loss: 1.1571
loss: 0.0099, acc: 0.9747, test_acc: 0.8463, f1: 0.7837, test_loss: 1.1301
loss: 0.1243, acc: 0.9737, test_acc: 0.8525, f1: 0.7866, test_loss: 1.2953
loss: 0.0006, acc: 0.9744, test_acc: 0.8490, f1: 0.7789, test_loss: 1.3919
loss: 0.0231, acc: 0.9750, test_acc: 0.8418, f1: 0.7570, test_loss: 1.6088
loss: 0.0222, acc: 0.9756, test_acc: 0.8356, f1: 0.7267, test_loss: 1.9791
loss: 0.0311, acc: 0.9747, test_acc: 0.8418, f1: 0.7579, test_loss: 1.4295
loss: 0.0007, acc: 0.9753, test_acc: 0.8400, f1: 0.7810, test_loss: 1.0549
loss: 0.3922, acc: 0.9730, test_acc: 0.8365, f1: 0.7811, test_loss: 1.0132
loss: 0.0015, acc: 0.9736, test_acc: 0.8400, f1: 0.7750, test_loss: 1.1308
Epoch 8 average loss: 0.0743
>>>>>>>>>>>>>>>>>>>>>>>>>>>>>>>>>>>>>>>>>>>>>>>>>>>>>>>>>>>>
epoch: 9
loss: 0.0067, acc: 1.0000, test_acc: 0.8329, f1: 0.7412, test_loss: 1.4694
loss: 0.0891, acc: 0.9688, test_acc: 0.8382, f1: 0.7405, test_loss: 1.6594
loss: 0.0034, acc: 0.9792, test_acc: 0.8499, f1: 0.7763, test_loss: 1.3287
loss: 0.1117, acc: 0.9688, test_acc: 0.8525, f1: 0.7940, test_loss: 1.0981
loss: 0.0020, acc: 0.9750, test_acc: 0.8534, f1: 0.7986, test_loss: 1.0631
loss: 0.0086, acc: 0.9792, test_acc: 0.8499, f1: 0.7912, test_loss: 1.1215
loss: 0.0021, acc: 0.9821, test_acc: 0.8508, f1: 0.7868, test_loss: 1.2472
loss: 0.0113, acc: 0.9844, test_acc: 0.8534, f1: 0.7823, test_loss: 1.4135
loss: 0.0026, acc: 0.9861, test_acc: 0.8463, f1: 0.7649, test_loss: 1.5922
loss: 0.0207, acc: 0.9875, test_acc: 0.8525, f1: 0.7822, test_loss: 1.4963
loss: 0.0282, acc: 0.9886, test_acc: 0.8499, f1: 0.7823, test_loss: 1.3541
loss: 0.0288, acc: 0.9896, test_acc: 0.8472, f1: 0.7823, test_loss: 1.2397
loss: 0.0540, acc: 0.9856, test_acc: 0.8481, f1: 0.7821, test_loss: 1.3192
loss: 0.0014, acc: 0.9866, test_acc: 0.8517, f1: 0.7811, test_loss: 1.4816
loss: 0.0010, acc: 0.9875, test_acc: 0.8499, f1: 0.7791, test_loss: 1.3691
loss: 0.2743, acc: 0.9844, test_acc: 0.8391, f1: 0.7644, test_loss: 1.3588
loss: 0.0325, acc: 0.9853, test_acc: 0.8382, f1: 0.7697, test_loss: 1.2129
loss: 0.0107, acc: 0.9861, test_acc: 0.8418, f1: 0.7782, test_loss: 1.1654
loss: 0.0307, acc: 0.9868, test_acc: 0.8445, f1: 0.7800, test_loss: 1.2017
loss: 0.0041, acc: 0.9875, test_acc: 0.8454, f1: 0.7788, test_loss: 1.2939
loss: 0.0009, acc: 0.9881, test_acc: 0.8454, f1: 0.7702, test_loss: 1.4806
loss: 0.1762, acc: 0.9858, test_acc: 0.8418, f1: 0.7602, test_loss: 1.6401
loss: 0.0181, acc: 0.9864, test_acc: 0.8463, f1: 0.7726, test_loss: 1.4744
loss: 0.0013, acc: 0.9870, test_acc: 0.8525, f1: 0.7854, test_loss: 1.3953
loss: 0.0014, acc: 0.9875, test_acc: 0.8490, f1: 0.7761, test_loss: 1.5024
loss: 0.0027, acc: 0.9880, test_acc: 0.8481, f1: 0.7745, test_loss: 1.5784
loss: 0.0025, acc: 0.9884, test_acc: 0.8400, f1: 0.7617, test_loss: 1.7344
loss: 0.2053, acc: 0.9866, test_acc: 0.8382, f1: 0.7591, test_loss: 1.7284
loss: 0.1314, acc: 0.9849, test_acc: 0.8436, f1: 0.7682, test_loss: 1.6070
loss: 0.0010, acc: 0.9854, test_acc: 0.8418, f1: 0.7613, test_loss: 1.8621
loss: 0.0014, acc: 0.9859, test_acc: 0.8418, f1: 0.7558, test_loss: 1.9889
loss: 0.0142, acc: 0.9863, test_acc: 0.8374, f1: 0.7443, test_loss: 2.0159
loss: 0.0047, acc: 0.9867, test_acc: 0.8400, f1: 0.7502, test_loss: 1.9527
loss: 0.0101, acc: 0.9871, test_acc: 0.8320, f1: 0.7711, test_loss: 1.0745
loss: 0.0822, acc: 0.9857, test_acc: 0.8356, f1: 0.7779, test_loss: 1.0575
loss: 0.0293, acc: 0.9844, test_acc: 0.8454, f1: 0.7698, test_loss: 1.4566
loss: 0.1292, acc: 0.9831, test_acc: 0.8472, f1: 0.7644, test_loss: 1.8543
loss: 0.0013, acc: 0.9836, test_acc: 0.8418, f1: 0.7543, test_loss: 2.0400
loss: 0.0010, acc: 0.9840, test_acc: 0.8418, f1: 0.7526, test_loss: 2.1166
loss: 0.0026, acc: 0.9844, test_acc: 0.8400, f1: 0.7640, test_loss: 1.5392
loss: 0.0005, acc: 0.9848, test_acc: 0.8293, f1: 0.7650, test_loss: 1.2776
loss: 0.0649, acc: 0.9836, test_acc: 0.8320, f1: 0.7558, test_loss: 1.6494
loss: 0.0665, acc: 0.9840, test_acc: 0.8275, f1: 0.7144, test_loss: 2.3466
loss: 0.0021, acc: 0.9844, test_acc: 0.8338, f1: 0.7305, test_loss: 2.2762
loss: 0.1809, acc: 0.9833, test_acc: 0.8311, f1: 0.7391, test_loss: 2.2567
loss: 0.0191, acc: 0.9835, test_acc: 0.8365, f1: 0.7513, test_loss: 2.0863
Epoch 9 average loss: 0.0442
>>>>>>>>>>>>>>>>>>>>>>>>>>>>>>>>>>>>>>>>>>>>>>>>>>>>>>>>>>>>
epoch: 10
loss: 0.0009, acc: 1.0000, test_acc: 0.8418, f1: 0.7687, test_loss: 1.4453
loss: 0.0003, acc: 1.0000, test_acc: 0.8320, f1: 0.7617, test_loss: 1.2760
loss: 0.0053, acc: 1.0000, test_acc: 0.8365, f1: 0.7608, test_loss: 1.4845
loss: 0.0017, acc: 1.0000, test_acc: 0.8338, f1: 0.7505, test_loss: 1.7523
loss: 0.0056, acc: 1.0000, test_acc: 0.8302, f1: 0.7392, test_loss: 1.9508
loss: 0.0021, acc: 1.0000, test_acc: 0.8347, f1: 0.7496, test_loss: 1.8997
loss: 0.0020, acc: 1.0000, test_acc: 0.8356, f1: 0.7511, test_loss: 1.8392
loss: 0.0087, acc: 1.0000, test_acc: 0.8427, f1: 0.7638, test_loss: 1.7869
loss: 0.0978, acc: 0.9931, test_acc: 0.8418, f1: 0.7636, test_loss: 1.7451
loss: 0.0004, acc: 0.9938, test_acc: 0.8418, f1: 0.7641, test_loss: 1.7187
loss: 0.0328, acc: 0.9886, test_acc: 0.8382, f1: 0.7633, test_loss: 1.5452
loss: 0.0009, acc: 0.9896, test_acc: 0.8409, f1: 0.7694, test_loss: 1.4991
loss: 0.0002, acc: 0.9904, test_acc: 0.8445, f1: 0.7730, test_loss: 1.5933
loss: 0.0016, acc: 0.9911, test_acc: 0.8409, f1: 0.7668, test_loss: 1.7146
loss: 0.0007, acc: 0.9917, test_acc: 0.8481, f1: 0.7720, test_loss: 1.7795
loss: 0.0148, acc: 0.9922, test_acc: 0.8445, f1: 0.7663, test_loss: 1.8647
loss: 0.0001, acc: 0.9926, test_acc: 0.8418, f1: 0.7614, test_loss: 1.8615
loss: 0.0347, acc: 0.9931, test_acc: 0.8445, f1: 0.7640, test_loss: 1.8319
loss: 0.0001, acc: 0.9934, test_acc: 0.8445, f1: 0.7684, test_loss: 1.7569
loss: 0.0259, acc: 0.9938, test_acc: 0.8445, f1: 0.7687, test_loss: 1.7583
loss: 0.0546, acc: 0.9940, test_acc: 0.8418, f1: 0.7622, test_loss: 1.9375
loss: 0.0009, acc: 0.9943, test_acc: 0.8445, f1: 0.7651, test_loss: 1.9095
loss: 0.1291, acc: 0.9891, test_acc: 0.8472, f1: 0.7658, test_loss: 2.1557
loss: 0.0158, acc: 0.9896, test_acc: 0.8427, f1: 0.7546, test_loss: 2.2544
loss: 0.0003, acc: 0.9900, test_acc: 0.8472, f1: 0.7670, test_loss: 2.0959
loss: 0.0000, acc: 0.9904, test_acc: 0.8472, f1: 0.7704, test_loss: 1.9821
loss: 0.0019, acc: 0.9907, test_acc: 0.8391, f1: 0.7662, test_loss: 1.7084
loss: 0.0010, acc: 0.9911, test_acc: 0.8445, f1: 0.7701, test_loss: 1.8330
loss: 0.0009, acc: 0.9914, test_acc: 0.8534, f1: 0.7794, test_loss: 2.0976
loss: 0.0015, acc: 0.9917, test_acc: 0.8400, f1: 0.7556, test_loss: 2.1904
loss: 0.0174, acc: 0.9919, test_acc: 0.8356, f1: 0.7527, test_loss: 2.1253
loss: 0.0012, acc: 0.9922, test_acc: 0.8374, f1: 0.7564, test_loss: 2.0715
loss: 0.0009, acc: 0.9924, test_acc: 0.8400, f1: 0.7704, test_loss: 1.8812
loss: 0.0435, acc: 0.9926, test_acc: 0.8472, f1: 0.7786, test_loss: 1.8185
loss: 0.0017, acc: 0.9929, test_acc: 0.8374, f1: 0.7651, test_loss: 1.8146
loss: 0.0000, acc: 0.9931, test_acc: 0.8374, f1: 0.7654, test_loss: 1.8566
loss: 0.0001, acc: 0.9932, test_acc: 0.8329, f1: 0.7621, test_loss: 1.8068
loss: 0.0088, acc: 0.9934, test_acc: 0.8382, f1: 0.7677, test_loss: 1.8579
loss: 0.0533, acc: 0.9920, test_acc: 0.8391, f1: 0.7645, test_loss: 1.9973
loss: 0.0000, acc: 0.9922, test_acc: 0.8418, f1: 0.7646, test_loss: 2.1209
loss: 0.0000, acc: 0.9924, test_acc: 0.8436, f1: 0.7656, test_loss: 2.2489
loss: 0.0025, acc: 0.9926, test_acc: 0.8436, f1: 0.7621, test_loss: 2.4040
loss: 0.0011, acc: 0.9927, test_acc: 0.8409, f1: 0.7543, test_loss: 2.6439
loss: 0.0309, acc: 0.9929, test_acc: 0.8400, f1: 0.7518, test_loss: 2.8026
loss: 0.0000, acc: 0.9931, test_acc: 0.8454, f1: 0.7653, test_loss: 2.4260
Epoch 10 average loss: 0.0255
>>>>>>>>>>>>>>>>>>>>>>>>>>>>>>>>>>>>>>>>>>>>>>>>>>>>>>>>>>>>
epoch: 11
loss: 0.2138, acc: 0.9375, test_acc: 0.8445, f1: 0.7679, test_loss: 2.1688
loss: 0.0006, acc: 0.9688, test_acc: 0.8454, f1: 0.7710, test_loss: 2.1648
loss: 0.0032, acc: 0.9792, test_acc: 0.8472, f1: 0.7716, test_loss: 2.2700
loss: 0.0000, acc: 0.9844, test_acc: 0.8481, f1: 0.7694, test_loss: 2.4215
loss: 0.0002, acc: 0.9875, test_acc: 0.8463, f1: 0.7651, test_loss: 2.5101
loss: 0.0001, acc: 0.9896, test_acc: 0.8347, f1: 0.7553, test_loss: 2.1535
loss: 1.4318, acc: 0.9821, test_acc: 0.8284, f1: 0.7589, test_loss: 1.7133
loss: 0.0003, acc: 0.9844, test_acc: 0.8382, f1: 0.7762, test_loss: 1.6018
loss: 0.0001, acc: 0.9861, test_acc: 0.8356, f1: 0.7587, test_loss: 1.8809
loss: 0.0001, acc: 0.9875, test_acc: 0.8365, f1: 0.7590, test_loss: 2.0528
loss: 0.4292, acc: 0.9830, test_acc: 0.8409, f1: 0.7656, test_loss: 2.0624
loss: 0.0683, acc: 0.9792, test_acc: 0.8329, f1: 0.7645, test_loss: 1.7928
loss: 0.0005, acc: 0.9808, test_acc: 0.8320, f1: 0.7648, test_loss: 1.7406
loss: 0.0000, acc: 0.9821, test_acc: 0.8329, f1: 0.7665, test_loss: 1.7251
loss: 0.0376, acc: 0.9792, test_acc: 0.8347, f1: 0.7683, test_loss: 1.7604
loss: 0.0003, acc: 0.9805, test_acc: 0.8338, f1: 0.7676, test_loss: 1.8219
loss: 0.0001, acc: 0.9816, test_acc: 0.8347, f1: 0.7671, test_loss: 1.8588
loss: 0.0011, acc: 0.9826, test_acc: 0.8257, f1: 0.7595, test_loss: 1.6942
loss: 0.0169, acc: 0.9836, test_acc: 0.8204, f1: 0.7596, test_loss: 1.8364
loss: 0.0009, acc: 0.9844, test_acc: 0.8231, f1: 0.7510, test_loss: 1.8745
loss: 0.0061, acc: 0.9851, test_acc: 0.8311, f1: 0.7400, test_loss: 2.5291
loss: 0.6438, acc: 0.9830, test_acc: 0.8391, f1: 0.7546, test_loss: 2.2597
loss: 0.4635, acc: 0.9810, test_acc: 0.8132, f1: 0.7667, test_loss: 1.6251
loss: 0.0125, acc: 0.9818, test_acc: 0.8231, f1: 0.7750, test_loss: 1.4872
loss: 0.1285, acc: 0.9800, test_acc: 0.8365, f1: 0.7786, test_loss: 1.5499
loss: 0.1787, acc: 0.9784, test_acc: 0.8481, f1: 0.7755, test_loss: 1.8251
loss: 0.0041, acc: 0.9792, test_acc: 0.8418, f1: 0.7711, test_loss: 1.7536
loss: 0.0002, acc: 0.9799, test_acc: 0.8382, f1: 0.7648, test_loss: 1.8001
loss: 0.0009, acc: 0.9806, test_acc: 0.8382, f1: 0.7642, test_loss: 1.8079
loss: 0.0471, acc: 0.9792, test_acc: 0.8061, f1: 0.7558, test_loss: 1.5042
loss: 0.1755, acc: 0.9758, test_acc: 0.7748, f1: 0.7355, test_loss: 1.6540
loss: 0.7172, acc: 0.9746, test_acc: 0.8409, f1: 0.7736, test_loss: 1.6297
loss: 0.3167, acc: 0.9697, test_acc: 0.8311, f1: 0.7398, test_loss: 2.0492
loss: 0.0002, acc: 0.9706, test_acc: 0.8409, f1: 0.7544, test_loss: 2.0665
loss: 0.1099, acc: 0.9679, test_acc: 0.8418, f1: 0.7761, test_loss: 1.5176
loss: 0.0298, acc: 0.9688, test_acc: 0.8400, f1: 0.7780, test_loss: 1.4201
loss: 0.0136, acc: 0.9696, test_acc: 0.8400, f1: 0.7739, test_loss: 1.4758
loss: 0.0052, acc: 0.9704, test_acc: 0.8517, f1: 0.7863, test_loss: 1.5880
loss: 0.0022, acc: 0.9712, test_acc: 0.8490, f1: 0.7755, test_loss: 1.7360
loss: 0.0112, acc: 0.9719, test_acc: 0.8454, f1: 0.7656, test_loss: 1.9322
loss: 0.0533, acc: 0.9726, test_acc: 0.8499, f1: 0.7871, test_loss: 1.4639
loss: 0.0002, acc: 0.9732, test_acc: 0.8391, f1: 0.7764, test_loss: 1.4743
loss: 0.0047, acc: 0.9738, test_acc: 0.8534, f1: 0.7815, test_loss: 1.7152
loss: 0.0711, acc: 0.9744, test_acc: 0.8579, f1: 0.7955, test_loss: 1.4909
loss: 0.0024, acc: 0.9750, test_acc: 0.8534, f1: 0.7868, test_loss: 1.5281
Epoch 11 average loss: 0.0771
>>>>>>>>>>>>>>>>>>>>>>>>>>>>>>>>>>>>>>>>>>>>>>>>>>>>>>>>>>>>
epoch: 12
loss: 0.0203, acc: 1.0000, test_acc: 0.8427, f1: 0.7725, test_loss: 1.5742
loss: 0.0004, acc: 1.0000, test_acc: 0.8490, f1: 0.7833, test_loss: 1.6062
loss: 0.0008, acc: 1.0000, test_acc: 0.8472, f1: 0.7789, test_loss: 1.5739
loss: 0.0004, acc: 1.0000, test_acc: 0.8508, f1: 0.7827, test_loss: 1.5568
loss: 0.0070, acc: 1.0000, test_acc: 0.8463, f1: 0.7777, test_loss: 1.4968
loss: 0.0966, acc: 0.9896, test_acc: 0.8436, f1: 0.7819, test_loss: 1.3403
loss: 0.2147, acc: 0.9821, test_acc: 0.8275, f1: 0.7738, test_loss: 0.9821
loss: 0.0059, acc: 0.9844, test_acc: 0.8347, f1: 0.7751, test_loss: 1.3169
loss: 0.0137, acc: 0.9861, test_acc: 0.8463, f1: 0.7819, test_loss: 1.5028
loss: 0.0010, acc: 0.9875, test_acc: 0.8311, f1: 0.7325, test_loss: 2.1567
loss: 0.5857, acc: 0.9830, test_acc: 0.8436, f1: 0.7682, test_loss: 1.7421
loss: 0.0032, acc: 0.9844, test_acc: 0.8338, f1: 0.7673, test_loss: 1.5375
loss: 0.0002, acc: 0.9856, test_acc: 0.8204, f1: 0.7562, test_loss: 1.5456
loss: 0.5360, acc: 0.9777, test_acc: 0.8257, f1: 0.7583, test_loss: 1.5866
loss: 0.0009, acc: 0.9792, test_acc: 0.8409, f1: 0.7697, test_loss: 1.8839
loss: 0.1679, acc: 0.9766, test_acc: 0.8463, f1: 0.7698, test_loss: 1.9856
loss: 0.0008, acc: 0.9779, test_acc: 0.8436, f1: 0.7753, test_loss: 1.7000
loss: 0.1238, acc: 0.9722, test_acc: 0.8454, f1: 0.7786, test_loss: 1.6800
loss: 0.0001, acc: 0.9737, test_acc: 0.8525, f1: 0.7801, test_loss: 1.9391
loss: 0.0000, acc: 0.9750, test_acc: 0.8472, f1: 0.7627, test_loss: 2.3632
loss: 0.3888, acc: 0.9702, test_acc: 0.8499, f1: 0.7714, test_loss: 2.1570
loss: 0.2160, acc: 0.9659, test_acc: 0.8481, f1: 0.7888, test_loss: 1.6376
loss: 0.0029, acc: 0.9674, test_acc: 0.8472, f1: 0.7934, test_loss: 1.5181
loss: 0.0242, acc: 0.9688, test_acc: 0.8472, f1: 0.7900, test_loss: 1.6150
loss: 0.2115, acc: 0.9675, test_acc: 0.8525, f1: 0.7883, test_loss: 1.9797
loss: 0.0753, acc: 0.9688, test_acc: 0.8481, f1: 0.7697, test_loss: 2.4374
loss: 1.7474, acc: 0.9676, test_acc: 0.8543, f1: 0.7828, test_loss: 2.1091
loss: 0.0027, acc: 0.9688, test_acc: 0.8239, f1: 0.7710, test_loss: 1.4747
loss: 0.1811, acc: 0.9655, test_acc: 0.8168, f1: 0.7721, test_loss: 1.5296
loss: 0.0434, acc: 0.9646, test_acc: 0.8400, f1: 0.7744, test_loss: 1.8332
loss: 0.0001, acc: 0.9657, test_acc: 0.8391, f1: 0.7531, test_loss: 2.6099
loss: 0.0003, acc: 0.9668, test_acc: 0.8391, f1: 0.7441, test_loss: 3.2703
loss: 0.0005, acc: 0.9678, test_acc: 0.8374, f1: 0.7403, test_loss: 3.6619
loss: 0.0002, acc: 0.9688, test_acc: 0.8409, f1: 0.7721, test_loss: 2.1408
loss: 0.0582, acc: 0.9696, test_acc: 0.8347, f1: 0.7772, test_loss: 1.7973
loss: 0.0001, acc: 0.9705, test_acc: 0.8427, f1: 0.7800, test_loss: 1.9827
loss: 0.0037, acc: 0.9713, test_acc: 0.8517, f1: 0.7864, test_loss: 2.1055
loss: 0.0406, acc: 0.9720, test_acc: 0.8508, f1: 0.7844, test_loss: 2.1849
loss: 0.0102, acc: 0.9728, test_acc: 0.8472, f1: 0.7763, test_loss: 2.4130
loss: 0.0001, acc: 0.9734, test_acc: 0.8454, f1: 0.7847, test_loss: 1.9692
loss: 0.0009, acc: 0.9741, test_acc: 0.8418, f1: 0.7803, test_loss: 1.9856
loss: 0.0015, acc: 0.9747, test_acc: 0.8391, f1: 0.7757, test_loss: 2.0850
loss: 0.0005, acc: 0.9753, test_acc: 0.8445, f1: 0.7743, test_loss: 2.2911
loss: 0.0001, acc: 0.9759, test_acc: 0.8356, f1: 0.7481, test_loss: 2.7695
loss: 0.0142, acc: 0.9764, test_acc: 0.8347, f1: 0.7350, test_loss: 3.2596
Epoch 12 average loss: 0.0719
>>>>>>>>>>>>>>>>>>>>>>>>>>>>>>>>>>>>>>>>>>>>>>>>>>>>>>>>>>>>
epoch: 13
loss: 0.0005, acc: 1.0000, test_acc: 0.8329, f1: 0.7357, test_loss: 3.2541
loss: 0.0003, acc: 1.0000, test_acc: 0.8374, f1: 0.7575, test_loss: 2.7161
loss: 0.0005, acc: 1.0000, test_acc: 0.8293, f1: 0.7511, test_loss: 2.3776
loss: 0.0112, acc: 1.0000, test_acc: 0.8338, f1: 0.7635, test_loss: 2.1742
loss: 0.0003, acc: 1.0000, test_acc: 0.8284, f1: 0.7577, test_loss: 2.0856
loss: 0.0006, acc: 1.0000, test_acc: 0.8266, f1: 0.7552, test_loss: 2.0612
loss: 0.0004, acc: 1.0000, test_acc: 0.8257, f1: 0.7529, test_loss: 2.1332
loss: 0.0024, acc: 1.0000, test_acc: 0.8302, f1: 0.7562, test_loss: 2.3132
loss: 0.0011, acc: 1.0000, test_acc: 0.8302, f1: 0.7471, test_loss: 2.6150
loss: 0.0000, acc: 1.0000, test_acc: 0.8293, f1: 0.7402, test_loss: 2.9385
loss: 0.0221, acc: 1.0000, test_acc: 0.8266, f1: 0.7329, test_loss: 3.2691
loss: 0.0011, acc: 1.0000, test_acc: 0.8311, f1: 0.7386, test_loss: 3.1373
loss: 0.0000, acc: 1.0000, test_acc: 0.8347, f1: 0.7431, test_loss: 3.0082
loss: 0.0075, acc: 1.0000, test_acc: 0.8347, f1: 0.7447, test_loss: 2.9006
loss: 0.0001, acc: 1.0000, test_acc: 0.8347, f1: 0.7482, test_loss: 2.6719
loss: 0.0000, acc: 1.0000, test_acc: 0.8356, f1: 0.7574, test_loss: 2.4550
loss: 0.0261, acc: 0.9963, test_acc: 0.8338, f1: 0.7572, test_loss: 2.3827
loss: 0.0000, acc: 0.9965, test_acc: 0.8382, f1: 0.7616, test_loss: 2.4049
loss: 0.0001, acc: 0.9967, test_acc: 0.8391, f1: 0.7624, test_loss: 2.4230
loss: 0.0000, acc: 0.9969, test_acc: 0.8391, f1: 0.7617, test_loss: 2.4350
loss: 0.0005, acc: 0.9970, test_acc: 0.8382, f1: 0.7600, test_loss: 2.4878
loss: 0.0000, acc: 0.9972, test_acc: 0.8391, f1: 0.7619, test_loss: 2.5056
loss: 0.0000, acc: 0.9973, test_acc: 0.8391, f1: 0.7615, test_loss: 2.4691
loss: 0.0001, acc: 0.9974, test_acc: 0.8382, f1: 0.7611, test_loss: 2.4652
loss: 0.0000, acc: 0.9975, test_acc: 0.8382, f1: 0.7567, test_loss: 2.6936
loss: 0.0002, acc: 0.9976, test_acc: 0.8427, f1: 0.7687, test_loss: 2.2895
loss: 0.0000, acc: 0.9977, test_acc: 0.8391, f1: 0.7671, test_loss: 2.0542
loss: 0.4952, acc: 0.9955, test_acc: 0.8409, f1: 0.7796, test_loss: 1.7133
loss: 0.0003, acc: 0.9957, test_acc: 0.8088, f1: 0.7670, test_loss: 1.4242
loss: 0.0050, acc: 0.9958, test_acc: 0.8517, f1: 0.8003, test_loss: 1.3758
loss: 0.0089, acc: 0.9960, test_acc: 0.8597, f1: 0.7968, test_loss: 1.9659
loss: 0.0737, acc: 0.9961, test_acc: 0.8570, f1: 0.7882, test_loss: 2.1249
loss: 0.0148, acc: 0.9962, test_acc: 0.8660, f1: 0.8154, test_loss: 1.4779
loss: 0.0000, acc: 0.9963, test_acc: 0.8517, f1: 0.8064, test_loss: 1.3425
loss: 0.0359, acc: 0.9946, test_acc: 0.8579, f1: 0.8114, test_loss: 1.3225
loss: 0.1291, acc: 0.9931, test_acc: 0.8570, f1: 0.8042, test_loss: 1.3684
loss: 0.2368, acc: 0.9916, test_acc: 0.8508, f1: 0.7941, test_loss: 1.6096
loss: 0.0000, acc: 0.9918, test_acc: 0.8517, f1: 0.7886, test_loss: 1.9369
loss: 0.0892, acc: 0.9904, test_acc: 0.8517, f1: 0.7859, test_loss: 2.1128
loss: 0.0783, acc: 0.9891, test_acc: 0.8436, f1: 0.7878, test_loss: 1.4388
loss: 0.0042, acc: 0.9893, test_acc: 0.8472, f1: 0.7830, test_loss: 1.6454
loss: 0.0001, acc: 0.9896, test_acc: 0.8347, f1: 0.7484, test_loss: 2.2069
loss: 0.0001, acc: 0.9898, test_acc: 0.8445, f1: 0.7654, test_loss: 2.3338
loss: 0.0125, acc: 0.9901, test_acc: 0.8374, f1: 0.7623, test_loss: 2.0568
loss: 0.0323, acc: 0.9889, test_acc: 0.8409, f1: 0.7800, test_loss: 1.6124
Epoch 13 average loss: 0.0598
>>>>>>>>>>>>>>>>>>>>>>>>>>>>>>>>>>>>>>>>>>>>>>>>>>>>>>>>>>>>
epoch: 14
loss: 0.0588, acc: 0.9375, test_acc: 0.8347, f1: 0.7715, test_loss: 1.7053
loss: 0.0004, acc: 0.9688, test_acc: 0.8382, f1: 0.7715, test_loss: 1.8347
loss: 0.0000, acc: 0.9792, test_acc: 0.8427, f1: 0.7643, test_loss: 2.0440
loss: 0.0022, acc: 0.9844, test_acc: 0.8391, f1: 0.7514, test_loss: 2.3494
loss: 0.0018, acc: 0.9875, test_acc: 0.8391, f1: 0.7732, test_loss: 1.6099
loss: 0.0041, acc: 0.9896, test_acc: 0.8266, f1: 0.7700, test_loss: 1.3771
loss: 0.2695, acc: 0.9732, test_acc: 0.8356, f1: 0.7714, test_loss: 1.6010
loss: 0.0003, acc: 0.9766, test_acc: 0.8391, f1: 0.7560, test_loss: 2.3604
loss: 0.0006, acc: 0.9792, test_acc: 0.8338, f1: 0.7600, test_loss: 1.9742
loss: 0.2153, acc: 0.9750, test_acc: 0.8302, f1: 0.7612, test_loss: 1.8348
loss: 0.2951, acc: 0.9716, test_acc: 0.8302, f1: 0.7566, test_loss: 1.9332
loss: 0.2241, acc: 0.9688, test_acc: 0.8320, f1: 0.7545, test_loss: 2.0632
loss: 0.0006, acc: 0.9712, test_acc: 0.8311, f1: 0.7534, test_loss: 2.1549
loss: 0.0005, acc: 0.9732, test_acc: 0.8266, f1: 0.7453, test_loss: 2.1698
loss: 0.0367, acc: 0.9708, test_acc: 0.8320, f1: 0.7650, test_loss: 1.5529
loss: 0.0015, acc: 0.9727, test_acc: 0.8311, f1: 0.7741, test_loss: 1.4037
loss: 0.1213, acc: 0.9706, test_acc: 0.8302, f1: 0.7745, test_loss: 1.3709
loss: 0.0465, acc: 0.9688, test_acc: 0.8329, f1: 0.7668, test_loss: 1.4900
loss: 0.0003, acc: 0.9704, test_acc: 0.8409, f1: 0.7637, test_loss: 1.8528
loss: 0.0009, acc: 0.9719, test_acc: 0.8391, f1: 0.7545, test_loss: 2.1291
loss: 0.0072, acc: 0.9732, test_acc: 0.8400, f1: 0.7549, test_loss: 2.1554
loss: 0.0114, acc: 0.9744, test_acc: 0.8382, f1: 0.7502, test_loss: 2.1913
loss: 0.0529, acc: 0.9755, test_acc: 0.8347, f1: 0.7400, test_loss: 2.1981
loss: 0.0336, acc: 0.9766, test_acc: 0.8436, f1: 0.7613, test_loss: 2.0089
loss: 0.0002, acc: 0.9775, test_acc: 0.8400, f1: 0.7689, test_loss: 1.7144
loss: 0.0048, acc: 0.9784, test_acc: 0.8382, f1: 0.7675, test_loss: 1.6870
loss: 0.0029, acc: 0.9792, test_acc: 0.8427, f1: 0.7734, test_loss: 1.7377
loss: 0.0003, acc: 0.9799, test_acc: 0.8409, f1: 0.7697, test_loss: 1.7562
loss: 0.1265, acc: 0.9784, test_acc: 0.8436, f1: 0.7738, test_loss: 1.7244
loss: 0.0002, acc: 0.9792, test_acc: 0.8481, f1: 0.7818, test_loss: 1.6693
loss: 0.0004, acc: 0.9798, test_acc: 0.8463, f1: 0.7795, test_loss: 1.6534
loss: 0.0001, acc: 0.9805, test_acc: 0.8463, f1: 0.7821, test_loss: 1.5704
loss: 0.0065, acc: 0.9811, test_acc: 0.8427, f1: 0.7790, test_loss: 1.5491
loss: 0.0053, acc: 0.9816, test_acc: 0.8445, f1: 0.7778, test_loss: 1.6486
loss: 0.0010, acc: 0.9821, test_acc: 0.8427, f1: 0.7681, test_loss: 1.8550
loss: 0.0173, acc: 0.9826, test_acc: 0.8338, f1: 0.7692, test_loss: 1.5217
loss: 0.2281, acc: 0.9814, test_acc: 0.8329, f1: 0.7742, test_loss: 1.4648
loss: 0.0005, acc: 0.9819, test_acc: 0.8490, f1: 0.7886, test_loss: 1.5113
loss: 0.0342, acc: 0.9824, test_acc: 0.8382, f1: 0.7692, test_loss: 1.6834
loss: 0.0001, acc: 0.9828, test_acc: 0.8382, f1: 0.7643, test_loss: 1.9032
loss: 0.0143, acc: 0.9832, test_acc: 0.8391, f1: 0.7620, test_loss: 2.0465
loss: 0.1618, acc: 0.9821, test_acc: 0.8445, f1: 0.7746, test_loss: 1.7136
loss: 0.0011, acc: 0.9826, test_acc: 0.8382, f1: 0.7721, test_loss: 1.5274
loss: 0.0332, acc: 0.9815, test_acc: 0.8391, f1: 0.7722, test_loss: 1.6559
loss: 0.0001, acc: 0.9819, test_acc: 0.8472, f1: 0.7778, test_loss: 1.9230
loss: 0.0000, acc: 0.9821, test_acc: 0.8517, f1: 0.7785, test_loss: 2.1832
Epoch 14 average loss: 0.0641
Loss plot saved to ./loss_plots/ce2t_loss_plot_20241112_1449.png
max_test_acc: 0.8659517426273459, max_f1: 0.8154457848322115
>> saved: ./state_dict/ce_restaurant_acc_0.8660_f1_0.8087
############################################################
max_test_acc_overall:0.8659517426273459
max_f1_overall:0.8154457848322115
Precision, Recall and F1-Score...
              precision    recall  f1-score   support

           0     0.9178    0.9367    0.9272       727
           1     0.8563    0.7296    0.7879       196
           2     0.6810    0.7296    0.7044       196

    accuracy                         0.8642      1119
   macro avg     0.8183    0.7986    0.8065      1119
weighted avg     0.8655    0.8642    0.8638      1119

Confusion Matrix...
[[681  10  36]
 [ 22 143  31]
 [ 39  14 143]]
